#
# A fatal error has been detected by the Java Runtime Environment:
#
#  SIGSEGV (0xb) at pc=0x00007f2aa74ad9c4, pid=5831, tid=5899
#
# JRE version: OpenJDK Runtime Environment (10.0.2+13) (build 10.0.2+13)
# Java VM: OpenJDK 64-Bit Server VM (10.0.2+13, mixed mode, tiered, compressed oops, g1 gc, linux-amd64)
# Problematic frame:
# C  [liblwjgl.so+0x2f9c4]
#
# Core dump will be written. Default location: Core dumps may be processed with "/usr/share/apport/apport %p %s %c %d %P" (or dumping to /home/aurailus/IdeaProjects/Zeus/core.5831)
#
# If you would like to submit a bug report, please visit:
#   http://bugreport.java.com/bugreport/crash.jsp
# The crash happened outside the Java Virtual Machine in native code.
# See problematic frame for where to report the bug.
#

---------------  S U M M A R Y ------------

Command Line: -javaagent:/opt/user-applications/idea/lib/idea_rt.jar=45739:/opt/user-applications/idea/bin -Dfile.encoding=UTF-8 Zeus.game.Main

Host: Intel(R) Core(TM) i7-4770 CPU @ 3.40GHz, 8 cores, 15G, Ubuntu 16.04.4 LTS
Time: Sat Jul 28 15:23:42 2018 PDT elapsed time: 1 seconds (0d 0h 0m 1s)

---------------  T H R E A D  ---------------

Current thread (0x00007f2b488eb000):  JavaThread "GameLoopThread" [_thread_in_native, id=5899, stack(0x00007f2aa76d4000,0x00007f2aa77d5000)]

Stack: [0x00007f2aa76d4000,0x00007f2aa77d5000],  sp=0x00007f2aa77d35e0,  free space=1021k
Native frames: (J=compiled Java code, A=aot compiled Java code, j=interpreted, Vv=VM code, C=native code)
C  [liblwjgl.so+0x2f9c4]
j  Zeus.engine.graphics.Mesh.<init>([F[F[F[I)V+89
j  Zeus.engine.OBJLoader.reorderLists(Ljava/util/List;Ljava/util/List;Ljava/util/List;Ljava/util/List;)LZeus/engine/graphics/Mesh;+256
j  Zeus.engine.OBJLoader.loadMesh(Ljava/lang/String;)LZeus/engine/graphics/Mesh;+391
j  Zeus.game.objects.SkyBox.<init>(Ljava/lang/String;Ljava/lang/String;)V+5
j  Zeus.game.ZeusGame.init(LZeus/engine/Window;)V+48
j  Zeus.engine.GameEngine.init()V+33
j  Zeus.engine.GameEngine.run()V+1
j  java.lang.Thread.run()V+11 java.base@10.0.2
v  ~StubRoutines::call_stub
V  [libjvm.so+0x871532]  JavaCalls::call_helper(JavaValue*, methodHandle const&, JavaCallArguments*, Thread*)+0x412
V  [libjvm.so+0x86fa50]  JavaCalls::call_virtual(JavaValue*, Handle, Klass*, Symbol*, Symbol*, Thread*)+0x1d0
V  [libjvm.so+0x8b845a]  thread_entry(JavaThread*, Thread*)+0x8a
V  [libjvm.so+0xcd9ac8]  JavaThread::thread_main_inner()+0x108
V  [libjvm.so+0xb5a732]  thread_native_entry(Thread*)+0xf2
C  [libpthread.so.0+0x76ba]  start_thread+0xca

Java frames: (J=compiled Java code, j=interpreted, Vv=VM code)
j  org.lwjgl.opengles.GLES20.glBindBuffer(II)V+0
j  Zeus.engine.graphics.Mesh.<init>([F[F[F[I)V+89
j  Zeus.engine.OBJLoader.reorderLists(Ljava/util/List;Ljava/util/List;Ljava/util/List;Ljava/util/List;)LZeus/engine/graphics/Mesh;+256
j  Zeus.engine.OBJLoader.loadMesh(Ljava/lang/String;)LZeus/engine/graphics/Mesh;+391
j  Zeus.game.objects.SkyBox.<init>(Ljava/lang/String;Ljava/lang/String;)V+5
j  Zeus.game.ZeusGame.init(LZeus/engine/Window;)V+48
j  Zeus.engine.GameEngine.init()V+33
j  Zeus.engine.GameEngine.run()V+1
j  java.lang.Thread.run()V+11 java.base@10.0.2
v  ~StubRoutines::call_stub

siginfo: si_signo: 11 (SIGSEGV), si_code: 1 (SEGV_MAPERR), si_addr: 0x0000000000000000

Register to memory mapping:

RAX=0x00000000000000a5 is an unknown value
RBX={method} {0x00007f2a95a0e7a8} 'glBindBuffer' '(II)V' in 'org/lwjgl/opengles/GLES20'
RCX=0x00007f2b4e3cd2dd: __write+0x000000000000002d in /lib/x86_64-linux-gnu/libc.so.6 at 0x00007f2b4e2d6000
RDX=0x00007f2b4e69c770: <offset 0x00000000003c6770> in /lib/x86_64-linux-gnu/libc.so.6 at 0x00007f2b4e2d6000
RSP=0x00007f2aa77d35e0 is pointing into the stack for thread: 0x00007f2b488eb000
RBP=0x00007f2aa77d3648 is pointing into the stack for thread: 0x00007f2b488eb000
RSI=0x00007f2aa74bd400: <offset 0x000000000003f400> in /tmp/lwjglaurailus/3.1.6-build-14/liblwjgl.so at 0x00007f2aa747e000
RDI=0x0000000000000000 is an unknown value
R8 =0x00000000000000a5 is an unknown value
R9 =0x00007f2b4e69b540: _IO_2_1_stderr_+0x0000000000000000 in /lib/x86_64-linux-gnu/libc.so.6 at 0x00007f2b4e2d6000
R10=0x0000000000000001 is an unknown value
R11=0x0000000000000000 is an unknown value
R12=0x0000000000000000 is an unknown value
R13=0x00007f2a95a0e7a0 is pointing into metadata
R14=0x00007f2aa77d3670 is pointing into the stack for thread: 0x00007f2b488eb000
R15=0x00007f2b488eb000 is a thread


Registers:
RAX=0x00000000000000a5, RBX=0x00007f2a95a0e7a8, RCX=0x00007f2b4e3cd2dd, RDX=0x00007f2b4e69c770
RSP=0x00007f2aa77d35e0, RBP=0x00007f2aa77d3648, RSI=0x00007f2aa74bd400, RDI=0x0000000000000000
R8 =0x00000000000000a5, R9 =0x00007f2b4e69b540, R10=0x0000000000000001, R11=0x0000000000000000
R12=0x0000000000000000, R13=0x00007f2a95a0e7a0, R14=0x00007f2aa77d3670, R15=0x00007f2b488eb000
RIP=0x00007f2aa74ad9c4, EFLAGS=0x0000000000010246, CSGSFS=0x002b000000000033, ERR=0x0000000000000004
  TRAPNO=0x000000000000000e

Top of Stack: (sp=0x00007f2aa77d35e0)
0x00007f2aa77d35e0:   00007f2aa77d3648 00007f2b2f0ca850
0x00007f2aa77d35f0:   00007f2aa77d3660 00007f2b2f0ca556
0x00007f2aa77d3600:   00007f2aa77d3600 00007f2a95a0e7a0
0x00007f2aa77d3610:   00007f2aa77d3670 00007f2a95a23260 

Instructions: (pc=0x00007f2aa74ad9c4)
0x00007f2aa74ad9a4:   48 8b 05 4d 56 22 00 48 8d 3d a6 fa 00 00 ba a5
0x00007f2aa74ad9b4:   00 00 00 be 01 00 00 00 48 8b 08 e8 6c 0a ff ff
0x00007f2aa74ad9c4:   8b 04 25 00 00 00 00 0f 0b 0f 1f 00 48 89 d7 e9
0x00007f2aa74ad9d4:   38 02 ff ff 0f 1f 84 00 00 00 00 00 48 89 ce 48 


---------------  P R O C E S S  ---------------

Threads class SMR info:
_java_thread_list=0x00007f2b482c2070, length=13, elements={
0x00007f2b48209000, 0x00007f2b4820b000, 0x00007f2b48214800, 0x00007f2b4821f000,
0x00007f2b48221000, 0x00007f2b48223000, 0x00007f2b48224800, 0x00007f2b48226800,
0x00007f2b482d5800, 0x00007f2b48570800, 0x00007f2b48572800, 0x00007f2b488eb000,
0x00007f2b48013800
}

Java Threads: ( => current thread )
  0x00007f2b48209000 JavaThread "Reference Handler" daemon [_thread_blocked, id=5876, stack(0x00007f2af4bf4000,0x00007f2af4cf5000)]
  0x00007f2b4820b000 JavaThread "Finalizer" daemon [_thread_blocked, id=5877, stack(0x00007f2af4af3000,0x00007f2af4bf4000)]
  0x00007f2b48214800 JavaThread "Signal Dispatcher" daemon [_thread_blocked, id=5883, stack(0x00007f2af471a000,0x00007f2af481b000)]
  0x00007f2b4821f000 JavaThread "C2 CompilerThread0" daemon [_thread_blocked, id=5884, stack(0x00007f2af4619000,0x00007f2af471a000)]
  0x00007f2b48221000 JavaThread "C2 CompilerThread1" daemon [_thread_blocked, id=5885, stack(0x00007f2af4518000,0x00007f2af4619000)]
  0x00007f2b48223000 JavaThread "C2 CompilerThread2" daemon [_thread_blocked, id=5886, stack(0x00007f2af4417000,0x00007f2af4518000)]
  0x00007f2b48224800 JavaThread "C1 CompilerThread3" daemon [_thread_blocked, id=5887, stack(0x00007f2af4316000,0x00007f2af4417000)]
  0x00007f2b48226800 JavaThread "Sweeper thread" daemon [_thread_blocked, id=5888, stack(0x00007f2af4215000,0x00007f2af4316000)]
  0x00007f2b482d5800 JavaThread "Common-Cleaner" daemon [_thread_blocked, id=5895, stack(0x00007f2af4114000,0x00007f2af4215000)]
  0x00007f2b48570800 JavaThread "Monitor Ctrl-Break" daemon [_thread_in_native, id=5896, stack(0x00007f2af4013000,0x00007f2af4114000)]
  0x00007f2b48572800 JavaThread "Service Thread" daemon [_thread_blocked, id=5897, stack(0x00007f2aa7ad7000,0x00007f2aa7bd8000)]
=>0x00007f2b488eb000 JavaThread "GameLoopThread" [_thread_in_native, id=5899, stack(0x00007f2aa76d4000,0x00007f2aa77d5000)]
  0x00007f2b48013800 JavaThread "DestroyJavaVM" [_thread_blocked, id=5837, stack(0x00007f2b4efd8000,0x00007f2b4f0d9000)]

Other Threads:
  0x00007f2b481ff800 VMThread "VM Thread" [stack: 0x00007f2af4cf6000,0x00007f2af4df6000] [id=5874]
  0x00007f2b48576800 WatcherThread [stack: 0x00007f2aa79d7000,0x00007f2aa7ad7000] [id=5898]
  0x00007f2b4802a000 GCTaskThread "GC Thread#0" [stack: 0x00007f2b2efbb000,0x00007f2b2f0bb000] [id=5838]
  0x00007f2b4802b000 GCTaskThread "GC Thread#1" [stack: 0x00007f2b2eeba000,0x00007f2b2efba000] [id=5839]
  0x00007f2b4802d000 GCTaskThread "GC Thread#2" [stack: 0x00007f2b2edb9000,0x00007f2b2eeb9000] [id=5840]
  0x00007f2b4802e800 GCTaskThread "GC Thread#3" [stack: 0x00007f2b2ecb8000,0x00007f2b2edb8000] [id=5841]
  0x00007f2b48030800 GCTaskThread "GC Thread#4" [stack: 0x00007f2b2ebb7000,0x00007f2b2ecb7000] [id=5842]
  0x00007f2b48032000 GCTaskThread "GC Thread#5" [stack: 0x00007f2b2eab6000,0x00007f2b2ebb6000] [id=5843]
  0x00007f2b48034000 GCTaskThread "GC Thread#6" [stack: 0x00007f2b2e9b5000,0x00007f2b2eab5000] [id=5844]
  0x00007f2b48035800 GCTaskThread "GC Thread#7" [stack: 0x00007f2b2e8b4000,0x00007f2b2e9b4000] [id=5845]
  0x00007f2b48084000 ConcurrentGCThread "G1 Main Marker" [stack: 0x00007f2b2c750000,0x00007f2b2c850000] [id=5846]
  0x00007f2b48086000 ConcurrentGCThread "G1 Conc#0" [stack: 0x00007f2b2c64f000,0x00007f2b2c74f000] [id=5847]
  0x00007f2b48087800 ConcurrentGCThread "G1 Conc#1" [stack: 0x00007f2b2c54e000,0x00007f2b2c64e000] [id=5848]
  0x00007f2b48167000 ConcurrentGCThread "G1 Refine#0" [stack: 0x00007f2af5dff000,0x00007f2af5eff000] [id=5850]
  0x00007f2b48168800 ConcurrentGCThread "G1 Refine#1" [stack: 0x00007f2af5cfe000,0x00007f2af5dfe000] [id=5852]
  0x00007f2b4816a800 ConcurrentGCThread "G1 Refine#2" [stack: 0x00007f2af5bfd000,0x00007f2af5cfd000] [id=5854]
  0x00007f2b4816c000 ConcurrentGCThread "G1 Refine#3" [stack: 0x00007f2af5afc000,0x00007f2af5bfc000] [id=5855]
  0x00007f2b4816e000 ConcurrentGCThread "G1 Refine#4" [stack: 0x00007f2af59fb000,0x00007f2af5afb000] [id=5856]
  0x00007f2b4816f800 ConcurrentGCThread "G1 Refine#5" [stack: 0x00007f2af58fa000,0x00007f2af59fa000] [id=5858]
  0x00007f2b48171800 ConcurrentGCThread "G1 Refine#6" [stack: 0x00007f2af57f9000,0x00007f2af58f9000] [id=5862]
  0x00007f2b48173000 ConcurrentGCThread "G1 Refine#7" [stack: 0x00007f2af56f8000,0x00007f2af57f8000] [id=5863]
  0x00007f2b48175000 ConcurrentGCThread "G1 Young RemSet Sampling" [stack: 0x00007f2af55f7000,0x00007f2af56f7000] [id=5864]

Threads with active compile tasks:

VM state:not at safepoint (normal execution)

VM Mutex/Monitor currently owned by a thread: None

Heap address: 0x00000006c6a00000, size: 3990 MB, Compressed Oops mode: Zero based, Oop shift amount: 3
Narrow klass base: 0x0000000000000000, Narrow klass shift: 3
Compressed class space size: 1073741824 Address: 0x00000007c0000000

Heap:
 garbage-first heap   total 256000K, used 22528K [0x00000006c6a00000, 0x00000007c0000000)
  region size 1024K, 23 young (23552K), 0 survivors (0K)
 Metaspace       used 13465K, capacity 13670K, committed 13952K, reserved 1062912K
  class space    used 985K, capacity 1059K, committed 1152K, reserved 1048576K
Heap Regions: E=young(eden), S=young(survivor), O=old, HS=humongous(starts), HC=humongous(continues), CS=collection set, F=free, A=archive, TS=gc time stamp, AC=allocation context, TAMS=top-at-mark-start (previous, next)
|   0|0x00000006c6a00000, 0x00000006c6a00000, 0x00000006c6b00000|  0%| F|  |TS  0|AC  0|TAMS 0x00000006c6a00000, 0x00000006c6a00000|
|   1|0x00000006c6b00000, 0x00000006c6b00000, 0x00000006c6c00000|  0%| F|  |TS  0|AC  0|TAMS 0x00000006c6b00000, 0x00000006c6b00000|
|   2|0x00000006c6c00000, 0x00000006c6c00000, 0x00000006c6d00000|  0%| F|  |TS  0|AC  0|TAMS 0x00000006c6c00000, 0x00000006c6c00000|
|   3|0x00000006c6d00000, 0x00000006c6d00000, 0x00000006c6e00000|  0%| F|  |TS  0|AC  0|TAMS 0x00000006c6d00000, 0x00000006c6d00000|
|   4|0x00000006c6e00000, 0x00000006c6e00000, 0x00000006c6f00000|  0%| F|  |TS  0|AC  0|TAMS 0x00000006c6e00000, 0x00000006c6e00000|
|   5|0x00000006c6f00000, 0x00000006c6f00000, 0x00000006c7000000|  0%| F|  |TS  0|AC  0|TAMS 0x00000006c6f00000, 0x00000006c6f00000|
|   6|0x00000006c7000000, 0x00000006c7000000, 0x00000006c7100000|  0%| F|  |TS  0|AC  0|TAMS 0x00000006c7000000, 0x00000006c7000000|
|   7|0x00000006c7100000, 0x00000006c7100000, 0x00000006c7200000|  0%| F|  |TS  0|AC  0|TAMS 0x00000006c7100000, 0x00000006c7100000|
|   8|0x00000006c7200000, 0x00000006c7200000, 0x00000006c7300000|  0%| F|  |TS  0|AC  0|TAMS 0x00000006c7200000, 0x00000006c7200000|
|   9|0x00000006c7300000, 0x00000006c7300000, 0x00000006c7400000|  0%| F|  |TS  0|AC  0|TAMS 0x00000006c7300000, 0x00000006c7300000|
|  10|0x00000006c7400000, 0x00000006c7400000, 0x00000006c7500000|  0%| F|  |TS  0|AC  0|TAMS 0x00000006c7400000, 0x00000006c7400000|
|  11|0x00000006c7500000, 0x00000006c7500000, 0x00000006c7600000|  0%| F|  |TS  0|AC  0|TAMS 0x00000006c7500000, 0x00000006c7500000|
|  12|0x00000006c7600000, 0x00000006c7600000, 0x00000006c7700000|  0%| F|  |TS  0|AC  0|TAMS 0x00000006c7600000, 0x00000006c7600000|
|  13|0x00000006c7700000, 0x00000006c7700000, 0x00000006c7800000|  0%| F|  |TS  0|AC  0|TAMS 0x00000006c7700000, 0x00000006c7700000|
|  14|0x00000006c7800000, 0x00000006c7800000, 0x00000006c7900000|  0%| F|  |TS  0|AC  0|TAMS 0x00000006c7800000, 0x00000006c7800000|
|  15|0x00000006c7900000, 0x00000006c7900000, 0x00000006c7a00000|  0%| F|  |TS  0|AC  0|TAMS 0x00000006c7900000, 0x00000006c7900000|
|  16|0x00000006c7a00000, 0x00000006c7a00000, 0x00000006c7b00000|  0%| F|  |TS  0|AC  0|TAMS 0x00000006c7a00000, 0x00000006c7a00000|
|  17|0x00000006c7b00000, 0x00000006c7b00000, 0x00000006c7c00000|  0%| F|  |TS  0|AC  0|TAMS 0x00000006c7b00000, 0x00000006c7b00000|
|  18|0x00000006c7c00000, 0x00000006c7c00000, 0x00000006c7d00000|  0%| F|  |TS  0|AC  0|TAMS 0x00000006c7c00000, 0x00000006c7c00000|
|  19|0x00000006c7d00000, 0x00000006c7d00000, 0x00000006c7e00000|  0%| F|  |TS  0|AC  0|TAMS 0x00000006c7d00000, 0x00000006c7d00000|
|  20|0x00000006c7e00000, 0x00000006c7e00000, 0x00000006c7f00000|  0%| F|  |TS  0|AC  0|TAMS 0x00000006c7e00000, 0x00000006c7e00000|
|  21|0x00000006c7f00000, 0x00000006c7f00000, 0x00000006c8000000|  0%| F|  |TS  0|AC  0|TAMS 0x00000006c7f00000, 0x00000006c7f00000|
|  22|0x00000006c8000000, 0x00000006c8000000, 0x00000006c8100000|  0%| F|  |TS  0|AC  0|TAMS 0x00000006c8000000, 0x00000006c8000000|
|  23|0x00000006c8100000, 0x00000006c8100000, 0x00000006c8200000|  0%| F|  |TS  0|AC  0|TAMS 0x00000006c8100000, 0x00000006c8100000|
|  24|0x00000006c8200000, 0x00000006c8200000, 0x00000006c8300000|  0%| F|  |TS  0|AC  0|TAMS 0x00000006c8200000, 0x00000006c8200000|
|  25|0x00000006c8300000, 0x00000006c8300000, 0x00000006c8400000|  0%| F|  |TS  0|AC  0|TAMS 0x00000006c8300000, 0x00000006c8300000|
|  26|0x00000006c8400000, 0x00000006c8400000, 0x00000006c8500000|  0%| F|  |TS  0|AC  0|TAMS 0x00000006c8400000, 0x00000006c8400000|
|  27|0x00000006c8500000, 0x00000006c8500000, 0x00000006c8600000|  0%| F|  |TS  0|AC  0|TAMS 0x00000006c8500000, 0x00000006c8500000|
|  28|0x00000006c8600000, 0x00000006c8600000, 0x00000006c8700000|  0%| F|  |TS  0|AC  0|TAMS 0x00000006c8600000, 0x00000006c8600000|
|  29|0x00000006c8700000, 0x00000006c8700000, 0x00000006c8800000|  0%| F|  |TS  0|AC  0|TAMS 0x00000006c8700000, 0x00000006c8700000|
|  30|0x00000006c8800000, 0x00000006c8800000, 0x00000006c8900000|  0%| F|  |TS  0|AC  0|TAMS 0x00000006c8800000, 0x00000006c8800000|
|  31|0x00000006c8900000, 0x00000006c8900000, 0x00000006c8a00000|  0%| F|  |TS  0|AC  0|TAMS 0x00000006c8900000, 0x00000006c8900000|
|  32|0x00000006c8a00000, 0x00000006c8a00000, 0x00000006c8b00000|  0%| F|  |TS  0|AC  0|TAMS 0x00000006c8a00000, 0x00000006c8a00000|
|  33|0x00000006c8b00000, 0x00000006c8b00000, 0x00000006c8c00000|  0%| F|  |TS  0|AC  0|TAMS 0x00000006c8b00000, 0x00000006c8b00000|
|  34|0x00000006c8c00000, 0x00000006c8c00000, 0x00000006c8d00000|  0%| F|  |TS  0|AC  0|TAMS 0x00000006c8c00000, 0x00000006c8c00000|
|  35|0x00000006c8d00000, 0x00000006c8d00000, 0x00000006c8e00000|  0%| F|  |TS  0|AC  0|TAMS 0x00000006c8d00000, 0x00000006c8d00000|
|  36|0x00000006c8e00000, 0x00000006c8e00000, 0x00000006c8f00000|  0%| F|  |TS  0|AC  0|TAMS 0x00000006c8e00000, 0x00000006c8e00000|
|  37|0x00000006c8f00000, 0x00000006c8f00000, 0x00000006c9000000|  0%| F|  |TS  0|AC  0|TAMS 0x00000006c8f00000, 0x00000006c8f00000|
|  38|0x00000006c9000000, 0x00000006c9000000, 0x00000006c9100000|  0%| F|  |TS  0|AC  0|TAMS 0x00000006c9000000, 0x00000006c9000000|
|  39|0x00000006c9100000, 0x00000006c9100000, 0x00000006c9200000|  0%| F|  |TS  0|AC  0|TAMS 0x00000006c9100000, 0x00000006c9100000|
|  40|0x00000006c9200000, 0x00000006c9200000, 0x00000006c9300000|  0%| F|  |TS  0|AC  0|TAMS 0x00000006c9200000, 0x00000006c9200000|
|  41|0x00000006c9300000, 0x00000006c9300000, 0x00000006c9400000|  0%| F|  |TS  0|AC  0|TAMS 0x00000006c9300000, 0x00000006c9300000|
|  42|0x00000006c9400000, 0x00000006c9400000, 0x00000006c9500000|  0%| F|  |TS  0|AC  0|TAMS 0x00000006c9400000, 0x00000006c9400000|
|  43|0x00000006c9500000, 0x00000006c9500000, 0x00000006c9600000|  0%| F|  |TS  0|AC  0|TAMS 0x00000006c9500000, 0x00000006c9500000|
|  44|0x00000006c9600000, 0x00000006c9600000, 0x00000006c9700000|  0%| F|  |TS  0|AC  0|TAMS 0x00000006c9600000, 0x00000006c9600000|
|  45|0x00000006c9700000, 0x00000006c9700000, 0x00000006c9800000|  0%| F|  |TS  0|AC  0|TAMS 0x00000006c9700000, 0x00000006c9700000|
|  46|0x00000006c9800000, 0x00000006c9800000, 0x00000006c9900000|  0%| F|  |TS  0|AC  0|TAMS 0x00000006c9800000, 0x00000006c9800000|
|  47|0x00000006c9900000, 0x00000006c9900000, 0x00000006c9a00000|  0%| F|  |TS  0|AC  0|TAMS 0x00000006c9900000, 0x00000006c9900000|
|  48|0x00000006c9a00000, 0x00000006c9a00000, 0x00000006c9b00000|  0%| F|  |TS  0|AC  0|TAMS 0x00000006c9a00000, 0x00000006c9a00000|
|  49|0x00000006c9b00000, 0x00000006c9b00000, 0x00000006c9c00000|  0%| F|  |TS  0|AC  0|TAMS 0x00000006c9b00000, 0x00000006c9b00000|
|  50|0x00000006c9c00000, 0x00000006c9c00000, 0x00000006c9d00000|  0%| F|  |TS  0|AC  0|TAMS 0x00000006c9c00000, 0x00000006c9c00000|
|  51|0x00000006c9d00000, 0x00000006c9d00000, 0x00000006c9e00000|  0%| F|  |TS  0|AC  0|TAMS 0x00000006c9d00000, 0x00000006c9d00000|
|  52|0x00000006c9e00000, 0x00000006c9e00000, 0x00000006c9f00000|  0%| F|  |TS  0|AC  0|TAMS 0x00000006c9e00000, 0x00000006c9e00000|
|  53|0x00000006c9f00000, 0x00000006c9f00000, 0x00000006ca000000|  0%| F|  |TS  0|AC  0|TAMS 0x00000006c9f00000, 0x00000006c9f00000|
|  54|0x00000006ca000000, 0x00000006ca000000, 0x00000006ca100000|  0%| F|  |TS  0|AC  0|TAMS 0x00000006ca000000, 0x00000006ca000000|
|  55|0x00000006ca100000, 0x00000006ca100000, 0x00000006ca200000|  0%| F|  |TS  0|AC  0|TAMS 0x00000006ca100000, 0x00000006ca100000|
|  56|0x00000006ca200000, 0x00000006ca200000, 0x00000006ca300000|  0%| F|  |TS  0|AC  0|TAMS 0x00000006ca200000, 0x00000006ca200000|
|  57|0x00000006ca300000, 0x00000006ca300000, 0x00000006ca400000|  0%| F|  |TS  0|AC  0|TAMS 0x00000006ca300000, 0x00000006ca300000|
|  58|0x00000006ca400000, 0x00000006ca400000, 0x00000006ca500000|  0%| F|  |TS  0|AC  0|TAMS 0x00000006ca400000, 0x00000006ca400000|
|  59|0x00000006ca500000, 0x00000006ca500000, 0x00000006ca600000|  0%| F|  |TS  0|AC  0|TAMS 0x00000006ca500000, 0x00000006ca500000|
|  60|0x00000006ca600000, 0x00000006ca600000, 0x00000006ca700000|  0%| F|  |TS  0|AC  0|TAMS 0x00000006ca600000, 0x00000006ca600000|
|  61|0x00000006ca700000, 0x00000006ca700000, 0x00000006ca800000|  0%| F|  |TS  0|AC  0|TAMS 0x00000006ca700000, 0x00000006ca700000|
|  62|0x00000006ca800000, 0x00000006ca800000, 0x00000006ca900000|  0%| F|  |TS  0|AC  0|TAMS 0x00000006ca800000, 0x00000006ca800000|
|  63|0x00000006ca900000, 0x00000006ca900000, 0x00000006caa00000|  0%| F|  |TS  0|AC  0|TAMS 0x00000006ca900000, 0x00000006ca900000|
|  64|0x00000006caa00000, 0x00000006caa00000, 0x00000006cab00000|  0%| F|  |TS  0|AC  0|TAMS 0x00000006caa00000, 0x00000006caa00000|
|  65|0x00000006cab00000, 0x00000006cab00000, 0x00000006cac00000|  0%| F|  |TS  0|AC  0|TAMS 0x00000006cab00000, 0x00000006cab00000|
|  66|0x00000006cac00000, 0x00000006cac00000, 0x00000006cad00000|  0%| F|  |TS  0|AC  0|TAMS 0x00000006cac00000, 0x00000006cac00000|
|  67|0x00000006cad00000, 0x00000006cad00000, 0x00000006cae00000|  0%| F|  |TS  0|AC  0|TAMS 0x00000006cad00000, 0x00000006cad00000|
|  68|0x00000006cae00000, 0x00000006cae00000, 0x00000006caf00000|  0%| F|  |TS  0|AC  0|TAMS 0x00000006cae00000, 0x00000006cae00000|
|  69|0x00000006caf00000, 0x00000006caf00000, 0x00000006cb000000|  0%| F|  |TS  0|AC  0|TAMS 0x00000006caf00000, 0x00000006caf00000|
|  70|0x00000006cb000000, 0x00000006cb000000, 0x00000006cb100000|  0%| F|  |TS  0|AC  0|TAMS 0x00000006cb000000, 0x00000006cb000000|
|  71|0x00000006cb100000, 0x00000006cb100000, 0x00000006cb200000|  0%| F|  |TS  0|AC  0|TAMS 0x00000006cb100000, 0x00000006cb100000|
|  72|0x00000006cb200000, 0x00000006cb200000, 0x00000006cb300000|  0%| F|  |TS  0|AC  0|TAMS 0x00000006cb200000, 0x00000006cb200000|
|  73|0x00000006cb300000, 0x00000006cb300000, 0x00000006cb400000|  0%| F|  |TS  0|AC  0|TAMS 0x00000006cb300000, 0x00000006cb300000|
|  74|0x00000006cb400000, 0x00000006cb400000, 0x00000006cb500000|  0%| F|  |TS  0|AC  0|TAMS 0x00000006cb400000, 0x00000006cb400000|
|  75|0x00000006cb500000, 0x00000006cb500000, 0x00000006cb600000|  0%| F|  |TS  0|AC  0|TAMS 0x00000006cb500000, 0x00000006cb500000|
|  76|0x00000006cb600000, 0x00000006cb600000, 0x00000006cb700000|  0%| F|  |TS  0|AC  0|TAMS 0x00000006cb600000, 0x00000006cb600000|
|  77|0x00000006cb700000, 0x00000006cb700000, 0x00000006cb800000|  0%| F|  |TS  0|AC  0|TAMS 0x00000006cb700000, 0x00000006cb700000|
|  78|0x00000006cb800000, 0x00000006cb800000, 0x00000006cb900000|  0%| F|  |TS  0|AC  0|TAMS 0x00000006cb800000, 0x00000006cb800000|
|  79|0x00000006cb900000, 0x00000006cb900000, 0x00000006cba00000|  0%| F|  |TS  0|AC  0|TAMS 0x00000006cb900000, 0x00000006cb900000|
|  80|0x00000006cba00000, 0x00000006cba00000, 0x00000006cbb00000|  0%| F|  |TS  0|AC  0|TAMS 0x00000006cba00000, 0x00000006cba00000|
|  81|0x00000006cbb00000, 0x00000006cbb00000, 0x00000006cbc00000|  0%| F|  |TS  0|AC  0|TAMS 0x00000006cbb00000, 0x00000006cbb00000|
|  82|0x00000006cbc00000, 0x00000006cbc00000, 0x00000006cbd00000|  0%| F|  |TS  0|AC  0|TAMS 0x00000006cbc00000, 0x00000006cbc00000|
|  83|0x00000006cbd00000, 0x00000006cbd00000, 0x00000006cbe00000|  0%| F|  |TS  0|AC  0|TAMS 0x00000006cbd00000, 0x00000006cbd00000|
|  84|0x00000006cbe00000, 0x00000006cbe00000, 0x00000006cbf00000|  0%| F|  |TS  0|AC  0|TAMS 0x00000006cbe00000, 0x00000006cbe00000|
|  85|0x00000006cbf00000, 0x00000006cbf00000, 0x00000006cc000000|  0%| F|  |TS  0|AC  0|TAMS 0x00000006cbf00000, 0x00000006cbf00000|
|  86|0x00000006cc000000, 0x00000006cc000000, 0x00000006cc100000|  0%| F|  |TS  0|AC  0|TAMS 0x00000006cc000000, 0x00000006cc000000|
|  87|0x00000006cc100000, 0x00000006cc100000, 0x00000006cc200000|  0%| F|  |TS  0|AC  0|TAMS 0x00000006cc100000, 0x00000006cc100000|
|  88|0x00000006cc200000, 0x00000006cc200000, 0x00000006cc300000|  0%| F|  |TS  0|AC  0|TAMS 0x00000006cc200000, 0x00000006cc200000|
|  89|0x00000006cc300000, 0x00000006cc300000, 0x00000006cc400000|  0%| F|  |TS  0|AC  0|TAMS 0x00000006cc300000, 0x00000006cc300000|
|  90|0x00000006cc400000, 0x00000006cc400000, 0x00000006cc500000|  0%| F|  |TS  0|AC  0|TAMS 0x00000006cc400000, 0x00000006cc400000|
|  91|0x00000006cc500000, 0x00000006cc500000, 0x00000006cc600000|  0%| F|  |TS  0|AC  0|TAMS 0x00000006cc500000, 0x00000006cc500000|
|  92|0x00000006cc600000, 0x00000006cc600000, 0x00000006cc700000|  0%| F|  |TS  0|AC  0|TAMS 0x00000006cc600000, 0x00000006cc600000|
|  93|0x00000006cc700000, 0x00000006cc700000, 0x00000006cc800000|  0%| F|  |TS  0|AC  0|TAMS 0x00000006cc700000, 0x00000006cc700000|
|  94|0x00000006cc800000, 0x00000006cc800000, 0x00000006cc900000|  0%| F|  |TS  0|AC  0|TAMS 0x00000006cc800000, 0x00000006cc800000|
|  95|0x00000006cc900000, 0x00000006cc900000, 0x00000006cca00000|  0%| F|  |TS  0|AC  0|TAMS 0x00000006cc900000, 0x00000006cc900000|
|  96|0x00000006cca00000, 0x00000006cca00000, 0x00000006ccb00000|  0%| F|  |TS  0|AC  0|TAMS 0x00000006cca00000, 0x00000006cca00000|
|  97|0x00000006ccb00000, 0x00000006ccb00000, 0x00000006ccc00000|  0%| F|  |TS  0|AC  0|TAMS 0x00000006ccb00000, 0x00000006ccb00000|
|  98|0x00000006ccc00000, 0x00000006ccc00000, 0x00000006ccd00000|  0%| F|  |TS  0|AC  0|TAMS 0x00000006ccc00000, 0x00000006ccc00000|
|  99|0x00000006ccd00000, 0x00000006ccd00000, 0x00000006cce00000|  0%| F|  |TS  0|AC  0|TAMS 0x00000006ccd00000, 0x00000006ccd00000|
| 100|0x00000006cce00000, 0x00000006cce00000, 0x00000006ccf00000|  0%| F|  |TS  0|AC  0|TAMS 0x00000006cce00000, 0x00000006cce00000|
| 101|0x00000006ccf00000, 0x00000006ccf00000, 0x00000006cd000000|  0%| F|  |TS  0|AC  0|TAMS 0x00000006ccf00000, 0x00000006ccf00000|
| 102|0x00000006cd000000, 0x00000006cd000000, 0x00000006cd100000|  0%| F|  |TS  0|AC  0|TAMS 0x00000006cd000000, 0x00000006cd000000|
| 103|0x00000006cd100000, 0x00000006cd100000, 0x00000006cd200000|  0%| F|  |TS  0|AC  0|TAMS 0x00000006cd100000, 0x00000006cd100000|
| 104|0x00000006cd200000, 0x00000006cd200000, 0x00000006cd300000|  0%| F|  |TS  0|AC  0|TAMS 0x00000006cd200000, 0x00000006cd200000|
| 105|0x00000006cd300000, 0x00000006cd300000, 0x00000006cd400000|  0%| F|  |TS  0|AC  0|TAMS 0x00000006cd300000, 0x00000006cd300000|
| 106|0x00000006cd400000, 0x00000006cd400000, 0x00000006cd500000|  0%| F|  |TS  0|AC  0|TAMS 0x00000006cd400000, 0x00000006cd400000|
| 107|0x00000006cd500000, 0x00000006cd500000, 0x00000006cd600000|  0%| F|  |TS  0|AC  0|TAMS 0x00000006cd500000, 0x00000006cd500000|
| 108|0x00000006cd600000, 0x00000006cd600000, 0x00000006cd700000|  0%| F|  |TS  0|AC  0|TAMS 0x00000006cd600000, 0x00000006cd600000|
| 109|0x00000006cd700000, 0x00000006cd700000, 0x00000006cd800000|  0%| F|  |TS  0|AC  0|TAMS 0x00000006cd700000, 0x00000006cd700000|
| 110|0x00000006cd800000, 0x00000006cd800000, 0x00000006cd900000|  0%| F|  |TS  0|AC  0|TAMS 0x00000006cd800000, 0x00000006cd800000|
| 111|0x00000006cd900000, 0x00000006cd900000, 0x00000006cda00000|  0%| F|  |TS  0|AC  0|TAMS 0x00000006cd900000, 0x00000006cd900000|
| 112|0x00000006cda00000, 0x00000006cda00000, 0x00000006cdb00000|  0%| F|  |TS  0|AC  0|TAMS 0x00000006cda00000, 0x00000006cda00000|
| 113|0x00000006cdb00000, 0x00000006cdb00000, 0x00000006cdc00000|  0%| F|  |TS  0|AC  0|TAMS 0x00000006cdb00000, 0x00000006cdb00000|
| 114|0x00000006cdc00000, 0x00000006cdc00000, 0x00000006cdd00000|  0%| F|  |TS  0|AC  0|TAMS 0x00000006cdc00000, 0x00000006cdc00000|
| 115|0x00000006cdd00000, 0x00000006cdd00000, 0x00000006cde00000|  0%| F|  |TS  0|AC  0|TAMS 0x00000006cdd00000, 0x00000006cdd00000|
| 116|0x00000006cde00000, 0x00000006cde00000, 0x00000006cdf00000|  0%| F|  |TS  0|AC  0|TAMS 0x00000006cde00000, 0x00000006cde00000|
| 117|0x00000006cdf00000, 0x00000006cdf00000, 0x00000006ce000000|  0%| F|  |TS  0|AC  0|TAMS 0x00000006cdf00000, 0x00000006cdf00000|
| 118|0x00000006ce000000, 0x00000006ce000000, 0x00000006ce100000|  0%| F|  |TS  0|AC  0|TAMS 0x00000006ce000000, 0x00000006ce000000|
| 119|0x00000006ce100000, 0x00000006ce100000, 0x00000006ce200000|  0%| F|  |TS  0|AC  0|TAMS 0x00000006ce100000, 0x00000006ce100000|
| 120|0x00000006ce200000, 0x00000006ce200000, 0x00000006ce300000|  0%| F|  |TS  0|AC  0|TAMS 0x00000006ce200000, 0x00000006ce200000|
| 121|0x00000006ce300000, 0x00000006ce300000, 0x00000006ce400000|  0%| F|  |TS  0|AC  0|TAMS 0x00000006ce300000, 0x00000006ce300000|
| 122|0x00000006ce400000, 0x00000006ce400000, 0x00000006ce500000|  0%| F|  |TS  0|AC  0|TAMS 0x00000006ce400000, 0x00000006ce400000|
| 123|0x00000006ce500000, 0x00000006ce500000, 0x00000006ce600000|  0%| F|  |TS  0|AC  0|TAMS 0x00000006ce500000, 0x00000006ce500000|
| 124|0x00000006ce600000, 0x00000006ce600000, 0x00000006ce700000|  0%| F|  |TS  0|AC  0|TAMS 0x00000006ce600000, 0x00000006ce600000|
| 125|0x00000006ce700000, 0x00000006ce700000, 0x00000006ce800000|  0%| F|  |TS  0|AC  0|TAMS 0x00000006ce700000, 0x00000006ce700000|
| 126|0x00000006ce800000, 0x00000006ce800000, 0x00000006ce900000|  0%| F|  |TS  0|AC  0|TAMS 0x00000006ce800000, 0x00000006ce800000|
| 127|0x00000006ce900000, 0x00000006ce900000, 0x00000006cea00000|  0%| F|  |TS  0|AC  0|TAMS 0x00000006ce900000, 0x00000006ce900000|
| 128|0x00000006cea00000, 0x00000006cea00000, 0x00000006ceb00000|  0%| F|  |TS  0|AC  0|TAMS 0x00000006cea00000, 0x00000006cea00000|
| 129|0x00000006ceb00000, 0x00000006ceb00000, 0x00000006cec00000|  0%| F|  |TS  0|AC  0|TAMS 0x00000006ceb00000, 0x00000006ceb00000|
| 130|0x00000006cec00000, 0x00000006cec00000, 0x00000006ced00000|  0%| F|  |TS  0|AC  0|TAMS 0x00000006cec00000, 0x00000006cec00000|
| 131|0x00000006ced00000, 0x00000006ced00000, 0x00000006cee00000|  0%| F|  |TS  0|AC  0|TAMS 0x00000006ced00000, 0x00000006ced00000|
| 132|0x00000006cee00000, 0x00000006cee00000, 0x00000006cef00000|  0%| F|  |TS  0|AC  0|TAMS 0x00000006cee00000, 0x00000006cee00000|
| 133|0x00000006cef00000, 0x00000006cef00000, 0x00000006cf000000|  0%| F|  |TS  0|AC  0|TAMS 0x00000006cef00000, 0x00000006cef00000|
| 134|0x00000006cf000000, 0x00000006cf000000, 0x00000006cf100000|  0%| F|  |TS  0|AC  0|TAMS 0x00000006cf000000, 0x00000006cf000000|
| 135|0x00000006cf100000, 0x00000006cf100000, 0x00000006cf200000|  0%| F|  |TS  0|AC  0|TAMS 0x00000006cf100000, 0x00000006cf100000|
| 136|0x00000006cf200000, 0x00000006cf200000, 0x00000006cf300000|  0%| F|  |TS  0|AC  0|TAMS 0x00000006cf200000, 0x00000006cf200000|
| 137|0x00000006cf300000, 0x00000006cf300000, 0x00000006cf400000|  0%| F|  |TS  0|AC  0|TAMS 0x00000006cf300000, 0x00000006cf300000|
| 138|0x00000006cf400000, 0x00000006cf400000, 0x00000006cf500000|  0%| F|  |TS  0|AC  0|TAMS 0x00000006cf400000, 0x00000006cf400000|
| 139|0x00000006cf500000, 0x00000006cf500000, 0x00000006cf600000|  0%| F|  |TS  0|AC  0|TAMS 0x00000006cf500000, 0x00000006cf500000|
| 140|0x00000006cf600000, 0x00000006cf600000, 0x00000006cf700000|  0%| F|  |TS  0|AC  0|TAMS 0x00000006cf600000, 0x00000006cf600000|
| 141|0x00000006cf700000, 0x00000006cf700000, 0x00000006cf800000|  0%| F|  |TS  0|AC  0|TAMS 0x00000006cf700000, 0x00000006cf700000|
| 142|0x00000006cf800000, 0x00000006cf800000, 0x00000006cf900000|  0%| F|  |TS  0|AC  0|TAMS 0x00000006cf800000, 0x00000006cf800000|
| 143|0x00000006cf900000, 0x00000006cf900000, 0x00000006cfa00000|  0%| F|  |TS  0|AC  0|TAMS 0x00000006cf900000, 0x00000006cf900000|
| 144|0x00000006cfa00000, 0x00000006cfa00000, 0x00000006cfb00000|  0%| F|  |TS  0|AC  0|TAMS 0x00000006cfa00000, 0x00000006cfa00000|
| 145|0x00000006cfb00000, 0x00000006cfb00000, 0x00000006cfc00000|  0%| F|  |TS  0|AC  0|TAMS 0x00000006cfb00000, 0x00000006cfb00000|
| 146|0x00000006cfc00000, 0x00000006cfc00000, 0x00000006cfd00000|  0%| F|  |TS  0|AC  0|TAMS 0x00000006cfc00000, 0x00000006cfc00000|
| 147|0x00000006cfd00000, 0x00000006cfd00000, 0x00000006cfe00000|  0%| F|  |TS  0|AC  0|TAMS 0x00000006cfd00000, 0x00000006cfd00000|
| 148|0x00000006cfe00000, 0x00000006cfe00000, 0x00000006cff00000|  0%| F|  |TS  0|AC  0|TAMS 0x00000006cfe00000, 0x00000006cfe00000|
| 149|0x00000006cff00000, 0x00000006cff00000, 0x00000006d0000000|  0%| F|  |TS  0|AC  0|TAMS 0x00000006cff00000, 0x00000006cff00000|
| 150|0x00000006d0000000, 0x00000006d0000000, 0x00000006d0100000|  0%| F|  |TS  0|AC  0|TAMS 0x00000006d0000000, 0x00000006d0000000|
| 151|0x00000006d0100000, 0x00000006d0100000, 0x00000006d0200000|  0%| F|  |TS  0|AC  0|TAMS 0x00000006d0100000, 0x00000006d0100000|
| 152|0x00000006d0200000, 0x00000006d0200000, 0x00000006d0300000|  0%| F|  |TS  0|AC  0|TAMS 0x00000006d0200000, 0x00000006d0200000|
| 153|0x00000006d0300000, 0x00000006d0300000, 0x00000006d0400000|  0%| F|  |TS  0|AC  0|TAMS 0x00000006d0300000, 0x00000006d0300000|
| 154|0x00000006d0400000, 0x00000006d0400000, 0x00000006d0500000|  0%| F|  |TS  0|AC  0|TAMS 0x00000006d0400000, 0x00000006d0400000|
| 155|0x00000006d0500000, 0x00000006d0500000, 0x00000006d0600000|  0%| F|  |TS  0|AC  0|TAMS 0x00000006d0500000, 0x00000006d0500000|
| 156|0x00000006d0600000, 0x00000006d0600000, 0x00000006d0700000|  0%| F|  |TS  0|AC  0|TAMS 0x00000006d0600000, 0x00000006d0600000|
| 157|0x00000006d0700000, 0x00000006d0700000, 0x00000006d0800000|  0%| F|  |TS  0|AC  0|TAMS 0x00000006d0700000, 0x00000006d0700000|
| 158|0x00000006d0800000, 0x00000006d0800000, 0x00000006d0900000|  0%| F|  |TS  0|AC  0|TAMS 0x00000006d0800000, 0x00000006d0800000|
| 159|0x00000006d0900000, 0x00000006d0900000, 0x00000006d0a00000|  0%| F|  |TS  0|AC  0|TAMS 0x00000006d0900000, 0x00000006d0900000|
| 160|0x00000006d0a00000, 0x00000006d0a00000, 0x00000006d0b00000|  0%| F|  |TS  0|AC  0|TAMS 0x00000006d0a00000, 0x00000006d0a00000|
| 161|0x00000006d0b00000, 0x00000006d0b00000, 0x00000006d0c00000|  0%| F|  |TS  0|AC  0|TAMS 0x00000006d0b00000, 0x00000006d0b00000|
| 162|0x00000006d0c00000, 0x00000006d0c00000, 0x00000006d0d00000|  0%| F|  |TS  0|AC  0|TAMS 0x00000006d0c00000, 0x00000006d0c00000|
| 163|0x00000006d0d00000, 0x00000006d0d00000, 0x00000006d0e00000|  0%| F|  |TS  0|AC  0|TAMS 0x00000006d0d00000, 0x00000006d0d00000|
| 164|0x00000006d0e00000, 0x00000006d0e00000, 0x00000006d0f00000|  0%| F|  |TS  0|AC  0|TAMS 0x00000006d0e00000, 0x00000006d0e00000|
| 165|0x00000006d0f00000, 0x00000006d0f00000, 0x00000006d1000000|  0%| F|  |TS  0|AC  0|TAMS 0x00000006d0f00000, 0x00000006d0f00000|
| 166|0x00000006d1000000, 0x00000006d1000000, 0x00000006d1100000|  0%| F|  |TS  0|AC  0|TAMS 0x00000006d1000000, 0x00000006d1000000|
| 167|0x00000006d1100000, 0x00000006d1100000, 0x00000006d1200000|  0%| F|  |TS  0|AC  0|TAMS 0x00000006d1100000, 0x00000006d1100000|
| 168|0x00000006d1200000, 0x00000006d1200000, 0x00000006d1300000|  0%| F|  |TS  0|AC  0|TAMS 0x00000006d1200000, 0x00000006d1200000|
| 169|0x00000006d1300000, 0x00000006d1300000, 0x00000006d1400000|  0%| F|  |TS  0|AC  0|TAMS 0x00000006d1300000, 0x00000006d1300000|
| 170|0x00000006d1400000, 0x00000006d1400000, 0x00000006d1500000|  0%| F|  |TS  0|AC  0|TAMS 0x00000006d1400000, 0x00000006d1400000|
| 171|0x00000006d1500000, 0x00000006d1500000, 0x00000006d1600000|  0%| F|  |TS  0|AC  0|TAMS 0x00000006d1500000, 0x00000006d1500000|
| 172|0x00000006d1600000, 0x00000006d1600000, 0x00000006d1700000|  0%| F|  |TS  0|AC  0|TAMS 0x00000006d1600000, 0x00000006d1600000|
| 173|0x00000006d1700000, 0x00000006d1700000, 0x00000006d1800000|  0%| F|  |TS  0|AC  0|TAMS 0x00000006d1700000, 0x00000006d1700000|
| 174|0x00000006d1800000, 0x00000006d1800000, 0x00000006d1900000|  0%| F|  |TS  0|AC  0|TAMS 0x00000006d1800000, 0x00000006d1800000|
| 175|0x00000006d1900000, 0x00000006d1900000, 0x00000006d1a00000|  0%| F|  |TS  0|AC  0|TAMS 0x00000006d1900000, 0x00000006d1900000|
| 176|0x00000006d1a00000, 0x00000006d1a00000, 0x00000006d1b00000|  0%| F|  |TS  0|AC  0|TAMS 0x00000006d1a00000, 0x00000006d1a00000|
| 177|0x00000006d1b00000, 0x00000006d1b00000, 0x00000006d1c00000|  0%| F|  |TS  0|AC  0|TAMS 0x00000006d1b00000, 0x00000006d1b00000|
| 178|0x00000006d1c00000, 0x00000006d1c00000, 0x00000006d1d00000|  0%| F|  |TS  0|AC  0|TAMS 0x00000006d1c00000, 0x00000006d1c00000|
| 179|0x00000006d1d00000, 0x00000006d1d00000, 0x00000006d1e00000|  0%| F|  |TS  0|AC  0|TAMS 0x00000006d1d00000, 0x00000006d1d00000|
| 180|0x00000006d1e00000, 0x00000006d1e00000, 0x00000006d1f00000|  0%| F|  |TS  0|AC  0|TAMS 0x00000006d1e00000, 0x00000006d1e00000|
| 181|0x00000006d1f00000, 0x00000006d1f00000, 0x00000006d2000000|  0%| F|  |TS  0|AC  0|TAMS 0x00000006d1f00000, 0x00000006d1f00000|
| 182|0x00000006d2000000, 0x00000006d2000000, 0x00000006d2100000|  0%| F|  |TS  0|AC  0|TAMS 0x00000006d2000000, 0x00000006d2000000|
| 183|0x00000006d2100000, 0x00000006d2100000, 0x00000006d2200000|  0%| F|  |TS  0|AC  0|TAMS 0x00000006d2100000, 0x00000006d2100000|
| 184|0x00000006d2200000, 0x00000006d2200000, 0x00000006d2300000|  0%| F|  |TS  0|AC  0|TAMS 0x00000006d2200000, 0x00000006d2200000|
| 185|0x00000006d2300000, 0x00000006d2300000, 0x00000006d2400000|  0%| F|  |TS  0|AC  0|TAMS 0x00000006d2300000, 0x00000006d2300000|
| 186|0x00000006d2400000, 0x00000006d2400000, 0x00000006d2500000|  0%| F|  |TS  0|AC  0|TAMS 0x00000006d2400000, 0x00000006d2400000|
| 187|0x00000006d2500000, 0x00000006d2500000, 0x00000006d2600000|  0%| F|  |TS  0|AC  0|TAMS 0x00000006d2500000, 0x00000006d2500000|
| 188|0x00000006d2600000, 0x00000006d2600000, 0x00000006d2700000|  0%| F|  |TS  0|AC  0|TAMS 0x00000006d2600000, 0x00000006d2600000|
| 189|0x00000006d2700000, 0x00000006d2700000, 0x00000006d2800000|  0%| F|  |TS  0|AC  0|TAMS 0x00000006d2700000, 0x00000006d2700000|
| 190|0x00000006d2800000, 0x00000006d2800000, 0x00000006d2900000|  0%| F|  |TS  0|AC  0|TAMS 0x00000006d2800000, 0x00000006d2800000|
| 191|0x00000006d2900000, 0x00000006d2900000, 0x00000006d2a00000|  0%| F|  |TS  0|AC  0|TAMS 0x00000006d2900000, 0x00000006d2900000|
| 192|0x00000006d2a00000, 0x00000006d2a00000, 0x00000006d2b00000|  0%| F|  |TS  0|AC  0|TAMS 0x00000006d2a00000, 0x00000006d2a00000|
| 193|0x00000006d2b00000, 0x00000006d2b00000, 0x00000006d2c00000|  0%| F|  |TS  0|AC  0|TAMS 0x00000006d2b00000, 0x00000006d2b00000|
| 194|0x00000006d2c00000, 0x00000006d2c00000, 0x00000006d2d00000|  0%| F|  |TS  0|AC  0|TAMS 0x00000006d2c00000, 0x00000006d2c00000|
| 195|0x00000006d2d00000, 0x00000006d2d00000, 0x00000006d2e00000|  0%| F|  |TS  0|AC  0|TAMS 0x00000006d2d00000, 0x00000006d2d00000|
| 196|0x00000006d2e00000, 0x00000006d2e00000, 0x00000006d2f00000|  0%| F|  |TS  0|AC  0|TAMS 0x00000006d2e00000, 0x00000006d2e00000|
| 197|0x00000006d2f00000, 0x00000006d2f00000, 0x00000006d3000000|  0%| F|  |TS  0|AC  0|TAMS 0x00000006d2f00000, 0x00000006d2f00000|
| 198|0x00000006d3000000, 0x00000006d3000000, 0x00000006d3100000|  0%| F|  |TS  0|AC  0|TAMS 0x00000006d3000000, 0x00000006d3000000|
| 199|0x00000006d3100000, 0x00000006d3100000, 0x00000006d3200000|  0%| F|  |TS  0|AC  0|TAMS 0x00000006d3100000, 0x00000006d3100000|
| 200|0x00000006d3200000, 0x00000006d3200000, 0x00000006d3300000|  0%| F|  |TS  0|AC  0|TAMS 0x00000006d3200000, 0x00000006d3200000|
| 201|0x00000006d3300000, 0x00000006d3300000, 0x00000006d3400000|  0%| F|  |TS  0|AC  0|TAMS 0x00000006d3300000, 0x00000006d3300000|
| 202|0x00000006d3400000, 0x00000006d3400000, 0x00000006d3500000|  0%| F|  |TS  0|AC  0|TAMS 0x00000006d3400000, 0x00000006d3400000|
| 203|0x00000006d3500000, 0x00000006d3500000, 0x00000006d3600000|  0%| F|  |TS  0|AC  0|TAMS 0x00000006d3500000, 0x00000006d3500000|
| 204|0x00000006d3600000, 0x00000006d3600000, 0x00000006d3700000|  0%| F|  |TS  0|AC  0|TAMS 0x00000006d3600000, 0x00000006d3600000|
| 205|0x00000006d3700000, 0x00000006d3700000, 0x00000006d3800000|  0%| F|  |TS  0|AC  0|TAMS 0x00000006d3700000, 0x00000006d3700000|
| 206|0x00000006d3800000, 0x00000006d3800000, 0x00000006d3900000|  0%| F|  |TS  0|AC  0|TAMS 0x00000006d3800000, 0x00000006d3800000|
| 207|0x00000006d3900000, 0x00000006d3900000, 0x00000006d3a00000|  0%| F|  |TS  0|AC  0|TAMS 0x00000006d3900000, 0x00000006d3900000|
| 208|0x00000006d3a00000, 0x00000006d3a00000, 0x00000006d3b00000|  0%| F|  |TS  0|AC  0|TAMS 0x00000006d3a00000, 0x00000006d3a00000|
| 209|0x00000006d3b00000, 0x00000006d3b00000, 0x00000006d3c00000|  0%| F|  |TS  0|AC  0|TAMS 0x00000006d3b00000, 0x00000006d3b00000|
| 210|0x00000006d3c00000, 0x00000006d3c00000, 0x00000006d3d00000|  0%| F|  |TS  0|AC  0|TAMS 0x00000006d3c00000, 0x00000006d3c00000|
| 211|0x00000006d3d00000, 0x00000006d3d00000, 0x00000006d3e00000|  0%| F|  |TS  0|AC  0|TAMS 0x00000006d3d00000, 0x00000006d3d00000|
| 212|0x00000006d3e00000, 0x00000006d3e00000, 0x00000006d3f00000|  0%| F|  |TS  0|AC  0|TAMS 0x00000006d3e00000, 0x00000006d3e00000|
| 213|0x00000006d3f00000, 0x00000006d3f00000, 0x00000006d4000000|  0%| F|  |TS  0|AC  0|TAMS 0x00000006d3f00000, 0x00000006d3f00000|
| 214|0x00000006d4000000, 0x00000006d4000000, 0x00000006d4100000|  0%| F|  |TS  0|AC  0|TAMS 0x00000006d4000000, 0x00000006d4000000|
| 215|0x00000006d4100000, 0x00000006d4100000, 0x00000006d4200000|  0%| F|  |TS  0|AC  0|TAMS 0x00000006d4100000, 0x00000006d4100000|
| 216|0x00000006d4200000, 0x00000006d4200000, 0x00000006d4300000|  0%| F|  |TS  0|AC  0|TAMS 0x00000006d4200000, 0x00000006d4200000|
| 217|0x00000006d4300000, 0x00000006d4300000, 0x00000006d4400000|  0%| F|  |TS  0|AC  0|TAMS 0x00000006d4300000, 0x00000006d4300000|
| 218|0x00000006d4400000, 0x00000006d4400000, 0x00000006d4500000|  0%| F|  |TS  0|AC  0|TAMS 0x00000006d4400000, 0x00000006d4400000|
| 219|0x00000006d4500000, 0x00000006d4500000, 0x00000006d4600000|  0%| F|  |TS  0|AC  0|TAMS 0x00000006d4500000, 0x00000006d4500000|
| 220|0x00000006d4600000, 0x00000006d4600000, 0x00000006d4700000|  0%| F|  |TS  0|AC  0|TAMS 0x00000006d4600000, 0x00000006d4600000|
| 221|0x00000006d4700000, 0x00000006d4700000, 0x00000006d4800000|  0%| F|  |TS  0|AC  0|TAMS 0x00000006d4700000, 0x00000006d4700000|
| 222|0x00000006d4800000, 0x00000006d4800000, 0x00000006d4900000|  0%| F|  |TS  0|AC  0|TAMS 0x00000006d4800000, 0x00000006d4800000|
| 223|0x00000006d4900000, 0x00000006d4900000, 0x00000006d4a00000|  0%| F|  |TS  0|AC  0|TAMS 0x00000006d4900000, 0x00000006d4900000|
| 224|0x00000006d4a00000, 0x00000006d4a00000, 0x00000006d4b00000|  0%| F|  |TS  0|AC  0|TAMS 0x00000006d4a00000, 0x00000006d4a00000|
| 225|0x00000006d4b00000, 0x00000006d4b00000, 0x00000006d4c00000|  0%| F|  |TS  0|AC  0|TAMS 0x00000006d4b00000, 0x00000006d4b00000|
| 226|0x00000006d4c00000, 0x00000006d4c00000, 0x00000006d4d00000|  0%| F|  |TS  0|AC  0|TAMS 0x00000006d4c00000, 0x00000006d4c00000|
| 227|0x00000006d4d00000, 0x00000006d4d7b630, 0x00000006d4e00000| 48%| E|  |TS  0|AC  0|TAMS 0x00000006d4d00000, 0x00000006d4d00000|
| 228|0x00000006d4e00000, 0x00000006d4f00000, 0x00000006d4f00000|100%| E|CS|TS  0|AC  0|TAMS 0x00000006d4e00000, 0x00000006d4e00000|
| 229|0x00000006d4f00000, 0x00000006d5000000, 0x00000006d5000000|100%| E|CS|TS  0|AC  0|TAMS 0x00000006d4f00000, 0x00000006d4f00000|
| 230|0x00000006d5000000, 0x00000006d5100000, 0x00000006d5100000|100%| E|CS|TS  0|AC  0|TAMS 0x00000006d5000000, 0x00000006d5000000|
| 231|0x00000006d5100000, 0x00000006d5200000, 0x00000006d5200000|100%| E|CS|TS  0|AC  0|TAMS 0x00000006d5100000, 0x00000006d5100000|
| 232|0x00000006d5200000, 0x00000006d5300000, 0x00000006d5300000|100%| E|CS|TS  0|AC  0|TAMS 0x00000006d5200000, 0x00000006d5200000|
| 233|0x00000006d5300000, 0x00000006d5400000, 0x00000006d5400000|100%| E|CS|TS  0|AC  0|TAMS 0x00000006d5300000, 0x00000006d5300000|
| 234|0x00000006d5400000, 0x00000006d5500000, 0x00000006d5500000|100%| E|CS|TS  0|AC  0|TAMS 0x00000006d5400000, 0x00000006d5400000|
| 235|0x00000006d5500000, 0x00000006d5600000, 0x00000006d5600000|100%| E|CS|TS  0|AC  0|TAMS 0x00000006d5500000, 0x00000006d5500000|
| 236|0x00000006d5600000, 0x00000006d5700000, 0x00000006d5700000|100%| E|CS|TS  0|AC  0|TAMS 0x00000006d5600000, 0x00000006d5600000|
| 237|0x00000006d5700000, 0x00000006d5800000, 0x00000006d5800000|100%| E|CS|TS  0|AC  0|TAMS 0x00000006d5700000, 0x00000006d5700000|
| 238|0x00000006d5800000, 0x00000006d5900000, 0x00000006d5900000|100%| E|CS|TS  0|AC  0|TAMS 0x00000006d5800000, 0x00000006d5800000|
| 239|0x00000006d5900000, 0x00000006d5a00000, 0x00000006d5a00000|100%| E|CS|TS  0|AC  0|TAMS 0x00000006d5900000, 0x00000006d5900000|
| 240|0x00000006d5a00000, 0x00000006d5b00000, 0x00000006d5b00000|100%| E|CS|TS  0|AC  0|TAMS 0x00000006d5a00000, 0x00000006d5a00000|
| 241|0x00000006d5b00000, 0x00000006d5c00000, 0x00000006d5c00000|100%| E|CS|TS  0|AC  0|TAMS 0x00000006d5b00000, 0x00000006d5b00000|
| 242|0x00000006d5c00000, 0x00000006d5d00000, 0x00000006d5d00000|100%| E|CS|TS  0|AC  0|TAMS 0x00000006d5c00000, 0x00000006d5c00000|
| 243|0x00000006d5d00000, 0x00000006d5e00000, 0x00000006d5e00000|100%| E|CS|TS  0|AC  0|TAMS 0x00000006d5d00000, 0x00000006d5d00000|
| 244|0x00000006d5e00000, 0x00000006d5f00000, 0x00000006d5f00000|100%| E|CS|TS  0|AC  0|TAMS 0x00000006d5e00000, 0x00000006d5e00000|
| 245|0x00000006d5f00000, 0x00000006d6000000, 0x00000006d6000000|100%| E|CS|TS  0|AC  0|TAMS 0x00000006d5f00000, 0x00000006d5f00000|
| 246|0x00000006d6000000, 0x00000006d6100000, 0x00000006d6100000|100%| E|CS|TS  0|AC  0|TAMS 0x00000006d6000000, 0x00000006d6000000|
| 247|0x00000006d6100000, 0x00000006d6200000, 0x00000006d6200000|100%| E|CS|TS  0|AC  0|TAMS 0x00000006d6100000, 0x00000006d6100000|
| 248|0x00000006d6200000, 0x00000006d6300000, 0x00000006d6300000|100%| E|CS|TS  0|AC  0|TAMS 0x00000006d6200000, 0x00000006d6200000|
| 249|0x00000006d6300000, 0x00000006d6400000, 0x00000006d6400000|100%| E|CS|TS  0|AC  0|TAMS 0x00000006d6300000, 0x00000006d6300000|

Card table byte_map: [0x00007f2b2d115000,0x00007f2b2d8e0000] byte_map_base: 0x00007f2b29ae0000

Marking Bits (Prev, Next): (CMBitMap*) 0x00007f2b48083400, (CMBitMap*) 0x00007f2b48083438
 Prev Bits: [0x00007f2b0c1a8000, 0x00007f2b10000000)
 Next Bits: [0x00007f2b041a8000, 0x00007f2b08000000)

Polling page: 0x00007f2b4f10d000

CodeHeap 'non-profiled nmethods': size=120032Kb used=314Kb max_used=314Kb free=119717Kb
 bounds [0x00007f2b36b83000, 0x00007f2b36df3000, 0x00007f2b3e0bb000]
CodeHeap 'profiled nmethods': size=120028Kb used=1783Kb max_used=1783Kb free=118244Kb
 bounds [0x00007f2b2f64c000, 0x00007f2b2f8bc000, 0x00007f2b36b83000]
CodeHeap 'non-nmethods': size=5700Kb used=1420Kb max_used=1432Kb free=4279Kb
 bounds [0x00007f2b2f0bb000, 0x00007f2b2f32b000, 0x00007f2b2f64c000]
 total_blobs=2230 nmethods=1050 adapters=877
 compilation: enabled

Compilation events (10 events):
Event: 1.150 Thread 0x00007f2b48224800 1048       3       java.util.regex.Pattern$Slice::match (79 bytes)
Event: 1.150 Thread 0x00007f2b48224800 nmethod 1048 0x00007f2b2f807690 code [0x00007f2b2f807880, 0x00007f2b2f807d18]
Event: 1.150 Thread 0x00007f2b48224800 1047       3       jdk.internal.loader.URLClassPath$JarLoader::findResource (18 bytes)
Event: 1.150 Thread 0x00007f2b48224800 nmethod 1047 0x00007f2b2f807e90 code [0x00007f2b2f808060, 0x00007f2b2f8082f8]
Event: 1.150 Thread 0x00007f2b48224800 1049       3       java.util.regex.Pattern$Node::match (27 bytes)
Event: 1.150 Thread 0x00007f2b48224800 nmethod 1049 0x00007f2b2f808410 code [0x00007f2b2f8085c0, 0x00007f2b2f808770]
Event: 1.151 Thread 0x00007f2b48223000 nmethod 1045 0x00007f2b36bd1710 code [0x00007f2b36bd18a0, 0x00007f2b36bd1958]
Event: 1.151 Thread 0x00007f2b48224800 1050       3       sun.nio.fs.UnixPath::normalizeAndCheck (75 bytes)
Event: 1.152 Thread 0x00007f2b48224800 nmethod 1050 0x00007f2b2f808890 code [0x00007f2b2f808b00, 0x00007f2b2f809548]
Event: 1.152 Thread 0x00007f2b48224800 1051       3       java.util.regex.Pattern$GroupHead::match (47 bytes)

GC Heap History (0 events):
No events

Deoptimization events (6 events):
Event: 0.091 Thread 0x00007f2b48013800 Uncommon trap: reason=unstable_if action=reinterpret pc=0x00007f2b36b885ec method=java.lang.String.hashCode()I @ 14 c2
Event: 1.000 Thread 0x00007f2b488eb000 Uncommon trap: reason=unstable_if action=reinterpret pc=0x00007f2b36b84c90 method=java.lang.String.isLatin1()Z @ 10 c2
Event: 1.001 Thread 0x00007f2b488eb000 Uncommon trap: reason=unstable_if action=reinterpret pc=0x00007f2b36ba4678 method=java.lang.String.isLatin1()Z @ 10 c2
Event: 1.001 Thread 0x00007f2b488eb000 Uncommon trap: reason=unstable_if action=reinterpret pc=0x00007f2b36ba679c method=java.lang.AbstractStringBuilder.putStringAt(ILjava/lang/String;)V @ 8 c2
Event: 1.001 Thread 0x00007f2b488eb000 Uncommon trap: reason=unstable_if action=reinterpret pc=0x00007f2b36baaf14 method=java.lang.AbstractStringBuilder.putStringAt(ILjava/lang/String;)V @ 8 c2
Event: 1.001 Thread 0x00007f2b488eb000 Uncommon trap: reason=unstable_if action=reinterpret pc=0x00007f2b36ba71f0 method=java.lang.String.getBytes([BIB)V @ 5 c2

Classes redefined (0 events):
No events

Internal exceptions (10 events):
Event: 0.943 Thread 0x00007f2b488eb000 Exception <a 'java/lang/NoSuchMethodError'{0x00000006d5089820}: java.lang.invoke.DirectMethodHandle$Holder.invokeInterface(Ljava/lang/Object;Ljava/lang/Object;Ljava/lang/Object;)I> (0x00000006d5089820) thrown at [/scratch/opt/mach5/mesos/work_dir/slaves/c
Event: 0.974 Thread 0x00007f2b488eb000 Exception <a 'java/lang/NoSuchMethodError'{0x00000006d50ae408}: method resolution failed> (0x00000006d50ae408) thrown at [/scratch/opt/mach5/mesos/work_dir/slaves/c4ee7e63-1ded-4e8c-9581-ce26f27e3af4-S37/frameworks/1735e8a2-a1db-478c-8104-60c8b0af87dd-019
Event: 0.977 Thread 0x00007f2b488eb000 Exception <a 'java/lang/NoSuchMethodError'{0x00000006d50bf400}: method resolution failed> (0x00000006d50bf400) thrown at [/scratch/opt/mach5/mesos/work_dir/slaves/c4ee7e63-1ded-4e8c-9581-ce26f27e3af4-S37/frameworks/1735e8a2-a1db-478c-8104-60c8b0af87dd-019
Event: 0.981 Thread 0x00007f2b488eb000 Exception <a 'java/lang/NoSuchMethodError'{0x00000006d50d07a0}: method resolution failed> (0x00000006d50d07a0) thrown at [/scratch/opt/mach5/mesos/work_dir/slaves/c4ee7e63-1ded-4e8c-9581-ce26f27e3af4-S37/frameworks/1735e8a2-a1db-478c-8104-60c8b0af87dd-019
Event: 0.988 Thread 0x00007f2b488eb000 Exception <a 'java/lang/NoSuchMethodError'{0x00000006d50f6d90}: java.lang.Object.lambda$negate$3(I)Z> (0x00000006d50f6d90) thrown at [/scratch/opt/mach5/mesos/work_dir/slaves/c4ee7e63-1ded-4e8c-9581-ce26f27e3af4-S37/frameworks/1735e8a2-a1db-478c-8104-60c8
Event: 0.988 Thread 0x00007f2b488eb000 Exception <a 'java/lang/NoSuchMethodError'{0x00000006d50f98f8}: java.lang.Object.lambda$and$0(Ljava/util/regex/Pattern$CharPredicate;I)Z> (0x00000006d50f98f8) thrown at [/scratch/opt/mach5/mesos/work_dir/slaves/c4ee7e63-1ded-4e8c-9581-ce26f27e3af4-S37/fra
Event: 1.106 Thread 0x00007f2b488eb000 Exception <a 'java/lang/NoSuchMethodError'{0x00000006d4e1be68}: java.lang.invoke.DirectMethodHandle$Holder.invokeStatic(Ljava/lang/Object;Ljava/lang/Object;Ljava/lang/Object;Ljava/lang/Object;Ljava/lang/Object;Ljava/lang/Object;Ljava/lang/Object;Ljava/lan
Event: 1.108 Thread 0x00007f2b488eb000 Exception <a 'java/lang/NoSuchMethodError'{0x00000006d4e2a748}: java.lang.invoke.DirectMethodHandle$Holder.invokeStatic(Ljava/lang/Object;Ljava/lang/Object;Ljava/lang/Object;Ljava/lang/Object;Ljava/lang/Object;Ljava/lang/Object;Ljava/lang/Object;Ljava/lan
Event: 1.120 Thread 0x00007f2b488eb000 Exception <a 'java/lang/NoSuchMethodError'{0x00000006d4e39440}: method resolution failed> (0x00000006d4e39440) thrown at [/scratch/opt/mach5/mesos/work_dir/slaves/c4ee7e63-1ded-4e8c-9581-ce26f27e3af4-S37/frameworks/1735e8a2-a1db-478c-8104-60c8b0af87dd-019
Event: 1.151 Thread 0x00007f2b488eb000 Exception <a 'sun/nio/fs/UnixException'{0x00000006d4d512f8}> (0x00000006d4d512f8) thrown at [/scratch/opt/mach5/mesos/work_dir/slaves/c4ee7e63-1ded-4e8c-9581-ce26f27e3af4-S37/frameworks/1735e8a2-a1db-478c-8104-60c8b0af87dd-0196/executors/17c55b3f-1731-42a

Events (10 events):
Event: 1.146 loading class org/lwjgl/opengles/GLES
Event: 1.146 loading class org/lwjgl/opengles/GLES done
Event: 1.146 loading class org/lwjgl/opengles/GLES$ICD
Event: 1.146 loading class org/lwjgl/opengles/GLES$ICD done
Event: 1.147 loading class org/lwjgl/opengles/GLES$ICDStatic
Event: 1.147 loading class org/lwjgl/opengles/GLES$ICDStatic done
Event: 1.151 loading class org/lwjgl/opengles/GLES$2
Event: 1.151 loading class org/lwjgl/opengles/GLES$2 done
Event: 1.152 loading class org/lwjgl/opengles/GLES$1
Event: 1.152 loading class org/lwjgl/opengles/GLES$1 done


Dynamic libraries:
00400000-00401000 r-xp 00000000 08:06 1874338                            /usr/lib/jvm/open-jdk/bin/java
00600000-00601000 rw-p 00000000 08:06 1874338                            /usr/lib/jvm/open-jdk/bin/java
01c57000-01c78000 rw-p 00000000 00:00 0                                  [heap]
40d24000-40d26000 r-xs 00000000 08:06 4333040                            /tmp/.glJ8mSbI (deleted)
41ccb000-41d6c000 rw-p 00000000 00:00 0 
6c6a00000-6d6400000 rw-p 00000000 00:00 0 
6d6400000-7c0000000 ---p 00000000 00:00 0 
7c0000000-7c0120000 rw-p 00000000 00:00 0 
7c0120000-800000000 ---p 00000000 00:00 0 
7f2a90000000-7f2a92cfb000 rw-p 00000000 00:00 0 
7f2a92cfb000-7f2a94000000 ---p 00000000 00:00 0 
7f2a9508e000-7f2a952a0000 rw-p 00000000 00:00 0 
7f2a952a0000-7f2a95326000 r-xp 00000000 08:06 534728                     /usr/lib/nvidia-384/libGLdispatch.so.0
7f2a95326000-7f2a95526000 ---p 00086000 08:06 534728                     /usr/lib/nvidia-384/libGLdispatch.so.0
7f2a95526000-7f2a9554e000 rw-p 00086000 08:06 534728                     /usr/lib/nvidia-384/libGLdispatch.so.0
7f2a9554e000-7f2a9556e000 rw-p 00000000 00:00 0 
7f2a9556e000-7f2a9557f000 r-xp 00000000 08:06 534726                     /usr/lib/nvidia-384/libGLESv2.so.2.1.0
7f2a9557f000-7f2a9577f000 ---p 00011000 08:06 534726                     /usr/lib/nvidia-384/libGLESv2.so.2.1.0
7f2a9577f000-7f2a95782000 rw-p 00011000 08:06 534726                     /usr/lib/nvidia-384/libGLESv2.so.2.1.0
7f2a957b3000-7f2a957d6000 r-xp 00000000 08:06 4333037                    /tmp/lwjglaurailus/3.1.6-build-14/liblwjgl_opengles.so
7f2a957d6000-7f2a959d6000 ---p 00023000 08:06 4333037                    /tmp/lwjglaurailus/3.1.6-build-14/liblwjgl_opengles.so
7f2a959d6000-7f2a959d7000 r--p 00023000 08:06 4333037                    /tmp/lwjglaurailus/3.1.6-build-14/liblwjgl_opengles.so
7f2a959d7000-7f2a959d8000 rw-p 00024000 08:06 4333037                    /tmp/lwjglaurailus/3.1.6-build-14/liblwjgl_opengles.so
7f2a959d8000-7f2a95a58000 rw-p 00000000 00:00 0 
7f2a95a58000-7f2a95bd8000 ---p 00000000 00:00 0 
7f2a95bd8000-7f2a95dd8000 rw-p 00000000 00:00 0 
7f2a95dd8000-7f2a95e43000 r-xp 00000000 08:06 4332990                    /tmp/lwjglaurailus/3.1.6-build-14/liblwjgl_opengl.so
7f2a95e43000-7f2a96042000 ---p 0006b000 08:06 4332990                    /tmp/lwjglaurailus/3.1.6-build-14/liblwjgl_opengl.so
7f2a96042000-7f2a96043000 r--p 0006a000 08:06 4332990                    /tmp/lwjglaurailus/3.1.6-build-14/liblwjgl_opengl.so
7f2a96043000-7f2a96044000 rw-p 0006b000 08:06 4332990                    /tmp/lwjglaurailus/3.1.6-build-14/liblwjgl_opengl.so
7f2a96044000-7f2a960c4000 rw-s 00000000 00:06 479                        /dev/nvidiactl
7f2a960c4000-7f2a96144000 rw-s 00000000 00:06 479                        /dev/nvidiactl
7f2a96144000-7f2a975e1000 r-xp 00000000 08:06 534731                     /usr/lib/nvidia-384/libnvidia-glcore.so.384.130
7f2a975e1000-7f2a97602000 rwxp 0149d000 08:06 534731                     /usr/lib/nvidia-384/libnvidia-glcore.so.384.130
7f2a97602000-7f2a979e4000 r-xp 014be000 08:06 534731                     /usr/lib/nvidia-384/libnvidia-glcore.so.384.130
7f2a979e4000-7f2a97be4000 ---p 018a0000 08:06 534731                     /usr/lib/nvidia-384/libnvidia-glcore.so.384.130
7f2a97be4000-7f2a97fe7000 rw-p 018a0000 08:06 534731                     /usr/lib/nvidia-384/libnvidia-glcore.so.384.130
7f2a97fe7000-7f2a98000000 rw-p 00000000 00:00 0 
7f2a98000000-7f2a98021000 rw-p 00000000 00:00 0 
7f2a98021000-7f2a9c000000 ---p 00000000 00:00 0 
7f2a9c000000-7f2a9c021000 rw-p 00000000 00:00 0 
7f2a9c021000-7f2aa0000000 ---p 00000000 00:00 0 
7f2aa0000000-7f2aa002d000 rw-p 00000000 00:00 0 
7f2aa002d000-7f2aa4000000 ---p 00000000 00:00 0 
7f2aa400a000-7f2aa408a000 rw-s 00000000 00:06 479                        /dev/nvidiactl
7f2aa408a000-7f2aa418a000 rw-s 00000000 00:06 479                        /dev/nvidiactl
7f2aa418a000-7f2aa41ca000 rw-s 00000000 00:06 479                        /dev/nvidiactl
7f2aa41ca000-7f2aa42cf000 rw-s 00000000 00:06 479                        /dev/nvidiactl
7f2aa42cf000-7f2aa42d2000 r-xp 00000000 08:06 534709                     /usr/lib/nvidia-384/tls/libnvidia-tls.so.384.130
7f2aa42d2000-7f2aa44d2000 ---p 00003000 08:06 534709                     /usr/lib/nvidia-384/tls/libnvidia-tls.so.384.130
7f2aa44d2000-7f2aa44d3000 rw-p 00003000 08:06 534709                     /usr/lib/nvidia-384/tls/libnvidia-tls.so.384.130
7f2aa44d3000-7f2aa459e000 r-xp 00000000 08:06 534714                     /usr/lib/nvidia-384/libGL.so.384.130
7f2aa459e000-7f2aa45d2000 rwxp 000cb000 08:06 534714                     /usr/lib/nvidia-384/libGL.so.384.130
7f2aa45d2000-7f2aa45e6000 r-xp 000ff000 08:06 534714                     /usr/lib/nvidia-384/libGL.so.384.130
7f2aa45e6000-7f2aa47e5000 ---p 00113000 08:06 534714                     /usr/lib/nvidia-384/libGL.so.384.130
7f2aa47e5000-7f2aa480e000 rw-p 00112000 08:06 534714                     /usr/lib/nvidia-384/libGL.so.384.130
7f2aa480e000-7f2aa4815000 rw-p 00000000 00:00 0 
7f2aa4815000-7f2aa4816000 r-xp 00000000 08:06 271196                     /usr/lib/x86_64-linux-gnu/libX11-xcb.so.1.0.0
7f2aa4816000-7f2aa4a15000 ---p 00001000 08:06 271196                     /usr/lib/x86_64-linux-gnu/libX11-xcb.so.1.0.0
7f2aa4a15000-7f2aa4a16000 r--p 00000000 08:06 271196                     /usr/lib/x86_64-linux-gnu/libX11-xcb.so.1.0.0
7f2aa4a16000-7f2aa4a17000 rw-p 00001000 08:06 271196                     /usr/lib/x86_64-linux-gnu/libX11-xcb.so.1.0.0
7f2aa4a17000-7f2aa4a19000 r-xp 00000000 08:06 271225                     /usr/lib/x86_64-linux-gnu/libXinerama.so.1.0.0
7f2aa4a19000-7f2aa4c18000 ---p 00002000 08:06 271225                     /usr/lib/x86_64-linux-gnu/libXinerama.so.1.0.0
7f2aa4c18000-7f2aa4c19000 r--p 00001000 08:06 271225                     /usr/lib/x86_64-linux-gnu/libXinerama.so.1.0.0
7f2aa4c19000-7f2aa4c1a000 rw-p 00002000 08:06 271225                     /usr/lib/x86_64-linux-gnu/libXinerama.so.1.0.0
7f2aa4c1a000-7f2aa4c1f000 r-xp 00000000 08:06 271217                     /usr/lib/x86_64-linux-gnu/libXfixes.so.3.1.0
7f2aa4c1f000-7f2aa4e1e000 ---p 00005000 08:06 271217                     /usr/lib/x86_64-linux-gnu/libXfixes.so.3.1.0
7f2aa4e1e000-7f2aa4e1f000 r--p 00004000 08:06 271217                     /usr/lib/x86_64-linux-gnu/libXfixes.so.3.1.0
7f2aa4e1f000-7f2aa4e20000 rw-p 00005000 08:06 271217                     /usr/lib/x86_64-linux-gnu/libXfixes.so.3.1.0
7f2aa4e20000-7f2aa4e29000 r-xp 00000000 08:06 273295                     /usr/lib/x86_64-linux-gnu/libXcursor.so.1.0.2
7f2aa4e29000-7f2aa5028000 ---p 00009000 08:06 273295                     /usr/lib/x86_64-linux-gnu/libXcursor.so.1.0.2
7f2aa5028000-7f2aa5029000 r--p 00008000 08:06 273295                     /usr/lib/x86_64-linux-gnu/libXcursor.so.1.0.2
7f2aa5029000-7f2aa502a000 rw-p 00009000 08:06 273295                     /usr/lib/x86_64-linux-gnu/libXcursor.so.1.0.2
7f2aa502a000-7f2aa5033000 r-xp 00000000 08:06 271235                     /usr/lib/x86_64-linux-gnu/libXrender.so.1.3.0
7f2aa5033000-7f2aa5232000 ---p 00009000 08:06 271235                     /usr/lib/x86_64-linux-gnu/libXrender.so.1.3.0
7f2aa5232000-7f2aa5233000 r--p 00008000 08:06 271235                     /usr/lib/x86_64-linux-gnu/libXrender.so.1.3.0
7f2aa5233000-7f2aa5234000 rw-p 00009000 08:06 271235                     /usr/lib/x86_64-linux-gnu/libXrender.so.1.3.0
7f2aa5234000-7f2aa523e000 r-xp 00000000 08:06 271233                     /usr/lib/x86_64-linux-gnu/libXrandr.so.2.2.0
7f2aa523e000-7f2aa543d000 ---p 0000a000 08:06 271233                     /usr/lib/x86_64-linux-gnu/libXrandr.so.2.2.0
7f2aa543d000-7f2aa543e000 r--p 00009000 08:06 271233                     /usr/lib/x86_64-linux-gnu/libXrandr.so.2.2.0
7f2aa543e000-7f2aa543f000 rw-p 0000a000 08:06 271233                     /usr/lib/x86_64-linux-gnu/libXrandr.so.2.2.0
7f2aa543f000-7f2aa544e000 r-xp 00000000 08:06 271223                     /usr/lib/x86_64-linux-gnu/libXi.so.6.1.0
7f2aa544e000-7f2aa564d000 ---p 0000f000 08:06 271223                     /usr/lib/x86_64-linux-gnu/libXi.so.6.1.0
7f2aa564d000-7f2aa564e000 r--p 0000e000 08:06 271223                     /usr/lib/x86_64-linux-gnu/libXi.so.6.1.0
7f2aa564e000-7f2aa564f000 rw-p 0000f000 08:06 271223                     /usr/lib/x86_64-linux-gnu/libXi.so.6.1.0
7f2aa564f000-7f2aa5660000 r-xp 00000000 08:06 271215                     /usr/lib/x86_64-linux-gnu/libXext.so.6.4.0
7f2aa5660000-7f2aa585f000 ---p 00011000 08:06 271215                     /usr/lib/x86_64-linux-gnu/libXext.so.6.4.0
7f2aa585f000-7f2aa5860000 r--p 00010000 08:06 271215                     /usr/lib/x86_64-linux-gnu/libXext.so.6.4.0
7f2aa5860000-7f2aa5861000 rw-p 00011000 08:06 271215                     /usr/lib/x86_64-linux-gnu/libXext.so.6.4.0
7f2aa5861000-7f2aa5866000 r-xp 00000000 08:06 271251                     /usr/lib/x86_64-linux-gnu/libXxf86vm.so.1.0.0
7f2aa5866000-7f2aa5a65000 ---p 00005000 08:06 271251                     /usr/lib/x86_64-linux-gnu/libXxf86vm.so.1.0.0
7f2aa5a65000-7f2aa5a66000 r--p 00004000 08:06 271251                     /usr/lib/x86_64-linux-gnu/libXxf86vm.so.1.0.0
7f2aa5a66000-7f2aa5a67000 rw-p 00005000 08:06 271251                     /usr/lib/x86_64-linux-gnu/libXxf86vm.so.1.0.0
7f2aa5a67000-7f2aa5c67000 rw-p 00000000 00:00 0 
7f2aa5c67000-7f2aa5c6c000 r-xp 00000000 08:06 271213                     /usr/lib/x86_64-linux-gnu/libXdmcp.so.6.0.0
7f2aa5c6c000-7f2aa5e6b000 ---p 00005000 08:06 271213                     /usr/lib/x86_64-linux-gnu/libXdmcp.so.6.0.0
7f2aa5e6b000-7f2aa5e6c000 r--p 00004000 08:06 271213                     /usr/lib/x86_64-linux-gnu/libXdmcp.so.6.0.0
7f2aa5e6c000-7f2aa5e6d000 rw-p 00005000 08:06 271213                     /usr/lib/x86_64-linux-gnu/libXdmcp.so.6.0.0
7f2aa5e6d000-7f2aa5e6f000 r-xp 00000000 08:06 271202                     /usr/lib/x86_64-linux-gnu/libXau.so.6.0.0
7f2aa5e6f000-7f2aa606f000 ---p 00002000 08:06 271202                     /usr/lib/x86_64-linux-gnu/libXau.so.6.0.0
7f2aa606f000-7f2aa6070000 r--p 00002000 08:06 271202                     /usr/lib/x86_64-linux-gnu/libXau.so.6.0.0
7f2aa6070000-7f2aa6071000 rw-p 00003000 08:06 271202                     /usr/lib/x86_64-linux-gnu/libXau.so.6.0.0
7f2aa6071000-7f2aa6092000 r-xp 00000000 08:06 272426                     /usr/lib/x86_64-linux-gnu/libxcb.so.1.1.0
7f2aa6092000-7f2aa6291000 ---p 00021000 08:06 272426                     /usr/lib/x86_64-linux-gnu/libxcb.so.1.1.0
7f2aa6291000-7f2aa6292000 r--p 00020000 08:06 272426                     /usr/lib/x86_64-linux-gnu/libxcb.so.1.1.0
7f2aa6292000-7f2aa6293000 rw-p 00021000 08:06 272426                     /usr/lib/x86_64-linux-gnu/libxcb.so.1.1.0
7f2aa6293000-7f2aa63c8000 r-xp 00000000 08:06 271198                     /usr/lib/x86_64-linux-gnu/libX11.so.6.3.0
7f2aa63c8000-7f2aa65c8000 ---p 00135000 08:06 271198                     /usr/lib/x86_64-linux-gnu/libX11.so.6.3.0
7f2aa65c8000-7f2aa65c9000 r--p 00135000 08:06 271198                     /usr/lib/x86_64-linux-gnu/libX11.so.6.3.0
7f2aa65c9000-7f2aa65cd000 rw-p 00136000 08:06 271198                     /usr/lib/x86_64-linux-gnu/libX11.so.6.3.0
7f2aa65cd000-7f2aa6603000 r-xp 00000000 08:06 4332988                    /tmp/lwjglaurailus/3.1.6-build-14/libglfw.so
7f2aa6603000-7f2aa6802000 ---p 00036000 08:06 4332988                    /tmp/lwjglaurailus/3.1.6-build-14/libglfw.so
7f2aa6802000-7f2aa6803000 r--p 00035000 08:06 4332988                    /tmp/lwjglaurailus/3.1.6-build-14/libglfw.so
7f2aa6803000-7f2aa6804000 rw-p 00036000 08:06 4332988                    /tmp/lwjglaurailus/3.1.6-build-14/libglfw.so
7f2aa6804000-7f2aa6825000 rw-p 00000000 00:00 0 
7f2aa6825000-7f2aa7025000 rw-p 00000000 00:00 0 
7f2aa7025000-7f2aa7069000 r-xp 00000000 08:06 4332987                    /tmp/lwjglaurailus/3.1.6-build-14/libjemalloc.so
7f2aa7069000-7f2aa7269000 ---p 00044000 08:06 4332987                    /tmp/lwjglaurailus/3.1.6-build-14/libjemalloc.so
7f2aa7269000-7f2aa726e000 r--p 00044000 08:06 4332987                    /tmp/lwjglaurailus/3.1.6-build-14/libjemalloc.so
7f2aa726e000-7f2aa726f000 rw-p 00049000 08:06 4332987                    /tmp/lwjglaurailus/3.1.6-build-14/libjemalloc.so
7f2aa726f000-7f2aa747e000 rw-p 00000000 00:00 0 
7f2aa747e000-7f2aa74d2000 r-xp 00000000 08:06 4332986                    /tmp/lwjglaurailus/3.1.6-build-14/liblwjgl.so
7f2aa74d2000-7f2aa76d2000 ---p 00054000 08:06 4332986                    /tmp/lwjglaurailus/3.1.6-build-14/liblwjgl.so
7f2aa76d2000-7f2aa76d3000 r--p 00054000 08:06 4332986                    /tmp/lwjglaurailus/3.1.6-build-14/liblwjgl.so
7f2aa76d3000-7f2aa76d4000 rw-p 00055000 08:06 4332986                    /tmp/lwjglaurailus/3.1.6-build-14/liblwjgl.so
7f2aa76d4000-7f2aa76d8000 ---p 00000000 00:00 0 
7f2aa76d8000-7f2aa77d5000 rw-p 00000000 00:00 0 
7f2aa77d5000-7f2aa77d6000 r-xp 00000000 08:06 1986433                    /usr/lib/jvm/open-jdk/lib/libextnet.so
7f2aa77d6000-7f2aa79d5000 ---p 00001000 08:06 1986433                    /usr/lib/jvm/open-jdk/lib/libextnet.so
7f2aa79d5000-7f2aa79d6000 rw-p 00000000 08:06 1986433                    /usr/lib/jvm/open-jdk/lib/libextnet.so
7f2aa79d6000-7f2aa79d7000 ---p 00000000 00:00 0 
7f2aa79d7000-7f2aa7ad7000 rw-p 00000000 00:00 0 
7f2aa7ad7000-7f2aa7adb000 ---p 00000000 00:00 0 
7f2aa7adb000-7f2aa7bd8000 rw-p 00000000 00:00 0 
7f2aa7bd8000-7f2aa7bee000 r-xp 00000000 08:06 1986453                    /usr/lib/jvm/open-jdk/lib/libnet.so
7f2aa7bee000-7f2aa7dee000 ---p 00016000 08:06 1986453                    /usr/lib/jvm/open-jdk/lib/libnet.so
7f2aa7dee000-7f2aa7def000 rw-p 00016000 08:06 1986453                    /usr/lib/jvm/open-jdk/lib/libnet.so
7f2aa7def000-7f2aa7dff000 r-xp 00000000 08:06 1986454                    /usr/lib/jvm/open-jdk/lib/libnio.so
7f2aa7dff000-7f2aa7fff000 ---p 00010000 08:06 1986454                    /usr/lib/jvm/open-jdk/lib/libnio.so
7f2aa7fff000-7f2aa8000000 rw-p 00010000 08:06 1986454                    /usr/lib/jvm/open-jdk/lib/libnio.so
7f2aa8000000-7f2aa8021000 rw-p 00000000 00:00 0 
7f2aa8021000-7f2aac000000 ---p 00000000 00:00 0 
7f2aac000000-7f2aac021000 rw-p 00000000 00:00 0 
7f2aac021000-7f2ab0000000 ---p 00000000 00:00 0 
7f2ab0000000-7f2ab01f5000 rw-p 00000000 00:00 0 
7f2ab01f5000-7f2ab4000000 ---p 00000000 00:00 0 
7f2ab4000000-7f2ab42b7000 rw-p 00000000 00:00 0 
7f2ab42b7000-7f2ab8000000 ---p 00000000 00:00 0 
7f2ab8000000-7f2ab83e3000 rw-p 00000000 00:00 0 
7f2ab83e3000-7f2abc000000 ---p 00000000 00:00 0 
7f2abc000000-7f2abc0ed000 rw-p 00000000 00:00 0 
7f2abc0ed000-7f2ac0000000 ---p 00000000 00:00 0 
7f2ac0000000-7f2ac0021000 rw-p 00000000 00:00 0 
7f2ac0021000-7f2ac4000000 ---p 00000000 00:00 0 
7f2ac4000000-7f2ac4021000 rw-p 00000000 00:00 0 
7f2ac4021000-7f2ac8000000 ---p 00000000 00:00 0 
7f2ac8000000-7f2ac8021000 rw-p 00000000 00:00 0 
7f2ac8021000-7f2acc000000 ---p 00000000 00:00 0 
7f2acc000000-7f2acc021000 rw-p 00000000 00:00 0 
7f2acc021000-7f2ad0000000 ---p 00000000 00:00 0 
7f2ad0000000-7f2ad0021000 rw-p 00000000 00:00 0 
7f2ad0021000-7f2ad4000000 ---p 00000000 00:00 0 
7f2ad4000000-7f2ad4021000 rw-p 00000000 00:00 0 
7f2ad4021000-7f2ad8000000 ---p 00000000 00:00 0 
7f2ad8000000-7f2ad8021000 rw-p 00000000 00:00 0 
7f2ad8021000-7f2adc000000 ---p 00000000 00:00 0 
7f2adc000000-7f2adc021000 rw-p 00000000 00:00 0 
7f2adc021000-7f2ae0000000 ---p 00000000 00:00 0 
7f2ae0000000-7f2ae0021000 rw-p 00000000 00:00 0 
7f2ae0021000-7f2ae4000000 ---p 00000000 00:00 0 
7f2ae4000000-7f2ae4021000 rw-p 00000000 00:00 0 
7f2ae4021000-7f2ae8000000 ---p 00000000 00:00 0 
7f2ae8000000-7f2ae8021000 rw-p 00000000 00:00 0 
7f2ae8021000-7f2aec000000 ---p 00000000 00:00 0 
7f2aec000000-7f2aec021000 rw-p 00000000 00:00 0 
7f2aec021000-7f2af0000000 ---p 00000000 00:00 0 
7f2af0000000-7f2af0021000 rw-p 00000000 00:00 0 
7f2af0021000-7f2af4000000 ---p 00000000 00:00 0 
7f2af4013000-7f2af4017000 ---p 00000000 00:00 0 
7f2af4017000-7f2af4114000 rw-p 00000000 00:00 0 
7f2af4114000-7f2af4118000 ---p 00000000 00:00 0 
7f2af4118000-7f2af4215000 rw-p 00000000 00:00 0 
7f2af4215000-7f2af4219000 ---p 00000000 00:00 0 
7f2af4219000-7f2af4316000 rw-p 00000000 00:00 0 
7f2af4316000-7f2af431a000 ---p 00000000 00:00 0 
7f2af431a000-7f2af4417000 rw-p 00000000 00:00 0 
7f2af4417000-7f2af441b000 ---p 00000000 00:00 0 
7f2af441b000-7f2af4518000 rw-p 00000000 00:00 0 
7f2af4518000-7f2af451c000 ---p 00000000 00:00 0 
7f2af451c000-7f2af4619000 rw-p 00000000 00:00 0 
7f2af4619000-7f2af461d000 ---p 00000000 00:00 0 
7f2af461d000-7f2af471a000 rw-p 00000000 00:00 0 
7f2af471a000-7f2af471e000 ---p 00000000 00:00 0 
7f2af471e000-7f2af481b000 rw-p 00000000 00:00 0 
7f2af481b000-7f2af4af3000 r--p 00000000 08:06 264002                     /usr/lib/locale/locale-archive
7f2af4af3000-7f2af4af7000 ---p 00000000 00:00 0 
7f2af4af7000-7f2af4bf4000 rw-p 00000000 00:00 0 
7f2af4bf4000-7f2af4bf8000 ---p 00000000 00:00 0 
7f2af4bf8000-7f2af4cf5000 rw-p 00000000 00:00 0 
7f2af4cf5000-7f2af4cf6000 ---p 00000000 00:00 0 
7f2af4cf6000-7f2af55f6000 rw-p 00000000 00:00 0 
7f2af55f6000-7f2af55f7000 ---p 00000000 00:00 0 
7f2af55f7000-7f2af56f7000 rw-p 00000000 00:00 0 
7f2af56f7000-7f2af56f8000 ---p 00000000 00:00 0 
7f2af56f8000-7f2af57f8000 rw-p 00000000 00:00 0 
7f2af57f8000-7f2af57f9000 ---p 00000000 00:00 0 
7f2af57f9000-7f2af58f9000 rw-p 00000000 00:00 0 
7f2af58f9000-7f2af58fa000 ---p 00000000 00:00 0 
7f2af58fa000-7f2af59fa000 rw-p 00000000 00:00 0 
7f2af59fa000-7f2af59fb000 ---p 00000000 00:00 0 
7f2af59fb000-7f2af5afb000 rw-p 00000000 00:00 0 
7f2af5afb000-7f2af5afc000 ---p 00000000 00:00 0 
7f2af5afc000-7f2af5bfc000 rw-p 00000000 00:00 0 
7f2af5bfc000-7f2af5bfd000 ---p 00000000 00:00 0 
7f2af5bfd000-7f2af5cfd000 rw-p 00000000 00:00 0 
7f2af5cfd000-7f2af5cfe000 ---p 00000000 00:00 0 
7f2af5cfe000-7f2af5dfe000 rw-p 00000000 00:00 0 
7f2af5dfe000-7f2af5dff000 ---p 00000000 00:00 0 
7f2af5dff000-7f2af8000000 rw-p 00000000 00:00 0 
7f2af8000000-7f2af8021000 rw-p 00000000 00:00 0 
7f2af8021000-7f2afc000000 ---p 00000000 00:00 0 
7f2afc000000-7f2afc021000 rw-p 00000000 00:00 0 
7f2afc021000-7f2b00000000 ---p 00000000 00:00 0 
7f2b00000000-7f2b00021000 rw-p 00000000 00:00 0 
7f2b00021000-7f2b04000000 ---p 00000000 00:00 0 
7f2b0400e000-7f2b04021000 rw-s 00000000 00:06 479                        /dev/nvidiactl
7f2b04021000-7f2b04031000 rw-s 00000000 00:06 480                        /dev/nvidia0
7f2b04031000-7f2b04590000 rw-p 00000000 00:00 0 
7f2b04590000-7f2b08000000 ---p 00000000 00:00 0 
7f2b08000000-7f2b08021000 rw-p 00000000 00:00 0 
7f2b08021000-7f2b0c000000 ---p 00000000 00:00 0 
7f2b0c00c000-7f2b0c04c000 rw-s 00000000 00:06 479                        /dev/nvidiactl
7f2b0c04c000-7f2b0c590000 rw-p 00000000 00:00 0 
7f2b0c590000-7f2b10000000 ---p 00000000 00:00 0 
7f2b10000000-7f2b10021000 rw-p 00000000 00:00 0 
7f2b10021000-7f2b14000000 ---p 00000000 00:00 0 
7f2b14000000-7f2b14021000 rw-p 00000000 00:00 0 
7f2b14021000-7f2b18000000 ---p 00000000 00:00 0 
7f2b18000000-7f2b18021000 rw-p 00000000 00:00 0 
7f2b18021000-7f2b1c000000 ---p 00000000 00:00 0 
7f2b1c000000-7f2b1c021000 rw-p 00000000 00:00 0 
7f2b1c021000-7f2b20000000 ---p 00000000 00:00 0 
7f2b20000000-7f2b20021000 rw-p 00000000 00:00 0 
7f2b20021000-7f2b24000000 ---p 00000000 00:00 0 
7f2b24000000-7f2b24021000 rw-p 00000000 00:00 0 
7f2b24021000-7f2b28000000 ---p 00000000 00:00 0 
7f2b28000000-7f2b28021000 rw-p 00000000 00:00 0 
7f2b28021000-7f2b2c000000 ---p 00000000 00:00 0 
7f2b2c008000-7f2b2c048000 rw-s 00000000 00:06 479                        /dev/nvidiactl
7f2b2c048000-7f2b2c54d000 rw-p 00000000 00:00 0 
7f2b2c54d000-7f2b2c54e000 ---p 00000000 00:00 0 
7f2b2c54e000-7f2b2c64e000 rw-p 00000000 00:00 0 
7f2b2c64e000-7f2b2c64f000 ---p 00000000 00:00 0 
7f2b2c64f000-7f2b2c74f000 rw-p 00000000 00:00 0 
7f2b2c74f000-7f2b2c750000 ---p 00000000 00:00 0 
7f2b2c750000-7f2b2c9c7000 rw-p 00000000 00:00 0 
7f2b2c9c7000-7f2b2d115000 ---p 00000000 00:00 0 
7f2b2d115000-7f2b2d192000 rw-p 00000000 00:00 0 
7f2b2d192000-7f2b2d8e0000 ---p 00000000 00:00 0 
7f2b2d8e0000-7f2b2d95d000 rw-p 00000000 00:00 0 
7f2b2d95d000-7f2b2e0ab000 ---p 00000000 00:00 0 
7f2b2e0ab000-7f2b2e8b3000 rw-p 00000000 00:00 0 
7f2b2e8b3000-7f2b2e8b4000 ---p 00000000 00:00 0 
7f2b2e8b4000-7f2b2e9b4000 rw-p 00000000 00:00 0 
7f2b2e9b4000-7f2b2e9b5000 ---p 00000000 00:00 0 
7f2b2e9b5000-7f2b2eab5000 rw-p 00000000 00:00 0 
7f2b2eab5000-7f2b2eab6000 ---p 00000000 00:00 0 
7f2b2eab6000-7f2b2ebb6000 rw-p 00000000 00:00 0 
7f2b2ebb6000-7f2b2ebb7000 ---p 00000000 00:00 0 
7f2b2ebb7000-7f2b2ecb7000 rw-p 00000000 00:00 0 
7f2b2ecb7000-7f2b2ecb8000 ---p 00000000 00:00 0 
7f2b2ecb8000-7f2b2edb8000 rw-p 00000000 00:00 0 
7f2b2edb8000-7f2b2edb9000 ---p 00000000 00:00 0 
7f2b2edb9000-7f2b2eeb9000 rw-p 00000000 00:00 0 
7f2b2eeb9000-7f2b2eeba000 ---p 00000000 00:00 0 
7f2b2eeba000-7f2b2efba000 rw-p 00000000 00:00 0 
7f2b2efba000-7f2b2efbb000 ---p 00000000 00:00 0 
7f2b2efbb000-7f2b2f0bb000 rw-p 00000000 00:00 0 
7f2b2f0bb000-7f2b2f32b000 rwxp 00000000 00:00 0 
7f2b2f32b000-7f2b2f64c000 ---p 00000000 00:00 0 
7f2b2f64c000-7f2b2f8bc000 rwxp 00000000 00:00 0 
7f2b2f8bc000-7f2b36b83000 ---p 00000000 00:00 0 
7f2b36b83000-7f2b36df3000 rwxp 00000000 00:00 0 
7f2b36df3000-7f2b3e0bb000 ---p 00000000 00:00 0 
7f2b3e0bb000-7f2b47595000 r--s 00000000 08:06 1986464                    /usr/lib/jvm/open-jdk/lib/modules
7f2b47595000-7f2b475af000 r-xp 00000000 08:06 1986444                    /usr/lib/jvm/open-jdk/lib/libjimage.so
7f2b475af000-7f2b477ae000 ---p 0001a000 08:06 1986444                    /usr/lib/jvm/open-jdk/lib/libjimage.so
7f2b477ae000-7f2b477b0000 rw-p 00019000 08:06 1986444                    /usr/lib/jvm/open-jdk/lib/libjimage.so
7f2b477b0000-7f2b477c2000 rw-p 00000000 00:00 0 
7f2b477c2000-7f2b477c9000 r-xp 00000000 08:06 1986463                    /usr/lib/jvm/open-jdk/lib/libzip.so
7f2b477c9000-7f2b479c8000 ---p 00007000 08:06 1986463                    /usr/lib/jvm/open-jdk/lib/libzip.so
7f2b479c8000-7f2b479c9000 rw-p 00006000 08:06 1986463                    /usr/lib/jvm/open-jdk/lib/libzip.so
7f2b479c9000-7f2b479d4000 r-xp 00000000 08:06 4203095                    /lib/x86_64-linux-gnu/libnss_files-2.23.so
7f2b479d4000-7f2b47bd3000 ---p 0000b000 08:06 4203095                    /lib/x86_64-linux-gnu/libnss_files-2.23.so
7f2b47bd3000-7f2b47bd4000 r--p 0000a000 08:06 4203095                    /lib/x86_64-linux-gnu/libnss_files-2.23.so
7f2b47bd4000-7f2b47bd5000 rw-p 0000b000 08:06 4203095                    /lib/x86_64-linux-gnu/libnss_files-2.23.so
7f2b47bd5000-7f2b47bdb000 rw-p 00000000 00:00 0 
7f2b47bdb000-7f2b47be6000 r-xp 00000000 08:06 4203104                    /lib/x86_64-linux-gnu/libnss_nis-2.23.so
7f2b47be6000-7f2b47de5000 ---p 0000b000 08:06 4203104                    /lib/x86_64-linux-gnu/libnss_nis-2.23.so
7f2b47de5000-7f2b47de6000 r--p 0000a000 08:06 4203104                    /lib/x86_64-linux-gnu/libnss_nis-2.23.so
7f2b47de6000-7f2b47de7000 rw-p 0000b000 08:06 4203104                    /lib/x86_64-linux-gnu/libnss_nis-2.23.so
7f2b47de7000-7f2b47dfd000 r-xp 00000000 08:06 4196069                    /lib/x86_64-linux-gnu/libnsl-2.23.so
7f2b47dfd000-7f2b47ffc000 ---p 00016000 08:06 4196069                    /lib/x86_64-linux-gnu/libnsl-2.23.so
7f2b47ffc000-7f2b47ffd000 r--p 00015000 08:06 4196069                    /lib/x86_64-linux-gnu/libnsl-2.23.so
7f2b47ffd000-7f2b47ffe000 rw-p 00016000 08:06 4196069                    /lib/x86_64-linux-gnu/libnsl-2.23.so
7f2b47ffe000-7f2b48000000 rw-p 00000000 00:00 0 
7f2b48000000-7f2b488f2000 rw-p 00000000 00:00 0 
7f2b488f2000-7f2b4c000000 ---p 00000000 00:00 0 
7f2b4c000000-7f2b4c020000 rw-s 00000000 00:06 479                        /dev/nvidiactl
7f2b4c020000-7f2b4c025000 rw-p 00000000 00:00 0 
7f2b4c025000-7f2b4c10b000 ---p 00000000 00:00 0 
7f2b4c10b000-7f2b4c110000 rw-p 00000000 00:00 0 
7f2b4c110000-7f2b4c1f6000 ---p 00000000 00:00 0 
7f2b4c1f6000-7f2b4c1fe000 r-xp 00000000 08:06 4203082                    /lib/x86_64-linux-gnu/libnss_compat-2.23.so
7f2b4c1fe000-7f2b4c3fd000 ---p 00008000 08:06 4203082                    /lib/x86_64-linux-gnu/libnss_compat-2.23.so
7f2b4c3fd000-7f2b4c3fe000 r--p 00007000 08:06 4203082                    /lib/x86_64-linux-gnu/libnss_compat-2.23.so
7f2b4c3fe000-7f2b4c3ff000 rw-p 00008000 08:06 4203082                    /lib/x86_64-linux-gnu/libnss_compat-2.23.so
7f2b4c3ff000-7f2b4c409000 r-xp 00000000 08:06 1986435                    /usr/lib/jvm/open-jdk/lib/libinstrument.so
7f2b4c409000-7f2b4c608000 ---p 0000a000 08:06 1986435                    /usr/lib/jvm/open-jdk/lib/libinstrument.so
7f2b4c608000-7f2b4c609000 rw-p 00009000 08:06 1986435                    /usr/lib/jvm/open-jdk/lib/libinstrument.so
7f2b4c609000-7f2b4c633000 r-xp 00000000 08:06 1986440                    /usr/lib/jvm/open-jdk/lib/libjava.so
7f2b4c633000-7f2b4c833000 ---p 0002a000 08:06 1986440                    /usr/lib/jvm/open-jdk/lib/libjava.so
7f2b4c833000-7f2b4c835000 rw-p 0002a000 08:06 1986440                    /usr/lib/jvm/open-jdk/lib/libjava.so
7f2b4c835000-7f2b4c842000 r-xp 00000000 08:06 1986462                    /usr/lib/jvm/open-jdk/lib/libverify.so
7f2b4c842000-7f2b4ca41000 ---p 0000d000 08:06 1986462                    /usr/lib/jvm/open-jdk/lib/libverify.so
7f2b4ca41000-7f2b4ca43000 rw-p 0000c000 08:06 1986462                    /usr/lib/jvm/open-jdk/lib/libverify.so
7f2b4ca43000-7f2b4ca4a000 r-xp 00000000 08:06 4203106                    /lib/x86_64-linux-gnu/librt-2.23.so
7f2b4ca4a000-7f2b4cc49000 ---p 00007000 08:06 4203106                    /lib/x86_64-linux-gnu/librt-2.23.so
7f2b4cc49000-7f2b4cc4a000 r--p 00006000 08:06 4203106                    /lib/x86_64-linux-gnu/librt-2.23.so
7f2b4cc4a000-7f2b4cc4b000 rw-p 00007000 08:06 4203106                    /lib/x86_64-linux-gnu/librt-2.23.so
7f2b4cc4b000-7f2b4cd53000 r-xp 00000000 08:06 4196042                    /lib/x86_64-linux-gnu/libm-2.23.so
7f2b4cd53000-7f2b4cf52000 ---p 00108000 08:06 4196042                    /lib/x86_64-linux-gnu/libm-2.23.so
7f2b4cf52000-7f2b4cf53000 r--p 00107000 08:06 4196042                    /lib/x86_64-linux-gnu/libm-2.23.so
7f2b4cf53000-7f2b4cf54000 rw-p 00108000 08:06 4196042                    /lib/x86_64-linux-gnu/libm-2.23.so
7f2b4cf54000-7f2b4df64000 r-xp 00000000 08:06 1986472                    /usr/lib/jvm/open-jdk/lib/server/libjvm.so
7f2b4df64000-7f2b4e163000 ---p 01010000 08:06 1986472                    /usr/lib/jvm/open-jdk/lib/server/libjvm.so
7f2b4e163000-7f2b4e240000 r--p 0100f000 08:06 1986472                    /usr/lib/jvm/open-jdk/lib/server/libjvm.so
7f2b4e240000-7f2b4e279000 rw-p 010ec000 08:06 1986472                    /usr/lib/jvm/open-jdk/lib/server/libjvm.so
7f2b4e279000-7f2b4e2d6000 rw-p 00000000 00:00 0 
7f2b4e2d6000-7f2b4e496000 r-xp 00000000 08:06 4196084                    /lib/x86_64-linux-gnu/libc-2.23.so
7f2b4e496000-7f2b4e696000 ---p 001c0000 08:06 4196084                    /lib/x86_64-linux-gnu/libc-2.23.so
7f2b4e696000-7f2b4e69a000 r--p 001c0000 08:06 4196084                    /lib/x86_64-linux-gnu/libc-2.23.so
7f2b4e69a000-7f2b4e69c000 rw-p 001c4000 08:06 4196084                    /lib/x86_64-linux-gnu/libc-2.23.so
7f2b4e69c000-7f2b4e6a0000 rw-p 00000000 00:00 0 
7f2b4e6a0000-7f2b4e6a3000 r-xp 00000000 08:06 4203071                    /lib/x86_64-linux-gnu/libdl-2.23.so
7f2b4e6a3000-7f2b4e8a2000 ---p 00003000 08:06 4203071                    /lib/x86_64-linux-gnu/libdl-2.23.so
7f2b4e8a2000-7f2b4e8a3000 r--p 00002000 08:06 4203071                    /lib/x86_64-linux-gnu/libdl-2.23.so
7f2b4e8a3000-7f2b4e8a4000 rw-p 00003000 08:06 4203071                    /lib/x86_64-linux-gnu/libdl-2.23.so
7f2b4e8a4000-7f2b4e8b2000 r-xp 00000000 08:06 1986425                    /usr/lib/jvm/open-jdk/lib/jli/libjli.so
7f2b4e8b2000-7f2b4eab2000 ---p 0000e000 08:06 1986425                    /usr/lib/jvm/open-jdk/lib/jli/libjli.so
7f2b4eab2000-7f2b4eab3000 rw-p 0000e000 08:06 1986425                    /usr/lib/jvm/open-jdk/lib/jli/libjli.so
7f2b4eab3000-7f2b4eacb000 r-xp 00000000 08:06 4196083                    /lib/x86_64-linux-gnu/libpthread-2.23.so
7f2b4eacb000-7f2b4ecca000 ---p 00018000 08:06 4196083                    /lib/x86_64-linux-gnu/libpthread-2.23.so
7f2b4ecca000-7f2b4eccb000 r--p 00017000 08:06 4196083                    /lib/x86_64-linux-gnu/libpthread-2.23.so
7f2b4eccb000-7f2b4eccc000 rw-p 00018000 08:06 4196083                    /lib/x86_64-linux-gnu/libpthread-2.23.so
7f2b4eccc000-7f2b4ecd0000 rw-p 00000000 00:00 0 
7f2b4ecd0000-7f2b4ece9000 r-xp 00000000 08:06 556371                     /usr/local/lib/libz.so.1.2.8
7f2b4ece9000-7f2b4eee8000 ---p 00019000 08:06 556371                     /usr/local/lib/libz.so.1.2.8
7f2b4eee8000-7f2b4eee9000 r--p 00018000 08:06 556371                     /usr/local/lib/libz.so.1.2.8
7f2b4eee9000-7f2b4eeea000 rw-p 00019000 08:06 556371                     /usr/local/lib/libz.so.1.2.8
7f2b4eeea000-7f2b4ef10000 r-xp 00000000 08:06 4196078                    /lib/x86_64-linux-gnu/ld-2.23.so
7f2b4ef13000-7f2b4ef33000 rw-s 00000000 00:06 479                        /dev/nvidiactl
7f2b4ef33000-7f2b4ef53000 rw-s 00000000 00:06 479                        /dev/nvidiactl
7f2b4ef53000-7f2b4efd8000 rw-p 00000000 00:00 0 
7f2b4efd8000-7f2b4efdc000 ---p 00000000 00:00 0 
7f2b4efdc000-7f2b4f0de000 rw-p 00000000 00:00 0 
7f2b4f0e0000-7f2b4f0e5000 r-xp 00000000 00:00 0 
7f2b4f0e5000-7f2b4f0e7000 rw-s 00000000 08:06 4333040                    /tmp/.glJ8mSbI (deleted)
7f2b4f0e7000-7f2b4f0e8000 rw-s 00000000 00:06 479                        /dev/nvidiactl
7f2b4f0e8000-7f2b4f0ec000 rw-s 00000000 00:06 479                        /dev/nvidiactl
7f2b4f0ec000-7f2b4f0ed000 rw-s 00000000 00:06 480                        /dev/nvidia0
7f2b4f0ed000-7f2b4f0ee000 rw-s 00000000 00:06 480                        /dev/nvidia0
7f2b4f0ee000-7f2b4f0ef000 rw-s 00000000 00:06 480                        /dev/nvidia0
7f2b4f0ef000-7f2b4f0f0000 rw-s 00000000 00:06 479                        /dev/nvidiactl
7f2b4f0f0000-7f2b4f0f7000 r--s 00000000 08:06 409725                     /usr/lib/x86_64-linux-gnu/gconv/gconv-modules.cache
7f2b4f0f7000-7f2b4f0f8000 r-xp 00000000 00:00 0 
7f2b4f0f8000-7f2b4f0fe000 rw-p 00000000 00:00 0 
7f2b4f0fe000-7f2b4f105000 ---p 00000000 00:00 0 
7f2b4f105000-7f2b4f10d000 rw-s 00000000 08:06 4333039                    /tmp/hsperfdata_aurailus/5831
7f2b4f10d000-7f2b4f10e000 ---p 00000000 00:00 0 
7f2b4f10e000-7f2b4f10f000 r--p 00000000 00:00 0 
7f2b4f10f000-7f2b4f110000 r--p 00025000 08:06 4196078                    /lib/x86_64-linux-gnu/ld-2.23.so
7f2b4f110000-7f2b4f111000 rw-p 00026000 08:06 4196078                    /lib/x86_64-linux-gnu/ld-2.23.so
7f2b4f111000-7f2b4f112000 rw-p 00000000 00:00 0 
7ffc280d5000-7ffc280f7000 rw-p 00000000 00:00 0                          [stack]
7ffc2816f000-7ffc28172000 r--p 00000000 00:00 0                          [vvar]
7ffc28172000-7ffc28174000 r-xp 00000000 00:00 0                          [vdso]
ffffffffff600000-ffffffffff601000 r-xp 00000000 00:00 0                  [vsyscall]


VM Arguments:
jvm_args: -javaagent:/opt/user-applications/idea/lib/idea_rt.jar=45739:/opt/user-applications/idea/bin -Dfile.encoding=UTF-8 
java_command: Zeus.game.Main
java_class_path (initial): /home/aurailus/IdeaProjects/Zeus/target/classes:/home/aurailus/.m2/repository/org/l33tlabs/twl/pngdecoder/1.0/pngdecoder-1.0.jar:/home/aurailus/.m2/repository/org/joml/joml/1.9.9/joml-1.9.9.jar:/home/aurailus/.m2/repository/org/lwjgl/lwjgl/3.1.6/lwjgl-3.1.6.jar:/home/aurailus/.m2/repository/org/lwjgl/lwjgl-assimp/3.1.6/lwjgl-assimp-3.1.6.jar:/home/aurailus/.m2/repository/org/lwjgl/lwjgl-bgfx/3.1.6/lwjgl-bgfx-3.1.6.jar:/home/aurailus/.m2/repository/org/lwjgl/lwjgl-egl/3.1.6/lwjgl-egl-3.1.6.jar:/home/aurailus/.m2/repository/org/lwjgl/lwjgl-glfw/3.1.6/lwjgl-glfw-3.1.6.jar:/home/aurailus/.m2/repository/org/lwjgl/lwjgl-jawt/3.1.6/lwjgl-jawt-3.1.6.jar:/home/aurailus/.m2/repository/org/lwjgl/lwjgl-jemalloc/3.1.6/lwjgl-jemalloc-3.1.6.jar:/home/aurailus/.m2/repository/org/lwjgl/lwjgl-lmdb/3.1.6/lwjgl-lmdb-3.1.6.jar:/home/aurailus/.m2/repository/org/lwjgl/lwjgl-lz4/3.1.6/lwjgl-lz4-3.1.6.jar:/home/aurailus/.m2/repository/org/lwjgl/lwjgl-nanovg/3.1.6/lwjgl-nanovg-3.1.6.jar:/home/aurailus/.m2/repository/org/lwjgl/lwjgl-nfd/3.1.6/lwjgl-nfd-3.1.6.jar:/home/aurailus/.m2/repository/org/lwjgl/lwjgl-nuklear/3.1.6/lwjgl-nuklear-3.1.6.jar:/home/aurailus/.m2/repository/org/lwjgl/lwjgl-odbc/3.1.6/lwjgl-odbc-3.1.6.jar:/home/aurailus/.m2/repository/org/lwjgl/lwjgl-openal/3.1.6/lwjgl-openal-3.1.6.jar:/home/aurailus/.m2/repository/org/lwjgl/lwjgl-opencl/3.1.6/lwjgl-opencl-3.1.6.jar:/home/aurailus/.m2/repository/org/lwjgl/lwjgl-opengl/3.1.6/lwjgl-opengl-3.1.6.jar:/home/aurailus/.m2/repository/org/lwjgl/lwjgl-opengles/3.1.6/lwjgl-opengles-3.1.6.jar:/home/aurailus/.m2/repository/org/lwjgl/lwjgl-openvr/3.1.6/lwjgl-openvr-3.1.6.jar:/home/aurailus/.m2/repository/org/lwjgl/lwjgl-ovr/3.1.6/lwjgl-ovr-3.1.6.jar:/home/aurailus/.m2/repository/org/lwjgl/lwjgl-par/3.1.6/lwjgl-par-3.1.6.jar:/home/aurailus/.m2/repository/org/lwjgl/lwjgl-remotery/3.1.6/lwjgl-remotery-3.1.6.jar:/home/aurailus/.m2/repository/org/lwjgl/lwjgl-rpmalloc/3.1.6/lwjgl-rpmalloc-3.1.6.jar:/home/aurailus/.m2/
Launcher Type: SUN_STANDARD

Logging:
Log output configuration:
#0: stdout all=warning uptime,level,tags
#1: stderr all=off uptime,level,tags

Environment Variables:
JAVA_HOME=/usr/lib/jvm/java-8-oracle
PATH=/home/aurailus/bin:/home/aurailus/.local/bin:/usr/local/sbin:/usr/local/bin:/usr/sbin:/usr/bin:/sbin:/bin:/usr/games:/usr/local/games:/snap/bin:/usr/lib/jvm/java-8-oracle/bin:/usr/lib/jvm/java-8-oracle/db/bin:/usr/lib/jvm/java-8-oracle/jre/bin
SHELL=/bin/bash
DISPLAY=:0.0

Signal Handlers:
SIGSEGV: [libjvm.so+0xd3d050], sa_mask[0]=11111111011111111101111111111110, sa_flags=SA_RESTART|SA_SIGINFO
SIGBUS: [libjvm.so+0xd3d050], sa_mask[0]=11111111011111111101111111111110, sa_flags=SA_RESTART|SA_SIGINFO
SIGFPE: [libjvm.so+0xd3d050], sa_mask[0]=11111111011111111101111111111110, sa_flags=SA_RESTART|SA_SIGINFO
SIGPIPE: [libjvm.so+0xb51210], sa_mask[0]=11111111011111111101111111111110, sa_flags=SA_RESTART|SA_SIGINFO
SIGXFSZ: [libjvm.so+0xb51210], sa_mask[0]=11111111011111111101111111111110, sa_flags=SA_RESTART|SA_SIGINFO
SIGILL: [libjvm.so+0xd3d050], sa_mask[0]=11111111011111111101111111111110, sa_flags=SA_RESTART|SA_SIGINFO
SIGUSR2: [libjvm.so+0xb515a0], sa_mask[0]=00100000000000000000000000000000, sa_flags=SA_RESTART|SA_SIGINFO
SIGHUP: SIG_IGN, sa_mask[0]=00000000000000000000000000000000, sa_flags=none
SIGINT: [libjvm.so+0xb51530], sa_mask[0]=11111111011111111101111111111110, sa_flags=SA_RESTART|SA_SIGINFO
SIGTERM: [libjvm.so+0xb51530], sa_mask[0]=11111111011111111101111111111110, sa_flags=SA_RESTART|SA_SIGINFO
SIGQUIT: [libjvm.so+0xb51530], sa_mask[0]=11111111011111111101111111111110, sa_flags=SA_RESTART|SA_SIGINFO


---------------  S Y S T E M  ---------------

OS:DISTRIB_ID=Ubuntu
DISTRIB_RELEASE=16.04
DISTRIB_CODENAME=xenial
DISTRIB_DESCRIPTION="Ubuntu 16.04.4 LTS"
uname:Linux 4.13.0-45-generic #50~16.04.1-Ubuntu SMP Wed May 30 11:18:27 UTC 2018 x86_64
libc:glibc 2.23 NPTL 2.23 
rlimit: STACK 8192k, CORE 0k, NPROC 62716, NOFILE 1048576, AS infinity, DATA infinity, FSIZE infinity
load average:1.11 1.81 1.72

/proc/meminfo:
MemTotal:       16338456 kB
MemFree:         1346332 kB
MemAvailable:    9821752 kB
Buffers:         1010152 kB
Cached:          6868896 kB
SwapCached:        54964 kB
Active:          8766548 kB
Inactive:        4389716 kB
Active(anon):    5238664 kB
Inactive(anon):   479276 kB
Active(file):    3527884 kB
Inactive(file):  3910440 kB
Unevictable:          64 kB
Mlocked:              64 kB
SwapTotal:       3949564 kB
SwapFree:        3486716 kB
Dirty:              1348 kB
Writeback:             0 kB
AnonPages:       5255748 kB
Mapped:          1015020 kB
Shmem:            440720 kB
Slab:            1509764 kB
SReclaimable:    1374220 kB
SUnreclaim:       135544 kB
KernelStack:       18944 kB
PageTables:        72720 kB
NFS_Unstable:          0 kB
Bounce:                0 kB
WritebackTmp:          0 kB
CommitLimit:    12118792 kB
Committed_AS:   15062392 kB
VmallocTotal:   34359738367 kB
VmallocUsed:           0 kB
VmallocChunk:          0 kB
HardwareCorrupted:     0 kB
AnonHugePages:         0 kB
ShmemHugePages:        0 kB
ShmemPmdMapped:        0 kB
CmaTotal:              0 kB
CmaFree:               0 kB
HugePages_Total:       0
HugePages_Free:        0
HugePages_Rsvd:        0
HugePages_Surp:        0
Hugepagesize:       2048 kB
DirectMap4k:      656760 kB
DirectMap2M:    16033792 kB
DirectMap1G:           0 kB

container (cgroup) information:
container_type: cgroupv1
cpu_cpuset_cpus: 0-7
cpu_memory_nodes: 0
active_processor_count: 8
cpu_quota: -1
cpu_period: 100000
cpu_shares: -1
memory_limit_in_bytes: -1
memory_and_swap_limit_in_bytes: -2
memory_soft_limit_in_bytes: -1
memory_usage_in_bytes: 13453520896
memory_max_usage_in_bytes: 0


CPU:total 8 (initial active 8) (4 cores per cpu, 2 threads per core) family 6 model 60 stepping 3, cmov, cx8, fxsr, mmx, sse, sse2, sse3, ssse3, sse4.1, sse4.2, popcnt, avx, avx2, aes, clmul, erms, lzcnt, ht, tsc, tscinvbit, bmi1, bmi2, fma
CPU Model and flags from /proc/cpuinfo:
model name	: Intel(R) Core(TM) i7-4770 CPU @ 3.40GHz
flags		: fpu vme de pse tsc msr pae mce cx8 apic sep mtrr pge mca cmov pat pse36 clflush dts acpi mmx fxsr sse sse2 ss ht tm pbe syscall nx pdpe1gb rdtscp lm constant_tsc arch_perfmon pebs bts rep_good nopl xtopology nonstop_tsc cpuid aperfmperf pni pclmulqdq dtes64 monitor ds_cpl vmx smx est tm2 ssse3 sdbg fma cx16 xtpr pdcm pcid sse4_1 sse4_2 x2apic movbe popcnt tsc_deadline_timer aes xsave avx f16c rdrand lahf_lm abm cpuid_fault epb invpcid_single pti retpoline spec_ctrl tpr_shadow vnmi flexpriority ept vpid fsgsbase tsc_adjust bmi1 avx2 smep bmi2 erms invpcid xsaveopt dtherm ida arat pln pts

Memory: 4k page, physical 16338456k(1346332k free), swap 3949564k(3486716k free)

vm_info: OpenJDK 64-Bit Server VM (10.0.2+13) for linux-amd64 JRE (10.0.2+13), built on Jun 27 2018 17:52:12 by "mach5one" with gcc 4.9.2

END.
