#
# A fatal error has been detected by the Java Runtime Environment:
#
#  SIGSEGV (0xb) at pc=0x00007fab9a8a99c4, pid=4963, tid=5035
#
# JRE version: OpenJDK Runtime Environment (10.0.2+13) (build 10.0.2+13)
# Java VM: OpenJDK 64-Bit Server VM (10.0.2+13, mixed mode, tiered, compressed oops, g1 gc, linux-amd64)
# Problematic frame:
# C  [liblwjgl.so+0x2f9c4]
#
# Core dump will be written. Default location: Core dumps may be processed with "/usr/share/apport/apport %p %s %c %d %P" (or dumping to /home/aurailus/IdeaProjects/Zeus/core.4963)
#
# If you would like to submit a bug report, please visit:
#   http://bugreport.java.com/bugreport/crash.jsp
# The crash happened outside the Java Virtual Machine in native code.
# See problematic frame for where to report the bug.
#

---------------  S U M M A R Y ------------

Command Line: -javaagent:/opt/user-applications/idea/lib/idea_rt.jar=35805:/opt/user-applications/idea/bin -Dfile.encoding=UTF-8 Zeus.game.Main

Host: Intel(R) Core(TM) i7-4770 CPU @ 3.40GHz, 8 cores, 15G, Ubuntu 16.04.4 LTS
Time: Sat Jul 28 15:19:05 2018 PDT elapsed time: 0 seconds (0d 0h 0m 0s)

---------------  T H R E A D  ---------------

Current thread (0x00007fac105a2000):  JavaThread "GameLoopThread" [_thread_in_native, id=5035, stack(0x00007fab9aad0000,0x00007fab9abd1000)]

Stack: [0x00007fab9aad0000,0x00007fab9abd1000],  sp=0x00007fab9abcf5e0,  free space=1021k
Native frames: (J=compiled Java code, A=aot compiled Java code, j=interpreted, Vv=VM code, C=native code)
C  [liblwjgl.so+0x2f9c4]
j  Zeus.engine.graphics.Mesh.<init>([F[F[F[I)V+89
j  Zeus.engine.OBJLoader.reorderLists(Ljava/util/List;Ljava/util/List;Ljava/util/List;Ljava/util/List;)LZeus/engine/graphics/Mesh;+256
j  Zeus.engine.OBJLoader.loadMesh(Ljava/lang/String;)LZeus/engine/graphics/Mesh;+391
j  Zeus.game.objects.SkyBox.<init>(Ljava/lang/String;Ljava/lang/String;)V+5
j  Zeus.game.ZeusGame.init(LZeus/engine/Window;)V+48
j  Zeus.engine.GameEngine.init()V+33
j  Zeus.engine.GameEngine.run()V+1
j  java.lang.Thread.run()V+11 java.base@10.0.2
v  ~StubRoutines::call_stub
V  [libjvm.so+0x871532]  JavaCalls::call_helper(JavaValue*, methodHandle const&, JavaCallArguments*, Thread*)+0x412
V  [libjvm.so+0x86fa50]  JavaCalls::call_virtual(JavaValue*, Handle, Klass*, Symbol*, Symbol*, Thread*)+0x1d0
V  [libjvm.so+0x8b845a]  thread_entry(JavaThread*, Thread*)+0x8a
V  [libjvm.so+0xcd9ac8]  JavaThread::thread_main_inner()+0x108
V  [libjvm.so+0xb5a732]  thread_native_entry(Thread*)+0xf2
C  [libpthread.so.0+0x76ba]  start_thread+0xca

Java frames: (J=compiled Java code, j=interpreted, Vv=VM code)
j  org.lwjgl.opengles.GLES20.glBindBuffer(II)V+0
j  Zeus.engine.graphics.Mesh.<init>([F[F[F[I)V+89
j  Zeus.engine.OBJLoader.reorderLists(Ljava/util/List;Ljava/util/List;Ljava/util/List;Ljava/util/List;)LZeus/engine/graphics/Mesh;+256
j  Zeus.engine.OBJLoader.loadMesh(Ljava/lang/String;)LZeus/engine/graphics/Mesh;+391
j  Zeus.game.objects.SkyBox.<init>(Ljava/lang/String;Ljava/lang/String;)V+5
j  Zeus.game.ZeusGame.init(LZeus/engine/Window;)V+48
j  Zeus.engine.GameEngine.init()V+33
j  Zeus.engine.GameEngine.run()V+1
j  java.lang.Thread.run()V+11 java.base@10.0.2
v  ~StubRoutines::call_stub

siginfo: si_signo: 11 (SIGSEGV), si_code: 1 (SEGV_MAPERR), si_addr: 0x0000000000000000

Register to memory mapping:

RAX=0x00000000000000a5 is an unknown value
RBX={method} {0x00007fab5cdfe068} 'glBindBuffer' '(II)V' in 'org/lwjgl/opengles/GLES20'
RCX=0x00007fac158302dd: __write+0x000000000000002d in /lib/x86_64-linux-gnu/libc.so.6 at 0x00007fac15739000
RDX=0x00007fac15aff770: <offset 0x00000000003c6770> in /lib/x86_64-linux-gnu/libc.so.6 at 0x00007fac15739000
RSP=0x00007fab9abcf5e0 is pointing into the stack for thread: 0x00007fac105a2000
RBP=0x00007fab9abcf648 is pointing into the stack for thread: 0x00007fac105a2000
RSI=0x00007fab9a8b9400: <offset 0x000000000003f400> in /tmp/lwjglaurailus/3.1.6-build-14/liblwjgl.so at 0x00007fab9a87a000
RDI=0x0000000000000000 is an unknown value
R8 =0x00000000000000a5 is an unknown value
R9 =0x00007fac15afe540: _IO_2_1_stderr_+0x0000000000000000 in /lib/x86_64-linux-gnu/libc.so.6 at 0x00007fac15739000
R10=0x0000000000000001 is an unknown value
R11=0x0000000000000000 is an unknown value
R12=0x0000000000000000 is an unknown value
R13=0x00007fab5cdfe060 is pointing into metadata
R14=0x00007fab9abcf670 is pointing into the stack for thread: 0x00007fac105a2000
R15=0x00007fac105a2000 is a thread


Registers:
RAX=0x00000000000000a5, RBX=0x00007fab5cdfe068, RCX=0x00007fac158302dd, RDX=0x00007fac15aff770
RSP=0x00007fab9abcf5e0, RBP=0x00007fab9abcf648, RSI=0x00007fab9a8b9400, RDI=0x0000000000000000
R8 =0x00000000000000a5, R9 =0x00007fac15afe540, R10=0x0000000000000001, R11=0x0000000000000000
R12=0x0000000000000000, R13=0x00007fab5cdfe060, R14=0x00007fab9abcf670, R15=0x00007fac105a2000
RIP=0x00007fab9a8a99c4, EFLAGS=0x0000000000010246, CSGSFS=0x002b000000000033, ERR=0x0000000000000004
  TRAPNO=0x000000000000000e

Top of Stack: (sp=0x00007fab9abcf5e0)
0x00007fab9abcf5e0:   00007fab9abcf648 00007fabf6675850
0x00007fab9abcf5f0:   00007fab9abcf660 00007fabf6675556
0x00007fab9abcf600:   00007fab9abcf600 00007fab5cdfe060
0x00007fab9abcf610:   00007fab9abcf670 00007fab5ce12b38 

Instructions: (pc=0x00007fab9a8a99c4)
0x00007fab9a8a99a4:   48 8b 05 4d 56 22 00 48 8d 3d a6 fa 00 00 ba a5
0x00007fab9a8a99b4:   00 00 00 be 01 00 00 00 48 8b 08 e8 6c 0a ff ff
0x00007fab9a8a99c4:   8b 04 25 00 00 00 00 0f 0b 0f 1f 00 48 89 d7 e9
0x00007fab9a8a99d4:   38 02 ff ff 0f 1f 84 00 00 00 00 00 48 89 ce 48 


---------------  P R O C E S S  ---------------

Threads class SMR info:
_java_thread_list=0x00007fac1027e4f0, length=13, elements={
0x00007fac10209000, 0x00007fac1020b000, 0x00007fac10214800, 0x00007fac1021f000,
0x00007fac10221000, 0x00007fac10223000, 0x00007fac10225000, 0x00007fac10227000,
0x00007fac102ce800, 0x00007fac10578800, 0x00007fac10573000, 0x00007fac105a2000,
0x00007fac10013800
}

Java Threads: ( => current thread )
  0x00007fac10209000 JavaThread "Reference Handler" daemon [_thread_blocked, id=5013, stack(0x00007fabd4522000,0x00007fabd4623000)]
  0x00007fac1020b000 JavaThread "Finalizer" daemon [_thread_blocked, id=5014, stack(0x00007fabd4421000,0x00007fabd4522000)]
  0x00007fac10214800 JavaThread "Signal Dispatcher" daemon [_thread_blocked, id=5022, stack(0x00007fabd4048000,0x00007fabd4149000)]
  0x00007fac1021f000 JavaThread "C2 CompilerThread0" daemon [_thread_blocked, id=5023, stack(0x00007fabc824f000,0x00007fabc8350000)]
  0x00007fac10221000 JavaThread "C2 CompilerThread1" daemon [_thread_blocked, id=5024, stack(0x00007fabc814e000,0x00007fabc824f000)]
  0x00007fac10223000 JavaThread "C2 CompilerThread2" daemon [_thread_blocked, id=5025, stack(0x00007fabc804d000,0x00007fabc814e000)]
  0x00007fac10225000 JavaThread "C1 CompilerThread3" daemon [_thread_blocked, id=5026, stack(0x00007fab9b6ff000,0x00007fab9b800000)]
  0x00007fac10227000 JavaThread "Sweeper thread" daemon [_thread_blocked, id=5027, stack(0x00007fab9b5fe000,0x00007fab9b6ff000)]
  0x00007fac102ce800 JavaThread "Common-Cleaner" daemon [_thread_blocked, id=5031, stack(0x00007fab9b4fd000,0x00007fab9b5fe000)]
  0x00007fac10578800 JavaThread "Monitor Ctrl-Break" daemon [_thread_in_native, id=5032, stack(0x00007fab9afd4000,0x00007fab9b0d5000)]
  0x00007fac10573000 JavaThread "Service Thread" daemon [_thread_blocked, id=5033, stack(0x00007fab9aed3000,0x00007fab9afd4000)]
=>0x00007fac105a2000 JavaThread "GameLoopThread" [_thread_in_native, id=5035, stack(0x00007fab9aad0000,0x00007fab9abd1000)]
  0x00007fac10013800 JavaThread "DestroyJavaVM" [_thread_blocked, id=4972, stack(0x00007fac1643b000,0x00007fac1653c000)]

Other Threads:
  0x00007fac101ff800 VMThread "VM Thread" [stack: 0x00007fabd4624000,0x00007fabd4724000] [id=5008]
  0x00007fac10575000 WatcherThread [stack: 0x00007fab9add3000,0x00007fab9aed3000] [id=5034]
  0x00007fac1002a000 GCTaskThread "GC Thread#0" [stack: 0x00007fabf6390000,0x00007fabf6490000] [id=4974]
  0x00007fac1002b000 GCTaskThread "GC Thread#1" [stack: 0x00007fabf628f000,0x00007fabf638f000] [id=4975]
  0x00007fac1002d000 GCTaskThread "GC Thread#2" [stack: 0x00007fabf618e000,0x00007fabf628e000] [id=4976]
  0x00007fac1002e800 GCTaskThread "GC Thread#3" [stack: 0x00007fabf608d000,0x00007fabf618d000] [id=4977]
  0x00007fac10030800 GCTaskThread "GC Thread#4" [stack: 0x00007fabf5f8c000,0x00007fabf608c000] [id=4978]
  0x00007fac10032000 GCTaskThread "GC Thread#5" [stack: 0x00007fabf5e8b000,0x00007fabf5f8b000] [id=4979]
  0x00007fac10034000 GCTaskThread "GC Thread#6" [stack: 0x00007fabf5d8a000,0x00007fabf5e8a000] [id=4980]
  0x00007fac10035800 GCTaskThread "GC Thread#7" [stack: 0x00007fabf5c89000,0x00007fabf5d89000] [id=4981]
  0x00007fac10084000 ConcurrentGCThread "G1 Main Marker" [stack: 0x00007fabf42f0000,0x00007fabf43f0000] [id=4984]
  0x00007fac10086000 ConcurrentGCThread "G1 Conc#0" [stack: 0x00007fabf41ef000,0x00007fabf42ef000] [id=4986]
  0x00007fac10087800 ConcurrentGCThread "G1 Conc#1" [stack: 0x00007fabf40ee000,0x00007fabf41ee000] [id=4988]
  0x00007fac10167000 ConcurrentGCThread "G1 Refine#0" [stack: 0x00007fabd4f2d000,0x00007fabd502d000] [id=4989]
  0x00007fac10168800 ConcurrentGCThread "G1 Refine#1" [stack: 0x00007fabd4e2c000,0x00007fabd4f2c000] [id=4992]
  0x00007fac1016a800 ConcurrentGCThread "G1 Refine#2" [stack: 0x00007fabd4d2b000,0x00007fabd4e2b000] [id=4993]
  0x00007fac1016c000 ConcurrentGCThread "G1 Refine#3" [stack: 0x00007fabd4c2a000,0x00007fabd4d2a000] [id=4995]
  0x00007fac1016e000 ConcurrentGCThread "G1 Refine#4" [stack: 0x00007fabd4b29000,0x00007fabd4c29000] [id=4996]
  0x00007fac1016f800 ConcurrentGCThread "G1 Refine#5" [stack: 0x00007fabd4a28000,0x00007fabd4b28000] [id=4997]
  0x00007fac10171800 ConcurrentGCThread "G1 Refine#6" [stack: 0x00007fabd4927000,0x00007fabd4a27000] [id=4998]
  0x00007fac10173000 ConcurrentGCThread "G1 Refine#7" [stack: 0x00007fabd4826000,0x00007fabd4926000] [id=4999]
  0x00007fac10175000 ConcurrentGCThread "G1 Young RemSet Sampling" [stack: 0x00007fabd4725000,0x00007fabd4825000] [id=5000]

Threads with active compile tasks:

VM state:not at safepoint (normal execution)

VM Mutex/Monitor currently owned by a thread: None

Heap address: 0x00000006c6a00000, size: 3990 MB, Compressed Oops mode: Zero based, Oop shift amount: 3
Narrow klass base: 0x0000000000000000, Narrow klass shift: 3
Compressed class space size: 1073741824 Address: 0x00000007c0000000

Heap:
 garbage-first heap   total 256000K, used 22528K [0x00000006c6a00000, 0x00000007c0000000)
  region size 1024K, 23 young (23552K), 0 survivors (0K)
 Metaspace       used 13465K, capacity 13670K, committed 13952K, reserved 1062912K
  class space    used 986K, capacity 1059K, committed 1152K, reserved 1048576K
Heap Regions: E=young(eden), S=young(survivor), O=old, HS=humongous(starts), HC=humongous(continues), CS=collection set, F=free, A=archive, TS=gc time stamp, AC=allocation context, TAMS=top-at-mark-start (previous, next)
|   0|0x00000006c6a00000, 0x00000006c6a00000, 0x00000006c6b00000|  0%| F|  |TS  0|AC  0|TAMS 0x00000006c6a00000, 0x00000006c6a00000|
|   1|0x00000006c6b00000, 0x00000006c6b00000, 0x00000006c6c00000|  0%| F|  |TS  0|AC  0|TAMS 0x00000006c6b00000, 0x00000006c6b00000|
|   2|0x00000006c6c00000, 0x00000006c6c00000, 0x00000006c6d00000|  0%| F|  |TS  0|AC  0|TAMS 0x00000006c6c00000, 0x00000006c6c00000|
|   3|0x00000006c6d00000, 0x00000006c6d00000, 0x00000006c6e00000|  0%| F|  |TS  0|AC  0|TAMS 0x00000006c6d00000, 0x00000006c6d00000|
|   4|0x00000006c6e00000, 0x00000006c6e00000, 0x00000006c6f00000|  0%| F|  |TS  0|AC  0|TAMS 0x00000006c6e00000, 0x00000006c6e00000|
|   5|0x00000006c6f00000, 0x00000006c6f00000, 0x00000006c7000000|  0%| F|  |TS  0|AC  0|TAMS 0x00000006c6f00000, 0x00000006c6f00000|
|   6|0x00000006c7000000, 0x00000006c7000000, 0x00000006c7100000|  0%| F|  |TS  0|AC  0|TAMS 0x00000006c7000000, 0x00000006c7000000|
|   7|0x00000006c7100000, 0x00000006c7100000, 0x00000006c7200000|  0%| F|  |TS  0|AC  0|TAMS 0x00000006c7100000, 0x00000006c7100000|
|   8|0x00000006c7200000, 0x00000006c7200000, 0x00000006c7300000|  0%| F|  |TS  0|AC  0|TAMS 0x00000006c7200000, 0x00000006c7200000|
|   9|0x00000006c7300000, 0x00000006c7300000, 0x00000006c7400000|  0%| F|  |TS  0|AC  0|TAMS 0x00000006c7300000, 0x00000006c7300000|
|  10|0x00000006c7400000, 0x00000006c7400000, 0x00000006c7500000|  0%| F|  |TS  0|AC  0|TAMS 0x00000006c7400000, 0x00000006c7400000|
|  11|0x00000006c7500000, 0x00000006c7500000, 0x00000006c7600000|  0%| F|  |TS  0|AC  0|TAMS 0x00000006c7500000, 0x00000006c7500000|
|  12|0x00000006c7600000, 0x00000006c7600000, 0x00000006c7700000|  0%| F|  |TS  0|AC  0|TAMS 0x00000006c7600000, 0x00000006c7600000|
|  13|0x00000006c7700000, 0x00000006c7700000, 0x00000006c7800000|  0%| F|  |TS  0|AC  0|TAMS 0x00000006c7700000, 0x00000006c7700000|
|  14|0x00000006c7800000, 0x00000006c7800000, 0x00000006c7900000|  0%| F|  |TS  0|AC  0|TAMS 0x00000006c7800000, 0x00000006c7800000|
|  15|0x00000006c7900000, 0x00000006c7900000, 0x00000006c7a00000|  0%| F|  |TS  0|AC  0|TAMS 0x00000006c7900000, 0x00000006c7900000|
|  16|0x00000006c7a00000, 0x00000006c7a00000, 0x00000006c7b00000|  0%| F|  |TS  0|AC  0|TAMS 0x00000006c7a00000, 0x00000006c7a00000|
|  17|0x00000006c7b00000, 0x00000006c7b00000, 0x00000006c7c00000|  0%| F|  |TS  0|AC  0|TAMS 0x00000006c7b00000, 0x00000006c7b00000|
|  18|0x00000006c7c00000, 0x00000006c7c00000, 0x00000006c7d00000|  0%| F|  |TS  0|AC  0|TAMS 0x00000006c7c00000, 0x00000006c7c00000|
|  19|0x00000006c7d00000, 0x00000006c7d00000, 0x00000006c7e00000|  0%| F|  |TS  0|AC  0|TAMS 0x00000006c7d00000, 0x00000006c7d00000|
|  20|0x00000006c7e00000, 0x00000006c7e00000, 0x00000006c7f00000|  0%| F|  |TS  0|AC  0|TAMS 0x00000006c7e00000, 0x00000006c7e00000|
|  21|0x00000006c7f00000, 0x00000006c7f00000, 0x00000006c8000000|  0%| F|  |TS  0|AC  0|TAMS 0x00000006c7f00000, 0x00000006c7f00000|
|  22|0x00000006c8000000, 0x00000006c8000000, 0x00000006c8100000|  0%| F|  |TS  0|AC  0|TAMS 0x00000006c8000000, 0x00000006c8000000|
|  23|0x00000006c8100000, 0x00000006c8100000, 0x00000006c8200000|  0%| F|  |TS  0|AC  0|TAMS 0x00000006c8100000, 0x00000006c8100000|
|  24|0x00000006c8200000, 0x00000006c8200000, 0x00000006c8300000|  0%| F|  |TS  0|AC  0|TAMS 0x00000006c8200000, 0x00000006c8200000|
|  25|0x00000006c8300000, 0x00000006c8300000, 0x00000006c8400000|  0%| F|  |TS  0|AC  0|TAMS 0x00000006c8300000, 0x00000006c8300000|
|  26|0x00000006c8400000, 0x00000006c8400000, 0x00000006c8500000|  0%| F|  |TS  0|AC  0|TAMS 0x00000006c8400000, 0x00000006c8400000|
|  27|0x00000006c8500000, 0x00000006c8500000, 0x00000006c8600000|  0%| F|  |TS  0|AC  0|TAMS 0x00000006c8500000, 0x00000006c8500000|
|  28|0x00000006c8600000, 0x00000006c8600000, 0x00000006c8700000|  0%| F|  |TS  0|AC  0|TAMS 0x00000006c8600000, 0x00000006c8600000|
|  29|0x00000006c8700000, 0x00000006c8700000, 0x00000006c8800000|  0%| F|  |TS  0|AC  0|TAMS 0x00000006c8700000, 0x00000006c8700000|
|  30|0x00000006c8800000, 0x00000006c8800000, 0x00000006c8900000|  0%| F|  |TS  0|AC  0|TAMS 0x00000006c8800000, 0x00000006c8800000|
|  31|0x00000006c8900000, 0x00000006c8900000, 0x00000006c8a00000|  0%| F|  |TS  0|AC  0|TAMS 0x00000006c8900000, 0x00000006c8900000|
|  32|0x00000006c8a00000, 0x00000006c8a00000, 0x00000006c8b00000|  0%| F|  |TS  0|AC  0|TAMS 0x00000006c8a00000, 0x00000006c8a00000|
|  33|0x00000006c8b00000, 0x00000006c8b00000, 0x00000006c8c00000|  0%| F|  |TS  0|AC  0|TAMS 0x00000006c8b00000, 0x00000006c8b00000|
|  34|0x00000006c8c00000, 0x00000006c8c00000, 0x00000006c8d00000|  0%| F|  |TS  0|AC  0|TAMS 0x00000006c8c00000, 0x00000006c8c00000|
|  35|0x00000006c8d00000, 0x00000006c8d00000, 0x00000006c8e00000|  0%| F|  |TS  0|AC  0|TAMS 0x00000006c8d00000, 0x00000006c8d00000|
|  36|0x00000006c8e00000, 0x00000006c8e00000, 0x00000006c8f00000|  0%| F|  |TS  0|AC  0|TAMS 0x00000006c8e00000, 0x00000006c8e00000|
|  37|0x00000006c8f00000, 0x00000006c8f00000, 0x00000006c9000000|  0%| F|  |TS  0|AC  0|TAMS 0x00000006c8f00000, 0x00000006c8f00000|
|  38|0x00000006c9000000, 0x00000006c9000000, 0x00000006c9100000|  0%| F|  |TS  0|AC  0|TAMS 0x00000006c9000000, 0x00000006c9000000|
|  39|0x00000006c9100000, 0x00000006c9100000, 0x00000006c9200000|  0%| F|  |TS  0|AC  0|TAMS 0x00000006c9100000, 0x00000006c9100000|
|  40|0x00000006c9200000, 0x00000006c9200000, 0x00000006c9300000|  0%| F|  |TS  0|AC  0|TAMS 0x00000006c9200000, 0x00000006c9200000|
|  41|0x00000006c9300000, 0x00000006c9300000, 0x00000006c9400000|  0%| F|  |TS  0|AC  0|TAMS 0x00000006c9300000, 0x00000006c9300000|
|  42|0x00000006c9400000, 0x00000006c9400000, 0x00000006c9500000|  0%| F|  |TS  0|AC  0|TAMS 0x00000006c9400000, 0x00000006c9400000|
|  43|0x00000006c9500000, 0x00000006c9500000, 0x00000006c9600000|  0%| F|  |TS  0|AC  0|TAMS 0x00000006c9500000, 0x00000006c9500000|
|  44|0x00000006c9600000, 0x00000006c9600000, 0x00000006c9700000|  0%| F|  |TS  0|AC  0|TAMS 0x00000006c9600000, 0x00000006c9600000|
|  45|0x00000006c9700000, 0x00000006c9700000, 0x00000006c9800000|  0%| F|  |TS  0|AC  0|TAMS 0x00000006c9700000, 0x00000006c9700000|
|  46|0x00000006c9800000, 0x00000006c9800000, 0x00000006c9900000|  0%| F|  |TS  0|AC  0|TAMS 0x00000006c9800000, 0x00000006c9800000|
|  47|0x00000006c9900000, 0x00000006c9900000, 0x00000006c9a00000|  0%| F|  |TS  0|AC  0|TAMS 0x00000006c9900000, 0x00000006c9900000|
|  48|0x00000006c9a00000, 0x00000006c9a00000, 0x00000006c9b00000|  0%| F|  |TS  0|AC  0|TAMS 0x00000006c9a00000, 0x00000006c9a00000|
|  49|0x00000006c9b00000, 0x00000006c9b00000, 0x00000006c9c00000|  0%| F|  |TS  0|AC  0|TAMS 0x00000006c9b00000, 0x00000006c9b00000|
|  50|0x00000006c9c00000, 0x00000006c9c00000, 0x00000006c9d00000|  0%| F|  |TS  0|AC  0|TAMS 0x00000006c9c00000, 0x00000006c9c00000|
|  51|0x00000006c9d00000, 0x00000006c9d00000, 0x00000006c9e00000|  0%| F|  |TS  0|AC  0|TAMS 0x00000006c9d00000, 0x00000006c9d00000|
|  52|0x00000006c9e00000, 0x00000006c9e00000, 0x00000006c9f00000|  0%| F|  |TS  0|AC  0|TAMS 0x00000006c9e00000, 0x00000006c9e00000|
|  53|0x00000006c9f00000, 0x00000006c9f00000, 0x00000006ca000000|  0%| F|  |TS  0|AC  0|TAMS 0x00000006c9f00000, 0x00000006c9f00000|
|  54|0x00000006ca000000, 0x00000006ca000000, 0x00000006ca100000|  0%| F|  |TS  0|AC  0|TAMS 0x00000006ca000000, 0x00000006ca000000|
|  55|0x00000006ca100000, 0x00000006ca100000, 0x00000006ca200000|  0%| F|  |TS  0|AC  0|TAMS 0x00000006ca100000, 0x00000006ca100000|
|  56|0x00000006ca200000, 0x00000006ca200000, 0x00000006ca300000|  0%| F|  |TS  0|AC  0|TAMS 0x00000006ca200000, 0x00000006ca200000|
|  57|0x00000006ca300000, 0x00000006ca300000, 0x00000006ca400000|  0%| F|  |TS  0|AC  0|TAMS 0x00000006ca300000, 0x00000006ca300000|
|  58|0x00000006ca400000, 0x00000006ca400000, 0x00000006ca500000|  0%| F|  |TS  0|AC  0|TAMS 0x00000006ca400000, 0x00000006ca400000|
|  59|0x00000006ca500000, 0x00000006ca500000, 0x00000006ca600000|  0%| F|  |TS  0|AC  0|TAMS 0x00000006ca500000, 0x00000006ca500000|
|  60|0x00000006ca600000, 0x00000006ca600000, 0x00000006ca700000|  0%| F|  |TS  0|AC  0|TAMS 0x00000006ca600000, 0x00000006ca600000|
|  61|0x00000006ca700000, 0x00000006ca700000, 0x00000006ca800000|  0%| F|  |TS  0|AC  0|TAMS 0x00000006ca700000, 0x00000006ca700000|
|  62|0x00000006ca800000, 0x00000006ca800000, 0x00000006ca900000|  0%| F|  |TS  0|AC  0|TAMS 0x00000006ca800000, 0x00000006ca800000|
|  63|0x00000006ca900000, 0x00000006ca900000, 0x00000006caa00000|  0%| F|  |TS  0|AC  0|TAMS 0x00000006ca900000, 0x00000006ca900000|
|  64|0x00000006caa00000, 0x00000006caa00000, 0x00000006cab00000|  0%| F|  |TS  0|AC  0|TAMS 0x00000006caa00000, 0x00000006caa00000|
|  65|0x00000006cab00000, 0x00000006cab00000, 0x00000006cac00000|  0%| F|  |TS  0|AC  0|TAMS 0x00000006cab00000, 0x00000006cab00000|
|  66|0x00000006cac00000, 0x00000006cac00000, 0x00000006cad00000|  0%| F|  |TS  0|AC  0|TAMS 0x00000006cac00000, 0x00000006cac00000|
|  67|0x00000006cad00000, 0x00000006cad00000, 0x00000006cae00000|  0%| F|  |TS  0|AC  0|TAMS 0x00000006cad00000, 0x00000006cad00000|
|  68|0x00000006cae00000, 0x00000006cae00000, 0x00000006caf00000|  0%| F|  |TS  0|AC  0|TAMS 0x00000006cae00000, 0x00000006cae00000|
|  69|0x00000006caf00000, 0x00000006caf00000, 0x00000006cb000000|  0%| F|  |TS  0|AC  0|TAMS 0x00000006caf00000, 0x00000006caf00000|
|  70|0x00000006cb000000, 0x00000006cb000000, 0x00000006cb100000|  0%| F|  |TS  0|AC  0|TAMS 0x00000006cb000000, 0x00000006cb000000|
|  71|0x00000006cb100000, 0x00000006cb100000, 0x00000006cb200000|  0%| F|  |TS  0|AC  0|TAMS 0x00000006cb100000, 0x00000006cb100000|
|  72|0x00000006cb200000, 0x00000006cb200000, 0x00000006cb300000|  0%| F|  |TS  0|AC  0|TAMS 0x00000006cb200000, 0x00000006cb200000|
|  73|0x00000006cb300000, 0x00000006cb300000, 0x00000006cb400000|  0%| F|  |TS  0|AC  0|TAMS 0x00000006cb300000, 0x00000006cb300000|
|  74|0x00000006cb400000, 0x00000006cb400000, 0x00000006cb500000|  0%| F|  |TS  0|AC  0|TAMS 0x00000006cb400000, 0x00000006cb400000|
|  75|0x00000006cb500000, 0x00000006cb500000, 0x00000006cb600000|  0%| F|  |TS  0|AC  0|TAMS 0x00000006cb500000, 0x00000006cb500000|
|  76|0x00000006cb600000, 0x00000006cb600000, 0x00000006cb700000|  0%| F|  |TS  0|AC  0|TAMS 0x00000006cb600000, 0x00000006cb600000|
|  77|0x00000006cb700000, 0x00000006cb700000, 0x00000006cb800000|  0%| F|  |TS  0|AC  0|TAMS 0x00000006cb700000, 0x00000006cb700000|
|  78|0x00000006cb800000, 0x00000006cb800000, 0x00000006cb900000|  0%| F|  |TS  0|AC  0|TAMS 0x00000006cb800000, 0x00000006cb800000|
|  79|0x00000006cb900000, 0x00000006cb900000, 0x00000006cba00000|  0%| F|  |TS  0|AC  0|TAMS 0x00000006cb900000, 0x00000006cb900000|
|  80|0x00000006cba00000, 0x00000006cba00000, 0x00000006cbb00000|  0%| F|  |TS  0|AC  0|TAMS 0x00000006cba00000, 0x00000006cba00000|
|  81|0x00000006cbb00000, 0x00000006cbb00000, 0x00000006cbc00000|  0%| F|  |TS  0|AC  0|TAMS 0x00000006cbb00000, 0x00000006cbb00000|
|  82|0x00000006cbc00000, 0x00000006cbc00000, 0x00000006cbd00000|  0%| F|  |TS  0|AC  0|TAMS 0x00000006cbc00000, 0x00000006cbc00000|
|  83|0x00000006cbd00000, 0x00000006cbd00000, 0x00000006cbe00000|  0%| F|  |TS  0|AC  0|TAMS 0x00000006cbd00000, 0x00000006cbd00000|
|  84|0x00000006cbe00000, 0x00000006cbe00000, 0x00000006cbf00000|  0%| F|  |TS  0|AC  0|TAMS 0x00000006cbe00000, 0x00000006cbe00000|
|  85|0x00000006cbf00000, 0x00000006cbf00000, 0x00000006cc000000|  0%| F|  |TS  0|AC  0|TAMS 0x00000006cbf00000, 0x00000006cbf00000|
|  86|0x00000006cc000000, 0x00000006cc000000, 0x00000006cc100000|  0%| F|  |TS  0|AC  0|TAMS 0x00000006cc000000, 0x00000006cc000000|
|  87|0x00000006cc100000, 0x00000006cc100000, 0x00000006cc200000|  0%| F|  |TS  0|AC  0|TAMS 0x00000006cc100000, 0x00000006cc100000|
|  88|0x00000006cc200000, 0x00000006cc200000, 0x00000006cc300000|  0%| F|  |TS  0|AC  0|TAMS 0x00000006cc200000, 0x00000006cc200000|
|  89|0x00000006cc300000, 0x00000006cc300000, 0x00000006cc400000|  0%| F|  |TS  0|AC  0|TAMS 0x00000006cc300000, 0x00000006cc300000|
|  90|0x00000006cc400000, 0x00000006cc400000, 0x00000006cc500000|  0%| F|  |TS  0|AC  0|TAMS 0x00000006cc400000, 0x00000006cc400000|
|  91|0x00000006cc500000, 0x00000006cc500000, 0x00000006cc600000|  0%| F|  |TS  0|AC  0|TAMS 0x00000006cc500000, 0x00000006cc500000|
|  92|0x00000006cc600000, 0x00000006cc600000, 0x00000006cc700000|  0%| F|  |TS  0|AC  0|TAMS 0x00000006cc600000, 0x00000006cc600000|
|  93|0x00000006cc700000, 0x00000006cc700000, 0x00000006cc800000|  0%| F|  |TS  0|AC  0|TAMS 0x00000006cc700000, 0x00000006cc700000|
|  94|0x00000006cc800000, 0x00000006cc800000, 0x00000006cc900000|  0%| F|  |TS  0|AC  0|TAMS 0x00000006cc800000, 0x00000006cc800000|
|  95|0x00000006cc900000, 0x00000006cc900000, 0x00000006cca00000|  0%| F|  |TS  0|AC  0|TAMS 0x00000006cc900000, 0x00000006cc900000|
|  96|0x00000006cca00000, 0x00000006cca00000, 0x00000006ccb00000|  0%| F|  |TS  0|AC  0|TAMS 0x00000006cca00000, 0x00000006cca00000|
|  97|0x00000006ccb00000, 0x00000006ccb00000, 0x00000006ccc00000|  0%| F|  |TS  0|AC  0|TAMS 0x00000006ccb00000, 0x00000006ccb00000|
|  98|0x00000006ccc00000, 0x00000006ccc00000, 0x00000006ccd00000|  0%| F|  |TS  0|AC  0|TAMS 0x00000006ccc00000, 0x00000006ccc00000|
|  99|0x00000006ccd00000, 0x00000006ccd00000, 0x00000006cce00000|  0%| F|  |TS  0|AC  0|TAMS 0x00000006ccd00000, 0x00000006ccd00000|
| 100|0x00000006cce00000, 0x00000006cce00000, 0x00000006ccf00000|  0%| F|  |TS  0|AC  0|TAMS 0x00000006cce00000, 0x00000006cce00000|
| 101|0x00000006ccf00000, 0x00000006ccf00000, 0x00000006cd000000|  0%| F|  |TS  0|AC  0|TAMS 0x00000006ccf00000, 0x00000006ccf00000|
| 102|0x00000006cd000000, 0x00000006cd000000, 0x00000006cd100000|  0%| F|  |TS  0|AC  0|TAMS 0x00000006cd000000, 0x00000006cd000000|
| 103|0x00000006cd100000, 0x00000006cd100000, 0x00000006cd200000|  0%| F|  |TS  0|AC  0|TAMS 0x00000006cd100000, 0x00000006cd100000|
| 104|0x00000006cd200000, 0x00000006cd200000, 0x00000006cd300000|  0%| F|  |TS  0|AC  0|TAMS 0x00000006cd200000, 0x00000006cd200000|
| 105|0x00000006cd300000, 0x00000006cd300000, 0x00000006cd400000|  0%| F|  |TS  0|AC  0|TAMS 0x00000006cd300000, 0x00000006cd300000|
| 106|0x00000006cd400000, 0x00000006cd400000, 0x00000006cd500000|  0%| F|  |TS  0|AC  0|TAMS 0x00000006cd400000, 0x00000006cd400000|
| 107|0x00000006cd500000, 0x00000006cd500000, 0x00000006cd600000|  0%| F|  |TS  0|AC  0|TAMS 0x00000006cd500000, 0x00000006cd500000|
| 108|0x00000006cd600000, 0x00000006cd600000, 0x00000006cd700000|  0%| F|  |TS  0|AC  0|TAMS 0x00000006cd600000, 0x00000006cd600000|
| 109|0x00000006cd700000, 0x00000006cd700000, 0x00000006cd800000|  0%| F|  |TS  0|AC  0|TAMS 0x00000006cd700000, 0x00000006cd700000|
| 110|0x00000006cd800000, 0x00000006cd800000, 0x00000006cd900000|  0%| F|  |TS  0|AC  0|TAMS 0x00000006cd800000, 0x00000006cd800000|
| 111|0x00000006cd900000, 0x00000006cd900000, 0x00000006cda00000|  0%| F|  |TS  0|AC  0|TAMS 0x00000006cd900000, 0x00000006cd900000|
| 112|0x00000006cda00000, 0x00000006cda00000, 0x00000006cdb00000|  0%| F|  |TS  0|AC  0|TAMS 0x00000006cda00000, 0x00000006cda00000|
| 113|0x00000006cdb00000, 0x00000006cdb00000, 0x00000006cdc00000|  0%| F|  |TS  0|AC  0|TAMS 0x00000006cdb00000, 0x00000006cdb00000|
| 114|0x00000006cdc00000, 0x00000006cdc00000, 0x00000006cdd00000|  0%| F|  |TS  0|AC  0|TAMS 0x00000006cdc00000, 0x00000006cdc00000|
| 115|0x00000006cdd00000, 0x00000006cdd00000, 0x00000006cde00000|  0%| F|  |TS  0|AC  0|TAMS 0x00000006cdd00000, 0x00000006cdd00000|
| 116|0x00000006cde00000, 0x00000006cde00000, 0x00000006cdf00000|  0%| F|  |TS  0|AC  0|TAMS 0x00000006cde00000, 0x00000006cde00000|
| 117|0x00000006cdf00000, 0x00000006cdf00000, 0x00000006ce000000|  0%| F|  |TS  0|AC  0|TAMS 0x00000006cdf00000, 0x00000006cdf00000|
| 118|0x00000006ce000000, 0x00000006ce000000, 0x00000006ce100000|  0%| F|  |TS  0|AC  0|TAMS 0x00000006ce000000, 0x00000006ce000000|
| 119|0x00000006ce100000, 0x00000006ce100000, 0x00000006ce200000|  0%| F|  |TS  0|AC  0|TAMS 0x00000006ce100000, 0x00000006ce100000|
| 120|0x00000006ce200000, 0x00000006ce200000, 0x00000006ce300000|  0%| F|  |TS  0|AC  0|TAMS 0x00000006ce200000, 0x00000006ce200000|
| 121|0x00000006ce300000, 0x00000006ce300000, 0x00000006ce400000|  0%| F|  |TS  0|AC  0|TAMS 0x00000006ce300000, 0x00000006ce300000|
| 122|0x00000006ce400000, 0x00000006ce400000, 0x00000006ce500000|  0%| F|  |TS  0|AC  0|TAMS 0x00000006ce400000, 0x00000006ce400000|
| 123|0x00000006ce500000, 0x00000006ce500000, 0x00000006ce600000|  0%| F|  |TS  0|AC  0|TAMS 0x00000006ce500000, 0x00000006ce500000|
| 124|0x00000006ce600000, 0x00000006ce600000, 0x00000006ce700000|  0%| F|  |TS  0|AC  0|TAMS 0x00000006ce600000, 0x00000006ce600000|
| 125|0x00000006ce700000, 0x00000006ce700000, 0x00000006ce800000|  0%| F|  |TS  0|AC  0|TAMS 0x00000006ce700000, 0x00000006ce700000|
| 126|0x00000006ce800000, 0x00000006ce800000, 0x00000006ce900000|  0%| F|  |TS  0|AC  0|TAMS 0x00000006ce800000, 0x00000006ce800000|
| 127|0x00000006ce900000, 0x00000006ce900000, 0x00000006cea00000|  0%| F|  |TS  0|AC  0|TAMS 0x00000006ce900000, 0x00000006ce900000|
| 128|0x00000006cea00000, 0x00000006cea00000, 0x00000006ceb00000|  0%| F|  |TS  0|AC  0|TAMS 0x00000006cea00000, 0x00000006cea00000|
| 129|0x00000006ceb00000, 0x00000006ceb00000, 0x00000006cec00000|  0%| F|  |TS  0|AC  0|TAMS 0x00000006ceb00000, 0x00000006ceb00000|
| 130|0x00000006cec00000, 0x00000006cec00000, 0x00000006ced00000|  0%| F|  |TS  0|AC  0|TAMS 0x00000006cec00000, 0x00000006cec00000|
| 131|0x00000006ced00000, 0x00000006ced00000, 0x00000006cee00000|  0%| F|  |TS  0|AC  0|TAMS 0x00000006ced00000, 0x00000006ced00000|
| 132|0x00000006cee00000, 0x00000006cee00000, 0x00000006cef00000|  0%| F|  |TS  0|AC  0|TAMS 0x00000006cee00000, 0x00000006cee00000|
| 133|0x00000006cef00000, 0x00000006cef00000, 0x00000006cf000000|  0%| F|  |TS  0|AC  0|TAMS 0x00000006cef00000, 0x00000006cef00000|
| 134|0x00000006cf000000, 0x00000006cf000000, 0x00000006cf100000|  0%| F|  |TS  0|AC  0|TAMS 0x00000006cf000000, 0x00000006cf000000|
| 135|0x00000006cf100000, 0x00000006cf100000, 0x00000006cf200000|  0%| F|  |TS  0|AC  0|TAMS 0x00000006cf100000, 0x00000006cf100000|
| 136|0x00000006cf200000, 0x00000006cf200000, 0x00000006cf300000|  0%| F|  |TS  0|AC  0|TAMS 0x00000006cf200000, 0x00000006cf200000|
| 137|0x00000006cf300000, 0x00000006cf300000, 0x00000006cf400000|  0%| F|  |TS  0|AC  0|TAMS 0x00000006cf300000, 0x00000006cf300000|
| 138|0x00000006cf400000, 0x00000006cf400000, 0x00000006cf500000|  0%| F|  |TS  0|AC  0|TAMS 0x00000006cf400000, 0x00000006cf400000|
| 139|0x00000006cf500000, 0x00000006cf500000, 0x00000006cf600000|  0%| F|  |TS  0|AC  0|TAMS 0x00000006cf500000, 0x00000006cf500000|
| 140|0x00000006cf600000, 0x00000006cf600000, 0x00000006cf700000|  0%| F|  |TS  0|AC  0|TAMS 0x00000006cf600000, 0x00000006cf600000|
| 141|0x00000006cf700000, 0x00000006cf700000, 0x00000006cf800000|  0%| F|  |TS  0|AC  0|TAMS 0x00000006cf700000, 0x00000006cf700000|
| 142|0x00000006cf800000, 0x00000006cf800000, 0x00000006cf900000|  0%| F|  |TS  0|AC  0|TAMS 0x00000006cf800000, 0x00000006cf800000|
| 143|0x00000006cf900000, 0x00000006cf900000, 0x00000006cfa00000|  0%| F|  |TS  0|AC  0|TAMS 0x00000006cf900000, 0x00000006cf900000|
| 144|0x00000006cfa00000, 0x00000006cfa00000, 0x00000006cfb00000|  0%| F|  |TS  0|AC  0|TAMS 0x00000006cfa00000, 0x00000006cfa00000|
| 145|0x00000006cfb00000, 0x00000006cfb00000, 0x00000006cfc00000|  0%| F|  |TS  0|AC  0|TAMS 0x00000006cfb00000, 0x00000006cfb00000|
| 146|0x00000006cfc00000, 0x00000006cfc00000, 0x00000006cfd00000|  0%| F|  |TS  0|AC  0|TAMS 0x00000006cfc00000, 0x00000006cfc00000|
| 147|0x00000006cfd00000, 0x00000006cfd00000, 0x00000006cfe00000|  0%| F|  |TS  0|AC  0|TAMS 0x00000006cfd00000, 0x00000006cfd00000|
| 148|0x00000006cfe00000, 0x00000006cfe00000, 0x00000006cff00000|  0%| F|  |TS  0|AC  0|TAMS 0x00000006cfe00000, 0x00000006cfe00000|
| 149|0x00000006cff00000, 0x00000006cff00000, 0x00000006d0000000|  0%| F|  |TS  0|AC  0|TAMS 0x00000006cff00000, 0x00000006cff00000|
| 150|0x00000006d0000000, 0x00000006d0000000, 0x00000006d0100000|  0%| F|  |TS  0|AC  0|TAMS 0x00000006d0000000, 0x00000006d0000000|
| 151|0x00000006d0100000, 0x00000006d0100000, 0x00000006d0200000|  0%| F|  |TS  0|AC  0|TAMS 0x00000006d0100000, 0x00000006d0100000|
| 152|0x00000006d0200000, 0x00000006d0200000, 0x00000006d0300000|  0%| F|  |TS  0|AC  0|TAMS 0x00000006d0200000, 0x00000006d0200000|
| 153|0x00000006d0300000, 0x00000006d0300000, 0x00000006d0400000|  0%| F|  |TS  0|AC  0|TAMS 0x00000006d0300000, 0x00000006d0300000|
| 154|0x00000006d0400000, 0x00000006d0400000, 0x00000006d0500000|  0%| F|  |TS  0|AC  0|TAMS 0x00000006d0400000, 0x00000006d0400000|
| 155|0x00000006d0500000, 0x00000006d0500000, 0x00000006d0600000|  0%| F|  |TS  0|AC  0|TAMS 0x00000006d0500000, 0x00000006d0500000|
| 156|0x00000006d0600000, 0x00000006d0600000, 0x00000006d0700000|  0%| F|  |TS  0|AC  0|TAMS 0x00000006d0600000, 0x00000006d0600000|
| 157|0x00000006d0700000, 0x00000006d0700000, 0x00000006d0800000|  0%| F|  |TS  0|AC  0|TAMS 0x00000006d0700000, 0x00000006d0700000|
| 158|0x00000006d0800000, 0x00000006d0800000, 0x00000006d0900000|  0%| F|  |TS  0|AC  0|TAMS 0x00000006d0800000, 0x00000006d0800000|
| 159|0x00000006d0900000, 0x00000006d0900000, 0x00000006d0a00000|  0%| F|  |TS  0|AC  0|TAMS 0x00000006d0900000, 0x00000006d0900000|
| 160|0x00000006d0a00000, 0x00000006d0a00000, 0x00000006d0b00000|  0%| F|  |TS  0|AC  0|TAMS 0x00000006d0a00000, 0x00000006d0a00000|
| 161|0x00000006d0b00000, 0x00000006d0b00000, 0x00000006d0c00000|  0%| F|  |TS  0|AC  0|TAMS 0x00000006d0b00000, 0x00000006d0b00000|
| 162|0x00000006d0c00000, 0x00000006d0c00000, 0x00000006d0d00000|  0%| F|  |TS  0|AC  0|TAMS 0x00000006d0c00000, 0x00000006d0c00000|
| 163|0x00000006d0d00000, 0x00000006d0d00000, 0x00000006d0e00000|  0%| F|  |TS  0|AC  0|TAMS 0x00000006d0d00000, 0x00000006d0d00000|
| 164|0x00000006d0e00000, 0x00000006d0e00000, 0x00000006d0f00000|  0%| F|  |TS  0|AC  0|TAMS 0x00000006d0e00000, 0x00000006d0e00000|
| 165|0x00000006d0f00000, 0x00000006d0f00000, 0x00000006d1000000|  0%| F|  |TS  0|AC  0|TAMS 0x00000006d0f00000, 0x00000006d0f00000|
| 166|0x00000006d1000000, 0x00000006d1000000, 0x00000006d1100000|  0%| F|  |TS  0|AC  0|TAMS 0x00000006d1000000, 0x00000006d1000000|
| 167|0x00000006d1100000, 0x00000006d1100000, 0x00000006d1200000|  0%| F|  |TS  0|AC  0|TAMS 0x00000006d1100000, 0x00000006d1100000|
| 168|0x00000006d1200000, 0x00000006d1200000, 0x00000006d1300000|  0%| F|  |TS  0|AC  0|TAMS 0x00000006d1200000, 0x00000006d1200000|
| 169|0x00000006d1300000, 0x00000006d1300000, 0x00000006d1400000|  0%| F|  |TS  0|AC  0|TAMS 0x00000006d1300000, 0x00000006d1300000|
| 170|0x00000006d1400000, 0x00000006d1400000, 0x00000006d1500000|  0%| F|  |TS  0|AC  0|TAMS 0x00000006d1400000, 0x00000006d1400000|
| 171|0x00000006d1500000, 0x00000006d1500000, 0x00000006d1600000|  0%| F|  |TS  0|AC  0|TAMS 0x00000006d1500000, 0x00000006d1500000|
| 172|0x00000006d1600000, 0x00000006d1600000, 0x00000006d1700000|  0%| F|  |TS  0|AC  0|TAMS 0x00000006d1600000, 0x00000006d1600000|
| 173|0x00000006d1700000, 0x00000006d1700000, 0x00000006d1800000|  0%| F|  |TS  0|AC  0|TAMS 0x00000006d1700000, 0x00000006d1700000|
| 174|0x00000006d1800000, 0x00000006d1800000, 0x00000006d1900000|  0%| F|  |TS  0|AC  0|TAMS 0x00000006d1800000, 0x00000006d1800000|
| 175|0x00000006d1900000, 0x00000006d1900000, 0x00000006d1a00000|  0%| F|  |TS  0|AC  0|TAMS 0x00000006d1900000, 0x00000006d1900000|
| 176|0x00000006d1a00000, 0x00000006d1a00000, 0x00000006d1b00000|  0%| F|  |TS  0|AC  0|TAMS 0x00000006d1a00000, 0x00000006d1a00000|
| 177|0x00000006d1b00000, 0x00000006d1b00000, 0x00000006d1c00000|  0%| F|  |TS  0|AC  0|TAMS 0x00000006d1b00000, 0x00000006d1b00000|
| 178|0x00000006d1c00000, 0x00000006d1c00000, 0x00000006d1d00000|  0%| F|  |TS  0|AC  0|TAMS 0x00000006d1c00000, 0x00000006d1c00000|
| 179|0x00000006d1d00000, 0x00000006d1d00000, 0x00000006d1e00000|  0%| F|  |TS  0|AC  0|TAMS 0x00000006d1d00000, 0x00000006d1d00000|
| 180|0x00000006d1e00000, 0x00000006d1e00000, 0x00000006d1f00000|  0%| F|  |TS  0|AC  0|TAMS 0x00000006d1e00000, 0x00000006d1e00000|
| 181|0x00000006d1f00000, 0x00000006d1f00000, 0x00000006d2000000|  0%| F|  |TS  0|AC  0|TAMS 0x00000006d1f00000, 0x00000006d1f00000|
| 182|0x00000006d2000000, 0x00000006d2000000, 0x00000006d2100000|  0%| F|  |TS  0|AC  0|TAMS 0x00000006d2000000, 0x00000006d2000000|
| 183|0x00000006d2100000, 0x00000006d2100000, 0x00000006d2200000|  0%| F|  |TS  0|AC  0|TAMS 0x00000006d2100000, 0x00000006d2100000|
| 184|0x00000006d2200000, 0x00000006d2200000, 0x00000006d2300000|  0%| F|  |TS  0|AC  0|TAMS 0x00000006d2200000, 0x00000006d2200000|
| 185|0x00000006d2300000, 0x00000006d2300000, 0x00000006d2400000|  0%| F|  |TS  0|AC  0|TAMS 0x00000006d2300000, 0x00000006d2300000|
| 186|0x00000006d2400000, 0x00000006d2400000, 0x00000006d2500000|  0%| F|  |TS  0|AC  0|TAMS 0x00000006d2400000, 0x00000006d2400000|
| 187|0x00000006d2500000, 0x00000006d2500000, 0x00000006d2600000|  0%| F|  |TS  0|AC  0|TAMS 0x00000006d2500000, 0x00000006d2500000|
| 188|0x00000006d2600000, 0x00000006d2600000, 0x00000006d2700000|  0%| F|  |TS  0|AC  0|TAMS 0x00000006d2600000, 0x00000006d2600000|
| 189|0x00000006d2700000, 0x00000006d2700000, 0x00000006d2800000|  0%| F|  |TS  0|AC  0|TAMS 0x00000006d2700000, 0x00000006d2700000|
| 190|0x00000006d2800000, 0x00000006d2800000, 0x00000006d2900000|  0%| F|  |TS  0|AC  0|TAMS 0x00000006d2800000, 0x00000006d2800000|
| 191|0x00000006d2900000, 0x00000006d2900000, 0x00000006d2a00000|  0%| F|  |TS  0|AC  0|TAMS 0x00000006d2900000, 0x00000006d2900000|
| 192|0x00000006d2a00000, 0x00000006d2a00000, 0x00000006d2b00000|  0%| F|  |TS  0|AC  0|TAMS 0x00000006d2a00000, 0x00000006d2a00000|
| 193|0x00000006d2b00000, 0x00000006d2b00000, 0x00000006d2c00000|  0%| F|  |TS  0|AC  0|TAMS 0x00000006d2b00000, 0x00000006d2b00000|
| 194|0x00000006d2c00000, 0x00000006d2c00000, 0x00000006d2d00000|  0%| F|  |TS  0|AC  0|TAMS 0x00000006d2c00000, 0x00000006d2c00000|
| 195|0x00000006d2d00000, 0x00000006d2d00000, 0x00000006d2e00000|  0%| F|  |TS  0|AC  0|TAMS 0x00000006d2d00000, 0x00000006d2d00000|
| 196|0x00000006d2e00000, 0x00000006d2e00000, 0x00000006d2f00000|  0%| F|  |TS  0|AC  0|TAMS 0x00000006d2e00000, 0x00000006d2e00000|
| 197|0x00000006d2f00000, 0x00000006d2f00000, 0x00000006d3000000|  0%| F|  |TS  0|AC  0|TAMS 0x00000006d2f00000, 0x00000006d2f00000|
| 198|0x00000006d3000000, 0x00000006d3000000, 0x00000006d3100000|  0%| F|  |TS  0|AC  0|TAMS 0x00000006d3000000, 0x00000006d3000000|
| 199|0x00000006d3100000, 0x00000006d3100000, 0x00000006d3200000|  0%| F|  |TS  0|AC  0|TAMS 0x00000006d3100000, 0x00000006d3100000|
| 200|0x00000006d3200000, 0x00000006d3200000, 0x00000006d3300000|  0%| F|  |TS  0|AC  0|TAMS 0x00000006d3200000, 0x00000006d3200000|
| 201|0x00000006d3300000, 0x00000006d3300000, 0x00000006d3400000|  0%| F|  |TS  0|AC  0|TAMS 0x00000006d3300000, 0x00000006d3300000|
| 202|0x00000006d3400000, 0x00000006d3400000, 0x00000006d3500000|  0%| F|  |TS  0|AC  0|TAMS 0x00000006d3400000, 0x00000006d3400000|
| 203|0x00000006d3500000, 0x00000006d3500000, 0x00000006d3600000|  0%| F|  |TS  0|AC  0|TAMS 0x00000006d3500000, 0x00000006d3500000|
| 204|0x00000006d3600000, 0x00000006d3600000, 0x00000006d3700000|  0%| F|  |TS  0|AC  0|TAMS 0x00000006d3600000, 0x00000006d3600000|
| 205|0x00000006d3700000, 0x00000006d3700000, 0x00000006d3800000|  0%| F|  |TS  0|AC  0|TAMS 0x00000006d3700000, 0x00000006d3700000|
| 206|0x00000006d3800000, 0x00000006d3800000, 0x00000006d3900000|  0%| F|  |TS  0|AC  0|TAMS 0x00000006d3800000, 0x00000006d3800000|
| 207|0x00000006d3900000, 0x00000006d3900000, 0x00000006d3a00000|  0%| F|  |TS  0|AC  0|TAMS 0x00000006d3900000, 0x00000006d3900000|
| 208|0x00000006d3a00000, 0x00000006d3a00000, 0x00000006d3b00000|  0%| F|  |TS  0|AC  0|TAMS 0x00000006d3a00000, 0x00000006d3a00000|
| 209|0x00000006d3b00000, 0x00000006d3b00000, 0x00000006d3c00000|  0%| F|  |TS  0|AC  0|TAMS 0x00000006d3b00000, 0x00000006d3b00000|
| 210|0x00000006d3c00000, 0x00000006d3c00000, 0x00000006d3d00000|  0%| F|  |TS  0|AC  0|TAMS 0x00000006d3c00000, 0x00000006d3c00000|
| 211|0x00000006d3d00000, 0x00000006d3d00000, 0x00000006d3e00000|  0%| F|  |TS  0|AC  0|TAMS 0x00000006d3d00000, 0x00000006d3d00000|
| 212|0x00000006d3e00000, 0x00000006d3e00000, 0x00000006d3f00000|  0%| F|  |TS  0|AC  0|TAMS 0x00000006d3e00000, 0x00000006d3e00000|
| 213|0x00000006d3f00000, 0x00000006d3f00000, 0x00000006d4000000|  0%| F|  |TS  0|AC  0|TAMS 0x00000006d3f00000, 0x00000006d3f00000|
| 214|0x00000006d4000000, 0x00000006d4000000, 0x00000006d4100000|  0%| F|  |TS  0|AC  0|TAMS 0x00000006d4000000, 0x00000006d4000000|
| 215|0x00000006d4100000, 0x00000006d4100000, 0x00000006d4200000|  0%| F|  |TS  0|AC  0|TAMS 0x00000006d4100000, 0x00000006d4100000|
| 216|0x00000006d4200000, 0x00000006d4200000, 0x00000006d4300000|  0%| F|  |TS  0|AC  0|TAMS 0x00000006d4200000, 0x00000006d4200000|
| 217|0x00000006d4300000, 0x00000006d4300000, 0x00000006d4400000|  0%| F|  |TS  0|AC  0|TAMS 0x00000006d4300000, 0x00000006d4300000|
| 218|0x00000006d4400000, 0x00000006d4400000, 0x00000006d4500000|  0%| F|  |TS  0|AC  0|TAMS 0x00000006d4400000, 0x00000006d4400000|
| 219|0x00000006d4500000, 0x00000006d4500000, 0x00000006d4600000|  0%| F|  |TS  0|AC  0|TAMS 0x00000006d4500000, 0x00000006d4500000|
| 220|0x00000006d4600000, 0x00000006d4600000, 0x00000006d4700000|  0%| F|  |TS  0|AC  0|TAMS 0x00000006d4600000, 0x00000006d4600000|
| 221|0x00000006d4700000, 0x00000006d4700000, 0x00000006d4800000|  0%| F|  |TS  0|AC  0|TAMS 0x00000006d4700000, 0x00000006d4700000|
| 222|0x00000006d4800000, 0x00000006d4800000, 0x00000006d4900000|  0%| F|  |TS  0|AC  0|TAMS 0x00000006d4800000, 0x00000006d4800000|
| 223|0x00000006d4900000, 0x00000006d4900000, 0x00000006d4a00000|  0%| F|  |TS  0|AC  0|TAMS 0x00000006d4900000, 0x00000006d4900000|
| 224|0x00000006d4a00000, 0x00000006d4a00000, 0x00000006d4b00000|  0%| F|  |TS  0|AC  0|TAMS 0x00000006d4a00000, 0x00000006d4a00000|
| 225|0x00000006d4b00000, 0x00000006d4b00000, 0x00000006d4c00000|  0%| F|  |TS  0|AC  0|TAMS 0x00000006d4b00000, 0x00000006d4b00000|
| 226|0x00000006d4c00000, 0x00000006d4c00000, 0x00000006d4d00000|  0%| F|  |TS  0|AC  0|TAMS 0x00000006d4c00000, 0x00000006d4c00000|
| 227|0x00000006d4d00000, 0x00000006d4d7b660, 0x00000006d4e00000| 48%| E|  |TS  0|AC  0|TAMS 0x00000006d4d00000, 0x00000006d4d00000|
| 228|0x00000006d4e00000, 0x00000006d4f00000, 0x00000006d4f00000|100%| E|CS|TS  0|AC  0|TAMS 0x00000006d4e00000, 0x00000006d4e00000|
| 229|0x00000006d4f00000, 0x00000006d5000000, 0x00000006d5000000|100%| E|CS|TS  0|AC  0|TAMS 0x00000006d4f00000, 0x00000006d4f00000|
| 230|0x00000006d5000000, 0x00000006d5100000, 0x00000006d5100000|100%| E|CS|TS  0|AC  0|TAMS 0x00000006d5000000, 0x00000006d5000000|
| 231|0x00000006d5100000, 0x00000006d5200000, 0x00000006d5200000|100%| E|CS|TS  0|AC  0|TAMS 0x00000006d5100000, 0x00000006d5100000|
| 232|0x00000006d5200000, 0x00000006d5300000, 0x00000006d5300000|100%| E|CS|TS  0|AC  0|TAMS 0x00000006d5200000, 0x00000006d5200000|
| 233|0x00000006d5300000, 0x00000006d5400000, 0x00000006d5400000|100%| E|CS|TS  0|AC  0|TAMS 0x00000006d5300000, 0x00000006d5300000|
| 234|0x00000006d5400000, 0x00000006d5500000, 0x00000006d5500000|100%| E|CS|TS  0|AC  0|TAMS 0x00000006d5400000, 0x00000006d5400000|
| 235|0x00000006d5500000, 0x00000006d5600000, 0x00000006d5600000|100%| E|CS|TS  0|AC  0|TAMS 0x00000006d5500000, 0x00000006d5500000|
| 236|0x00000006d5600000, 0x00000006d5700000, 0x00000006d5700000|100%| E|CS|TS  0|AC  0|TAMS 0x00000006d5600000, 0x00000006d5600000|
| 237|0x00000006d5700000, 0x00000006d5800000, 0x00000006d5800000|100%| E|CS|TS  0|AC  0|TAMS 0x00000006d5700000, 0x00000006d5700000|
| 238|0x00000006d5800000, 0x00000006d5900000, 0x00000006d5900000|100%| E|CS|TS  0|AC  0|TAMS 0x00000006d5800000, 0x00000006d5800000|
| 239|0x00000006d5900000, 0x00000006d5a00000, 0x00000006d5a00000|100%| E|CS|TS  0|AC  0|TAMS 0x00000006d5900000, 0x00000006d5900000|
| 240|0x00000006d5a00000, 0x00000006d5b00000, 0x00000006d5b00000|100%| E|CS|TS  0|AC  0|TAMS 0x00000006d5a00000, 0x00000006d5a00000|
| 241|0x00000006d5b00000, 0x00000006d5c00000, 0x00000006d5c00000|100%| E|CS|TS  0|AC  0|TAMS 0x00000006d5b00000, 0x00000006d5b00000|
| 242|0x00000006d5c00000, 0x00000006d5d00000, 0x00000006d5d00000|100%| E|CS|TS  0|AC  0|TAMS 0x00000006d5c00000, 0x00000006d5c00000|
| 243|0x00000006d5d00000, 0x00000006d5e00000, 0x00000006d5e00000|100%| E|CS|TS  0|AC  0|TAMS 0x00000006d5d00000, 0x00000006d5d00000|
| 244|0x00000006d5e00000, 0x00000006d5f00000, 0x00000006d5f00000|100%| E|CS|TS  0|AC  0|TAMS 0x00000006d5e00000, 0x00000006d5e00000|
| 245|0x00000006d5f00000, 0x00000006d6000000, 0x00000006d6000000|100%| E|CS|TS  0|AC  0|TAMS 0x00000006d5f00000, 0x00000006d5f00000|
| 246|0x00000006d6000000, 0x00000006d6100000, 0x00000006d6100000|100%| E|CS|TS  0|AC  0|TAMS 0x00000006d6000000, 0x00000006d6000000|
| 247|0x00000006d6100000, 0x00000006d6200000, 0x00000006d6200000|100%| E|CS|TS  0|AC  0|TAMS 0x00000006d6100000, 0x00000006d6100000|
| 248|0x00000006d6200000, 0x00000006d6300000, 0x00000006d6300000|100%| E|CS|TS  0|AC  0|TAMS 0x00000006d6200000, 0x00000006d6200000|
| 249|0x00000006d6300000, 0x00000006d6400000, 0x00000006d6400000|100%| E|CS|TS  0|AC  0|TAMS 0x00000006d6300000, 0x00000006d6300000|

Card table byte_map: [0x00007fabf44ea000,0x00007fabf4cb5000] byte_map_base: 0x00007fabf0eb5000

Marking Bits (Prev, Next): (CMBitMap*) 0x00007fac10083400, (CMBitMap*) 0x00007fac10083438
 Prev Bits: [0x00007fabcc1a8000, 0x00007fabd0000000)
 Next Bits: [0x00007fabc8350000, 0x00007fabcc1a8000)

Polling page: 0x00007fac16570000

CodeHeap 'non-profiled nmethods': size=120032Kb used=316Kb max_used=316Kb free=119715Kb
 bounds [0x00007fabfe12e000, 0x00007fabfe39e000, 0x00007fac05666000]
CodeHeap 'profiled nmethods': size=120028Kb used=1770Kb max_used=1770Kb free=118257Kb
 bounds [0x00007fabf6bf7000, 0x00007fabf6e67000, 0x00007fabfe12e000]
CodeHeap 'non-nmethods': size=5700Kb used=1422Kb max_used=1434Kb free=4277Kb
 bounds [0x00007fabf6666000, 0x00007fabf68d6000, 0x00007fabf6bf7000]
 total_blobs=2232 nmethods=1048 adapters=877
 compilation: enabled

Compilation events (10 events):
Event: 0.859 Thread 0x00007fac10225000 1045       3       java.util.regex.Pattern$Node::match (27 bytes)
Event: 0.859 Thread 0x00007fac10221000 nmethod 1042 0x00007fabfe17c810 code [0x00007fabfe17c9a0, 0x00007fabfe17ca58]
Event: 0.859 Thread 0x00007fac10225000 nmethod 1045 0x00007fabf6daf810 code [0x00007fabf6daf9c0, 0x00007fabf6dafb70]
Event: 0.860 Thread 0x00007fac1021f000 nmethod 1040 0x00007fabfe17cb10 code [0x00007fabfe17ccc0, 0x00007fabfe17cfb8]
Event: 0.860 Thread 0x00007fac10225000 1046       3       sun.nio.ch.FileChannelImpl::ensureOpen (16 bytes)
Event: 0.860 Thread 0x00007fac10225000 nmethod 1046 0x00007fabf6dafc90 code [0x00007fabf6dafe60, 0x00007fabf6db0128]
Event: 0.861 Thread 0x00007fac10225000 1047       3       sun.nio.fs.UnixPath::normalizeAndCheck (75 bytes)
Event: 0.862 Thread 0x00007fac10225000 nmethod 1047 0x00007fabf6db0210 code [0x00007fabf6db0480, 0x00007fabf6db0ec8]
Event: 0.862 Thread 0x00007fac10225000 1048       3       java.util.regex.Pattern$GroupHead::match (47 bytes)
Event: 0.862 Thread 0x00007fac10225000 nmethod 1048 0x00007fabf6db1310 code [0x00007fabf6db14e0, 0x00007fabf6db1788]

GC Heap History (0 events):
No events

Deoptimization events (7 events):
Event: 0.090 Thread 0x00007fac10013800 Uncommon trap: reason=unstable_if action=reinterpret pc=0x00007fabfe132cdc method=java.lang.String.hashCode()I @ 14 c2
Event: 0.737 Thread 0x00007fac105a2000 Uncommon trap: reason=unstable_if action=reinterpret pc=0x00007fabfe12fc90 method=java.lang.String.isLatin1()Z @ 10 c2
Event: 0.738 Thread 0x00007fac105a2000 Uncommon trap: reason=unstable_if action=reinterpret pc=0x00007fabfe13ac78 method=java.lang.String.isLatin1()Z @ 10 c2
Event: 0.738 Thread 0x00007fac105a2000 Uncommon trap: reason=unstable_if action=reinterpret pc=0x00007fabfe151e9c method=java.lang.AbstractStringBuilder.putStringAt(ILjava/lang/String;)V @ 8 c2
Event: 0.738 Thread 0x00007fac105a2000 Uncommon trap: reason=unstable_if action=reinterpret pc=0x00007fabfe15a814 method=java.lang.AbstractStringBuilder.putStringAt(ILjava/lang/String;)V @ 8 c2
Event: 0.738 Thread 0x00007fac105a2000 Uncommon trap: reason=unstable_if action=reinterpret pc=0x00007fabfe154bf0 method=java.lang.String.getBytes([BIB)V @ 5 c2
Event: 0.738 Thread 0x00007fac105a2000 Uncommon trap: reason=unstable_if action=reinterpret pc=0x00007fabfe168a6c method=java.lang.AbstractStringBuilder.isLatin1()Z @ 10 c2

Classes redefined (0 events):
No events

Internal exceptions (10 events):
Event: 0.722 Thread 0x00007fac105a2000 Exception <a 'java/lang/NoSuchMethodError'{0x00000006d50bf7a8}: method resolution failed> (0x00000006d50bf7a8) thrown at [/scratch/opt/mach5/mesos/work_dir/slaves/c4ee7e63-1ded-4e8c-9581-ce26f27e3af4-S37/frameworks/1735e8a2-a1db-478c-8104-60c8b0af87dd-019
Event: 0.723 Thread 0x00007fac105a2000 Exception <a 'java/lang/NoSuchMethodError'{0x00000006d50d0b48}: method resolution failed> (0x00000006d50d0b48) thrown at [/scratch/opt/mach5/mesos/work_dir/slaves/c4ee7e63-1ded-4e8c-9581-ce26f27e3af4-S37/frameworks/1735e8a2-a1db-478c-8104-60c8b0af87dd-019
Event: 0.727 Thread 0x00007fac105a2000 Exception <a 'java/lang/NoSuchMethodError'{0x00000006d50f7140}: java.lang.Object.lambda$negate$3(I)Z> (0x00000006d50f7140) thrown at [/scratch/opt/mach5/mesos/work_dir/slaves/c4ee7e63-1ded-4e8c-9581-ce26f27e3af4-S37/frameworks/1735e8a2-a1db-478c-8104-60c8
Event: 0.727 Thread 0x00007fac105a2000 Exception <a 'java/lang/NoSuchMethodError'{0x00000006d50f9ca8}: java.lang.Object.lambda$and$0(Ljava/util/regex/Pattern$CharPredicate;I)Z> (0x00000006d50f9ca8) thrown at [/scratch/opt/mach5/mesos/work_dir/slaves/c4ee7e63-1ded-4e8c-9581-ce26f27e3af4-S37/fra
Event: 0.820 Thread 0x00007fac105a2000 Exception <a 'java/lang/NoSuchMethodError'{0x00000006d4e1c0d8}: java.lang.invoke.DirectMethodHandle$Holder.invokeStatic(Ljava/lang/Object;Ljava/lang/Object;Ljava/lang/Object;Ljava/lang/Object;Ljava/lang/Object;Ljava/lang/Object;Ljava/lang/Object;Ljava/lan
Event: 0.821 Thread 0x00007fac105a2000 Exception <a 'java/lang/NoSuchMethodError'{0x00000006d4e2a9b8}: java.lang.invoke.DirectMethodHandle$Holder.invokeStatic(Ljava/lang/Object;Ljava/lang/Object;Ljava/lang/Object;Ljava/lang/Object;Ljava/lang/Object;Ljava/lang/Object;Ljava/lang/Object;Ljava/lan
Event: 0.823 Thread 0x00007fac105a2000 Exception <a 'java/lang/NoSuchMethodError'{0x00000006d4e396b0}: method resolution failed> (0x00000006d4e396b0) thrown at [/scratch/opt/mach5/mesos/work_dir/slaves/c4ee7e63-1ded-4e8c-9581-ce26f27e3af4-S37/frameworks/1735e8a2-a1db-478c-8104-60c8b0af87dd-019
Event: 0.856 Thread 0x00007fac105a2000 Exception <a 'sun/nio/fs/UnixException'{0x00000006d4d1c590}> (0x00000006d4d1c590) thrown at [/scratch/opt/mach5/mesos/work_dir/slaves/c4ee7e63-1ded-4e8c-9581-ce26f27e3af4-S37/frameworks/1735e8a2-a1db-478c-8104-60c8b0af87dd-0196/executors/17c55b3f-1731-42a
Event: 0.857 Thread 0x00007fac105a2000 Exception <a 'sun/nio/fs/UnixException'{0x00000006d4d20ba0}> (0x00000006d4d20ba0) thrown at [/scratch/opt/mach5/mesos/work_dir/slaves/c4ee7e63-1ded-4e8c-9581-ce26f27e3af4-S37/frameworks/1735e8a2-a1db-478c-8104-60c8b0af87dd-0196/executors/17c55b3f-1731-42a
Event: 0.861 Thread 0x00007fac105a2000 Exception <a 'sun/nio/fs/UnixException'{0x00000006d4d500c8}> (0x00000006d4d500c8) thrown at [/scratch/opt/mach5/mesos/work_dir/slaves/c4ee7e63-1ded-4e8c-9581-ce26f27e3af4-S37/frameworks/1735e8a2-a1db-478c-8104-60c8b0af87dd-0196/executors/17c55b3f-1731-42a

Events (10 events):
Event: 0.854 loading class org/lwjgl/opengles/GLES$ICDStatic
Event: 0.854 loading class org/lwjgl/opengles/GLES$ICDStatic done
Event: 0.856 loading class java/nio/file/FileAlreadyExistsException
Event: 0.856 loading class java/nio/file/FileAlreadyExistsException done
Event: 0.857 loading class java/nio/file/StandardCopyOption
Event: 0.857 loading class java/nio/file/StandardCopyOption done
Event: 0.860 loading class org/lwjgl/opengles/GLES$2
Event: 0.860 loading class org/lwjgl/opengles/GLES$2 done
Event: 0.862 loading class org/lwjgl/opengles/GLES$1
Event: 0.862 loading class org/lwjgl/opengles/GLES$1 done


Dynamic libraries:
00400000-00401000 r-xp 00000000 08:06 1874338                            /usr/lib/jvm/open-jdk/bin/java
00600000-00601000 rw-p 00000000 08:06 1874338                            /usr/lib/jvm/open-jdk/bin/java
020cb000-020ec000 rw-p 00000000 00:00 0                                  [heap]
4079d000-4079f000 r-xs 00000000 08:06 4333036                            /tmp/.glLPmWbK (deleted)
40f01000-40fa2000 rw-p 00000000 00:00 0 
6c6a00000-6d6400000 rw-p 00000000 00:00 0 
6d6400000-7c0000000 ---p 00000000 00:00 0 
7c0000000-7c0120000 rw-p 00000000 00:00 0 
7c0120000-800000000 ---p 00000000 00:00 0 
7fab58000000-7fab5ab87000 rw-p 00000000 00:00 0 
7fab5ab87000-7fab5c000000 ---p 00000000 00:00 0 
7fab5c47e000-7fab5c690000 rw-p 00000000 00:00 0 
7fab5c690000-7fab5c716000 r-xp 00000000 08:06 534728                     /usr/lib/nvidia-384/libGLdispatch.so.0
7fab5c716000-7fab5c916000 ---p 00086000 08:06 534728                     /usr/lib/nvidia-384/libGLdispatch.so.0
7fab5c916000-7fab5c93e000 rw-p 00086000 08:06 534728                     /usr/lib/nvidia-384/libGLdispatch.so.0
7fab5c93e000-7fab5c95e000 rw-p 00000000 00:00 0 
7fab5c95e000-7fab5c96f000 r-xp 00000000 08:06 534726                     /usr/lib/nvidia-384/libGLESv2.so.2.1.0
7fab5c96f000-7fab5cb6f000 ---p 00011000 08:06 534726                     /usr/lib/nvidia-384/libGLESv2.so.2.1.0
7fab5cb6f000-7fab5cb72000 rw-p 00011000 08:06 534726                     /usr/lib/nvidia-384/libGLESv2.so.2.1.0
7fab5cba3000-7fab5cbc6000 r-xp 00000000 08:06 4333037                    /tmp/lwjglaurailus/3.1.6-build-14/liblwjgl_opengles.so
7fab5cbc6000-7fab5cdc6000 ---p 00023000 08:06 4333037                    /tmp/lwjglaurailus/3.1.6-build-14/liblwjgl_opengles.so
7fab5cdc6000-7fab5cdc7000 r--p 00023000 08:06 4333037                    /tmp/lwjglaurailus/3.1.6-build-14/liblwjgl_opengles.so
7fab5cdc7000-7fab5cdc8000 rw-p 00024000 08:06 4333037                    /tmp/lwjglaurailus/3.1.6-build-14/liblwjgl_opengles.so
7fab5cdc8000-7fab5ce48000 rw-p 00000000 00:00 0 
7fab5ce48000-7fab5cfc8000 ---p 00000000 00:00 0 
7fab5cfc8000-7fab5d1c8000 rw-p 00000000 00:00 0 
7fab5d1c8000-7fab5d233000 r-xp 00000000 08:06 4332990                    /tmp/lwjglaurailus/3.1.6-build-14/liblwjgl_opengl.so
7fab5d233000-7fab5d432000 ---p 0006b000 08:06 4332990                    /tmp/lwjglaurailus/3.1.6-build-14/liblwjgl_opengl.so
7fab5d432000-7fab5d433000 r--p 0006a000 08:06 4332990                    /tmp/lwjglaurailus/3.1.6-build-14/liblwjgl_opengl.so
7fab5d433000-7fab5d434000 rw-p 0006b000 08:06 4332990                    /tmp/lwjglaurailus/3.1.6-build-14/liblwjgl_opengl.so
7fab5d434000-7fab5d4b4000 rw-s 00000000 00:06 479                        /dev/nvidiactl
7fab5d4b4000-7fab5d534000 rw-s 00000000 00:06 479                        /dev/nvidiactl
7fab5d534000-7fab5d5b4000 rw-s 00000000 00:06 479                        /dev/nvidiactl
7fab5d5b4000-7fab5d6b4000 rw-s 00000000 00:06 479                        /dev/nvidiactl
7fab5d6b4000-7fab5d6f4000 rw-s 00000000 00:06 479                        /dev/nvidiactl
7fab5d6f4000-7fab5d7f9000 rw-s 00000000 00:06 479                        /dev/nvidiactl
7fab5d7f9000-7fab5ec96000 r-xp 00000000 08:06 534731                     /usr/lib/nvidia-384/libnvidia-glcore.so.384.130
7fab5ec96000-7fab5ecb7000 rwxp 0149d000 08:06 534731                     /usr/lib/nvidia-384/libnvidia-glcore.so.384.130
7fab5ecb7000-7fab5f099000 r-xp 014be000 08:06 534731                     /usr/lib/nvidia-384/libnvidia-glcore.so.384.130
7fab5f099000-7fab5f299000 ---p 018a0000 08:06 534731                     /usr/lib/nvidia-384/libnvidia-glcore.so.384.130
7fab5f299000-7fab5f69c000 rw-p 018a0000 08:06 534731                     /usr/lib/nvidia-384/libnvidia-glcore.so.384.130
7fab5f69c000-7fab5f6b5000 rw-p 00000000 00:00 0 
7fab5f6b5000-7fab5f6b8000 r-xp 00000000 08:06 534709                     /usr/lib/nvidia-384/tls/libnvidia-tls.so.384.130
7fab5f6b8000-7fab5f8b8000 ---p 00003000 08:06 534709                     /usr/lib/nvidia-384/tls/libnvidia-tls.so.384.130
7fab5f8b8000-7fab5f8b9000 rw-p 00003000 08:06 534709                     /usr/lib/nvidia-384/tls/libnvidia-tls.so.384.130
7fab5f8b9000-7fab5f984000 r-xp 00000000 08:06 534714                     /usr/lib/nvidia-384/libGL.so.384.130
7fab5f984000-7fab5f9b8000 rwxp 000cb000 08:06 534714                     /usr/lib/nvidia-384/libGL.so.384.130
7fab5f9b8000-7fab5f9cc000 r-xp 000ff000 08:06 534714                     /usr/lib/nvidia-384/libGL.so.384.130
7fab5f9cc000-7fab5fbcb000 ---p 00113000 08:06 534714                     /usr/lib/nvidia-384/libGL.so.384.130
7fab5fbcb000-7fab5fbf4000 rw-p 00112000 08:06 534714                     /usr/lib/nvidia-384/libGL.so.384.130
7fab5fbf4000-7fab5fbfb000 rw-p 00000000 00:00 0 
7fab5fbfb000-7fab5fbfc000 r-xp 00000000 08:06 271196                     /usr/lib/x86_64-linux-gnu/libX11-xcb.so.1.0.0
7fab5fbfc000-7fab5fdfb000 ---p 00001000 08:06 271196                     /usr/lib/x86_64-linux-gnu/libX11-xcb.so.1.0.0
7fab5fdfb000-7fab5fdfc000 r--p 00000000 08:06 271196                     /usr/lib/x86_64-linux-gnu/libX11-xcb.so.1.0.0
7fab5fdfc000-7fab5fdfd000 rw-p 00001000 08:06 271196                     /usr/lib/x86_64-linux-gnu/libX11-xcb.so.1.0.0
7fab5fdfd000-7fab5fdff000 r-xp 00000000 08:06 271225                     /usr/lib/x86_64-linux-gnu/libXinerama.so.1.0.0
7fab5fdff000-7fab5fffe000 ---p 00002000 08:06 271225                     /usr/lib/x86_64-linux-gnu/libXinerama.so.1.0.0
7fab5fffe000-7fab5ffff000 r--p 00001000 08:06 271225                     /usr/lib/x86_64-linux-gnu/libXinerama.so.1.0.0
7fab5ffff000-7fab60000000 rw-p 00002000 08:06 271225                     /usr/lib/x86_64-linux-gnu/libXinerama.so.1.0.0
7fab60000000-7fab60021000 rw-p 00000000 00:00 0 
7fab60021000-7fab64000000 ---p 00000000 00:00 0 
7fab64000000-7fab64021000 rw-p 00000000 00:00 0 
7fab64021000-7fab68000000 ---p 00000000 00:00 0 
7fab68000000-7fab68021000 rw-p 00000000 00:00 0 
7fab68021000-7fab6c000000 ---p 00000000 00:00 0 
7fab6c000000-7fab6c02f000 rw-p 00000000 00:00 0 
7fab6c02f000-7fab70000000 ---p 00000000 00:00 0 
7fab70000000-7fab70333000 rw-p 00000000 00:00 0 
7fab70333000-7fab74000000 ---p 00000000 00:00 0 
7fab74000000-7fab74021000 rw-p 00000000 00:00 0 
7fab74021000-7fab78000000 ---p 00000000 00:00 0 
7fab78000000-7fab78289000 rw-p 00000000 00:00 0 
7fab78289000-7fab7c000000 ---p 00000000 00:00 0 
7fab7c000000-7fab7c16a000 rw-p 00000000 00:00 0 
7fab7c16a000-7fab80000000 ---p 00000000 00:00 0 
7fab80000000-7fab80021000 rw-p 00000000 00:00 0 
7fab80021000-7fab84000000 ---p 00000000 00:00 0 
7fab84000000-7fab842b7000 rw-p 00000000 00:00 0 
7fab842b7000-7fab88000000 ---p 00000000 00:00 0 
7fab88000000-7fab88021000 rw-p 00000000 00:00 0 
7fab88021000-7fab8c000000 ---p 00000000 00:00 0 
7fab8c000000-7fab8c021000 rw-p 00000000 00:00 0 
7fab8c021000-7fab90000000 ---p 00000000 00:00 0 
7fab90000000-7fab90021000 rw-p 00000000 00:00 0 
7fab90021000-7fab94000000 ---p 00000000 00:00 0 
7fab94000000-7fab94021000 rw-p 00000000 00:00 0 
7fab94021000-7fab98000000 ---p 00000000 00:00 0 
7fab98016000-7fab9801b000 r-xp 00000000 08:06 271217                     /usr/lib/x86_64-linux-gnu/libXfixes.so.3.1.0
7fab9801b000-7fab9821a000 ---p 00005000 08:06 271217                     /usr/lib/x86_64-linux-gnu/libXfixes.so.3.1.0
7fab9821a000-7fab9821b000 r--p 00004000 08:06 271217                     /usr/lib/x86_64-linux-gnu/libXfixes.so.3.1.0
7fab9821b000-7fab9821c000 rw-p 00005000 08:06 271217                     /usr/lib/x86_64-linux-gnu/libXfixes.so.3.1.0
7fab9821c000-7fab98225000 r-xp 00000000 08:06 273295                     /usr/lib/x86_64-linux-gnu/libXcursor.so.1.0.2
7fab98225000-7fab98424000 ---p 00009000 08:06 273295                     /usr/lib/x86_64-linux-gnu/libXcursor.so.1.0.2
7fab98424000-7fab98425000 r--p 00008000 08:06 273295                     /usr/lib/x86_64-linux-gnu/libXcursor.so.1.0.2
7fab98425000-7fab98426000 rw-p 00009000 08:06 273295                     /usr/lib/x86_64-linux-gnu/libXcursor.so.1.0.2
7fab98426000-7fab9842f000 r-xp 00000000 08:06 271235                     /usr/lib/x86_64-linux-gnu/libXrender.so.1.3.0
7fab9842f000-7fab9862e000 ---p 00009000 08:06 271235                     /usr/lib/x86_64-linux-gnu/libXrender.so.1.3.0
7fab9862e000-7fab9862f000 r--p 00008000 08:06 271235                     /usr/lib/x86_64-linux-gnu/libXrender.so.1.3.0
7fab9862f000-7fab98630000 rw-p 00009000 08:06 271235                     /usr/lib/x86_64-linux-gnu/libXrender.so.1.3.0
7fab98630000-7fab9863a000 r-xp 00000000 08:06 271233                     /usr/lib/x86_64-linux-gnu/libXrandr.so.2.2.0
7fab9863a000-7fab98839000 ---p 0000a000 08:06 271233                     /usr/lib/x86_64-linux-gnu/libXrandr.so.2.2.0
7fab98839000-7fab9883a000 r--p 00009000 08:06 271233                     /usr/lib/x86_64-linux-gnu/libXrandr.so.2.2.0
7fab9883a000-7fab9883b000 rw-p 0000a000 08:06 271233                     /usr/lib/x86_64-linux-gnu/libXrandr.so.2.2.0
7fab9883b000-7fab9884a000 r-xp 00000000 08:06 271223                     /usr/lib/x86_64-linux-gnu/libXi.so.6.1.0
7fab9884a000-7fab98a49000 ---p 0000f000 08:06 271223                     /usr/lib/x86_64-linux-gnu/libXi.so.6.1.0
7fab98a49000-7fab98a4a000 r--p 0000e000 08:06 271223                     /usr/lib/x86_64-linux-gnu/libXi.so.6.1.0
7fab98a4a000-7fab98a4b000 rw-p 0000f000 08:06 271223                     /usr/lib/x86_64-linux-gnu/libXi.so.6.1.0
7fab98a4b000-7fab98a5c000 r-xp 00000000 08:06 271215                     /usr/lib/x86_64-linux-gnu/libXext.so.6.4.0
7fab98a5c000-7fab98c5b000 ---p 00011000 08:06 271215                     /usr/lib/x86_64-linux-gnu/libXext.so.6.4.0
7fab98c5b000-7fab98c5c000 r--p 00010000 08:06 271215                     /usr/lib/x86_64-linux-gnu/libXext.so.6.4.0
7fab98c5c000-7fab98c5d000 rw-p 00011000 08:06 271215                     /usr/lib/x86_64-linux-gnu/libXext.so.6.4.0
7fab98c5d000-7fab98c62000 r-xp 00000000 08:06 271251                     /usr/lib/x86_64-linux-gnu/libXxf86vm.so.1.0.0
7fab98c62000-7fab98e61000 ---p 00005000 08:06 271251                     /usr/lib/x86_64-linux-gnu/libXxf86vm.so.1.0.0
7fab98e61000-7fab98e62000 r--p 00004000 08:06 271251                     /usr/lib/x86_64-linux-gnu/libXxf86vm.so.1.0.0
7fab98e62000-7fab98e63000 rw-p 00005000 08:06 271251                     /usr/lib/x86_64-linux-gnu/libXxf86vm.so.1.0.0
7fab98e63000-7fab99063000 rw-p 00000000 00:00 0 
7fab99063000-7fab99068000 r-xp 00000000 08:06 271213                     /usr/lib/x86_64-linux-gnu/libXdmcp.so.6.0.0
7fab99068000-7fab99267000 ---p 00005000 08:06 271213                     /usr/lib/x86_64-linux-gnu/libXdmcp.so.6.0.0
7fab99267000-7fab99268000 r--p 00004000 08:06 271213                     /usr/lib/x86_64-linux-gnu/libXdmcp.so.6.0.0
7fab99268000-7fab99269000 rw-p 00005000 08:06 271213                     /usr/lib/x86_64-linux-gnu/libXdmcp.so.6.0.0
7fab99269000-7fab9926b000 r-xp 00000000 08:06 271202                     /usr/lib/x86_64-linux-gnu/libXau.so.6.0.0
7fab9926b000-7fab9946b000 ---p 00002000 08:06 271202                     /usr/lib/x86_64-linux-gnu/libXau.so.6.0.0
7fab9946b000-7fab9946c000 r--p 00002000 08:06 271202                     /usr/lib/x86_64-linux-gnu/libXau.so.6.0.0
7fab9946c000-7fab9946d000 rw-p 00003000 08:06 271202                     /usr/lib/x86_64-linux-gnu/libXau.so.6.0.0
7fab9946d000-7fab9948e000 r-xp 00000000 08:06 272426                     /usr/lib/x86_64-linux-gnu/libxcb.so.1.1.0
7fab9948e000-7fab9968d000 ---p 00021000 08:06 272426                     /usr/lib/x86_64-linux-gnu/libxcb.so.1.1.0
7fab9968d000-7fab9968e000 r--p 00020000 08:06 272426                     /usr/lib/x86_64-linux-gnu/libxcb.so.1.1.0
7fab9968e000-7fab9968f000 rw-p 00021000 08:06 272426                     /usr/lib/x86_64-linux-gnu/libxcb.so.1.1.0
7fab9968f000-7fab997c4000 r-xp 00000000 08:06 271198                     /usr/lib/x86_64-linux-gnu/libX11.so.6.3.0
7fab997c4000-7fab999c4000 ---p 00135000 08:06 271198                     /usr/lib/x86_64-linux-gnu/libX11.so.6.3.0
7fab999c4000-7fab999c5000 r--p 00135000 08:06 271198                     /usr/lib/x86_64-linux-gnu/libX11.so.6.3.0
7fab999c5000-7fab999c9000 rw-p 00136000 08:06 271198                     /usr/lib/x86_64-linux-gnu/libX11.so.6.3.0
7fab999c9000-7fab999ff000 r-xp 00000000 08:06 4332988                    /tmp/lwjglaurailus/3.1.6-build-14/libglfw.so
7fab999ff000-7fab99bfe000 ---p 00036000 08:06 4332988                    /tmp/lwjglaurailus/3.1.6-build-14/libglfw.so
7fab99bfe000-7fab99bff000 r--p 00035000 08:06 4332988                    /tmp/lwjglaurailus/3.1.6-build-14/libglfw.so
7fab99bff000-7fab99c00000 rw-p 00036000 08:06 4332988                    /tmp/lwjglaurailus/3.1.6-build-14/libglfw.so
7fab99c00000-7fab99c21000 rw-p 00000000 00:00 0 
7fab99c21000-7fab9a421000 rw-p 00000000 00:00 0 
7fab9a421000-7fab9a465000 r-xp 00000000 08:06 4332987                    /tmp/lwjglaurailus/3.1.6-build-14/libjemalloc.so
7fab9a465000-7fab9a665000 ---p 00044000 08:06 4332987                    /tmp/lwjglaurailus/3.1.6-build-14/libjemalloc.so
7fab9a665000-7fab9a66a000 r--p 00044000 08:06 4332987                    /tmp/lwjglaurailus/3.1.6-build-14/libjemalloc.so
7fab9a66a000-7fab9a66b000 rw-p 00049000 08:06 4332987                    /tmp/lwjglaurailus/3.1.6-build-14/libjemalloc.so
7fab9a66b000-7fab9a87a000 rw-p 00000000 00:00 0 
7fab9a87a000-7fab9a8ce000 r-xp 00000000 08:06 4332986                    /tmp/lwjglaurailus/3.1.6-build-14/liblwjgl.so
7fab9a8ce000-7fab9aace000 ---p 00054000 08:06 4332986                    /tmp/lwjglaurailus/3.1.6-build-14/liblwjgl.so
7fab9aace000-7fab9aacf000 r--p 00054000 08:06 4332986                    /tmp/lwjglaurailus/3.1.6-build-14/liblwjgl.so
7fab9aacf000-7fab9aad0000 rw-p 00055000 08:06 4332986                    /tmp/lwjglaurailus/3.1.6-build-14/liblwjgl.so
7fab9aad0000-7fab9aad4000 ---p 00000000 00:00 0 
7fab9aad4000-7fab9abd1000 rw-p 00000000 00:00 0 
7fab9abd1000-7fab9abd2000 r-xp 00000000 08:06 1986433                    /usr/lib/jvm/open-jdk/lib/libextnet.so
7fab9abd2000-7fab9add1000 ---p 00001000 08:06 1986433                    /usr/lib/jvm/open-jdk/lib/libextnet.so
7fab9add1000-7fab9add2000 rw-p 00000000 08:06 1986433                    /usr/lib/jvm/open-jdk/lib/libextnet.so
7fab9add2000-7fab9add3000 ---p 00000000 00:00 0 
7fab9add3000-7fab9aed3000 rw-p 00000000 00:00 0 
7fab9aed3000-7fab9aed7000 ---p 00000000 00:00 0 
7fab9aed7000-7fab9afd4000 rw-p 00000000 00:00 0 
7fab9afd4000-7fab9afd8000 ---p 00000000 00:00 0 
7fab9afd8000-7fab9b0d5000 rw-p 00000000 00:00 0 
7fab9b0d5000-7fab9b0eb000 r-xp 00000000 08:06 1986453                    /usr/lib/jvm/open-jdk/lib/libnet.so
7fab9b0eb000-7fab9b2eb000 ---p 00016000 08:06 1986453                    /usr/lib/jvm/open-jdk/lib/libnet.so
7fab9b2eb000-7fab9b2ec000 rw-p 00016000 08:06 1986453                    /usr/lib/jvm/open-jdk/lib/libnet.so
7fab9b2ec000-7fab9b2fc000 r-xp 00000000 08:06 1986454                    /usr/lib/jvm/open-jdk/lib/libnio.so
7fab9b2fc000-7fab9b4fc000 ---p 00010000 08:06 1986454                    /usr/lib/jvm/open-jdk/lib/libnio.so
7fab9b4fc000-7fab9b4fd000 rw-p 00010000 08:06 1986454                    /usr/lib/jvm/open-jdk/lib/libnio.so
7fab9b4fd000-7fab9b501000 ---p 00000000 00:00 0 
7fab9b501000-7fab9b5fe000 rw-p 00000000 00:00 0 
7fab9b5fe000-7fab9b602000 ---p 00000000 00:00 0 
7fab9b602000-7fab9b6ff000 rw-p 00000000 00:00 0 
7fab9b6ff000-7fab9b703000 ---p 00000000 00:00 0 
7fab9b703000-7fab9c000000 rw-p 00000000 00:00 0 
7fab9c000000-7fab9c021000 rw-p 00000000 00:00 0 
7fab9c021000-7faba0000000 ---p 00000000 00:00 0 
7faba0000000-7faba0021000 rw-p 00000000 00:00 0 
7faba0021000-7faba4000000 ---p 00000000 00:00 0 
7faba4000000-7faba4021000 rw-p 00000000 00:00 0 
7faba4021000-7faba8000000 ---p 00000000 00:00 0 
7faba8000000-7faba8021000 rw-p 00000000 00:00 0 
7faba8021000-7fabac000000 ---p 00000000 00:00 0 
7fabac000000-7fabac021000 rw-p 00000000 00:00 0 
7fabac021000-7fabb0000000 ---p 00000000 00:00 0 
7fabb0000000-7fabb0021000 rw-p 00000000 00:00 0 
7fabb0021000-7fabb4000000 ---p 00000000 00:00 0 
7fabb4000000-7fabb4021000 rw-p 00000000 00:00 0 
7fabb4021000-7fabb8000000 ---p 00000000 00:00 0 
7fabb8000000-7fabb8021000 rw-p 00000000 00:00 0 
7fabb8021000-7fabbc000000 ---p 00000000 00:00 0 
7fabbc000000-7fabbc021000 rw-p 00000000 00:00 0 
7fabbc021000-7fabc0000000 ---p 00000000 00:00 0 
7fabc0000000-7fabc0021000 rw-p 00000000 00:00 0 
7fabc0021000-7fabc4000000 ---p 00000000 00:00 0 
7fabc4000000-7fabc4021000 rw-p 00000000 00:00 0 
7fabc4021000-7fabc8000000 ---p 00000000 00:00 0 
7fabc801a000-7fabc802d000 rw-s 00000000 00:06 479                        /dev/nvidiactl
7fabc802d000-7fabc804d000 rw-s 00000000 00:06 479                        /dev/nvidiactl
7fabc804d000-7fabc8051000 ---p 00000000 00:00 0 
7fabc8051000-7fabc814e000 rw-p 00000000 00:00 0 
7fabc814e000-7fabc8152000 ---p 00000000 00:00 0 
7fabc8152000-7fabc824f000 rw-p 00000000 00:00 0 
7fabc824f000-7fabc8253000 ---p 00000000 00:00 0 
7fabc8253000-7fabc8738000 rw-p 00000000 00:00 0 
7fabc8738000-7fabcc1a8000 ---p 00000000 00:00 0 
7fabcc1a8000-7fabcc590000 rw-p 00000000 00:00 0 
7fabcc590000-7fabd0000000 ---p 00000000 00:00 0 
7fabd0000000-7fabd0021000 rw-p 00000000 00:00 0 
7fabd0021000-7fabd4000000 ---p 00000000 00:00 0 
7fabd4008000-7fabd4048000 rw-s 00000000 00:06 479                        /dev/nvidiactl
7fabd4048000-7fabd404c000 ---p 00000000 00:00 0 
7fabd404c000-7fabd4149000 rw-p 00000000 00:00 0 
7fabd4149000-7fabd4421000 r--p 00000000 08:06 264002                     /usr/lib/locale/locale-archive
7fabd4421000-7fabd4425000 ---p 00000000 00:00 0 
7fabd4425000-7fabd4522000 rw-p 00000000 00:00 0 
7fabd4522000-7fabd4526000 ---p 00000000 00:00 0 
7fabd4526000-7fabd4623000 rw-p 00000000 00:00 0 
7fabd4623000-7fabd4624000 ---p 00000000 00:00 0 
7fabd4624000-7fabd4724000 rw-p 00000000 00:00 0 
7fabd4724000-7fabd4725000 ---p 00000000 00:00 0 
7fabd4725000-7fabd4825000 rw-p 00000000 00:00 0 
7fabd4825000-7fabd4826000 ---p 00000000 00:00 0 
7fabd4826000-7fabd4926000 rw-p 00000000 00:00 0 
7fabd4926000-7fabd4927000 ---p 00000000 00:00 0 
7fabd4927000-7fabd4a27000 rw-p 00000000 00:00 0 
7fabd4a27000-7fabd4a28000 ---p 00000000 00:00 0 
7fabd4a28000-7fabd4b28000 rw-p 00000000 00:00 0 
7fabd4b28000-7fabd4b29000 ---p 00000000 00:00 0 
7fabd4b29000-7fabd4c29000 rw-p 00000000 00:00 0 
7fabd4c29000-7fabd4c2a000 ---p 00000000 00:00 0 
7fabd4c2a000-7fabd4d2a000 rw-p 00000000 00:00 0 
7fabd4d2a000-7fabd4d2b000 ---p 00000000 00:00 0 
7fabd4d2b000-7fabd4e2b000 rw-p 00000000 00:00 0 
7fabd4e2b000-7fabd4e2c000 ---p 00000000 00:00 0 
7fabd4e2c000-7fabd4f2c000 rw-p 00000000 00:00 0 
7fabd4f2c000-7fabd4f2d000 ---p 00000000 00:00 0 
7fabd4f2d000-7fabd78b2000 rw-p 00000000 00:00 0 
7fabd78b2000-7fabd8000000 ---p 00000000 00:00 0 
7fabd8000000-7fabd8021000 rw-p 00000000 00:00 0 
7fabd8021000-7fabdc000000 ---p 00000000 00:00 0 
7fabdc000000-7fabdc021000 rw-p 00000000 00:00 0 
7fabdc021000-7fabe0000000 ---p 00000000 00:00 0 
7fabe0000000-7fabe0021000 rw-p 00000000 00:00 0 
7fabe0021000-7fabe4000000 ---p 00000000 00:00 0 
7fabe4000000-7fabe4021000 rw-p 00000000 00:00 0 
7fabe4021000-7fabe8000000 ---p 00000000 00:00 0 
7fabe8000000-7fabe8021000 rw-p 00000000 00:00 0 
7fabe8021000-7fabec000000 ---p 00000000 00:00 0 
7fabec000000-7fabec021000 rw-p 00000000 00:00 0 
7fabec021000-7fabf0000000 ---p 00000000 00:00 0 
7fabf0000000-7fabf0021000 rw-p 00000000 00:00 0 
7fabf0021000-7fabf4000000 ---p 00000000 00:00 0 
7fabf4003000-7fabf40ed000 rw-p 00000000 00:00 0 
7fabf40ed000-7fabf40ee000 ---p 00000000 00:00 0 
7fabf40ee000-7fabf41ee000 rw-p 00000000 00:00 0 
7fabf41ee000-7fabf41ef000 ---p 00000000 00:00 0 
7fabf41ef000-7fabf42ef000 rw-p 00000000 00:00 0 
7fabf42ef000-7fabf42f0000 ---p 00000000 00:00 0 
7fabf42f0000-7fabf4567000 rw-p 00000000 00:00 0 
7fabf4567000-7fabf4cb5000 ---p 00000000 00:00 0 
7fabf4cb5000-7fabf4d32000 rw-p 00000000 00:00 0 
7fabf4d32000-7fabf5480000 ---p 00000000 00:00 0 
7fabf5480000-7fabf5c88000 rw-p 00000000 00:00 0 
7fabf5c88000-7fabf5c89000 ---p 00000000 00:00 0 
7fabf5c89000-7fabf5d89000 rw-p 00000000 00:00 0 
7fabf5d89000-7fabf5d8a000 ---p 00000000 00:00 0 
7fabf5d8a000-7fabf5e8a000 rw-p 00000000 00:00 0 
7fabf5e8a000-7fabf5e8b000 ---p 00000000 00:00 0 
7fabf5e8b000-7fabf5f8b000 rw-p 00000000 00:00 0 
7fabf5f8b000-7fabf5f8c000 ---p 00000000 00:00 0 
7fabf5f8c000-7fabf608c000 rw-p 00000000 00:00 0 
7fabf608c000-7fabf608d000 ---p 00000000 00:00 0 
7fabf608d000-7fabf618d000 rw-p 00000000 00:00 0 
7fabf618d000-7fabf618e000 ---p 00000000 00:00 0 
7fabf618e000-7fabf628e000 rw-p 00000000 00:00 0 
7fabf628e000-7fabf628f000 ---p 00000000 00:00 0 
7fabf628f000-7fabf638f000 rw-p 00000000 00:00 0 
7fabf638f000-7fabf6390000 ---p 00000000 00:00 0 
7fabf6390000-7fabf6495000 rw-p 00000000 00:00 0 
7fabf6495000-7fabf657b000 ---p 00000000 00:00 0 
7fabf657b000-7fabf6580000 rw-p 00000000 00:00 0 
7fabf6580000-7fabf6666000 ---p 00000000 00:00 0 
7fabf6666000-7fabf68d6000 rwxp 00000000 00:00 0 
7fabf68d6000-7fabf6bf7000 ---p 00000000 00:00 0 
7fabf6bf7000-7fabf6e67000 rwxp 00000000 00:00 0 
7fabf6e67000-7fabfe12e000 ---p 00000000 00:00 0 
7fabfe12e000-7fabfe39e000 rwxp 00000000 00:00 0 
7fabfe39e000-7fac05666000 ---p 00000000 00:00 0 
7fac05666000-7fac0eb40000 r--s 00000000 08:06 1986464                    /usr/lib/jvm/open-jdk/lib/modules
7fac0eb40000-7fac0eb5a000 r-xp 00000000 08:06 1986444                    /usr/lib/jvm/open-jdk/lib/libjimage.so
7fac0eb5a000-7fac0ed59000 ---p 0001a000 08:06 1986444                    /usr/lib/jvm/open-jdk/lib/libjimage.so
7fac0ed59000-7fac0ed5b000 rw-p 00019000 08:06 1986444                    /usr/lib/jvm/open-jdk/lib/libjimage.so
7fac0ed5b000-7fac0ed6d000 rw-p 00000000 00:00 0 
7fac0ed6d000-7fac0ed74000 r-xp 00000000 08:06 1986463                    /usr/lib/jvm/open-jdk/lib/libzip.so
7fac0ed74000-7fac0ef73000 ---p 00007000 08:06 1986463                    /usr/lib/jvm/open-jdk/lib/libzip.so
7fac0ef73000-7fac0ef74000 rw-p 00006000 08:06 1986463                    /usr/lib/jvm/open-jdk/lib/libzip.so
7fac0ef74000-7fac0ef7f000 r-xp 00000000 08:06 4203095                    /lib/x86_64-linux-gnu/libnss_files-2.23.so
7fac0ef7f000-7fac0f17e000 ---p 0000b000 08:06 4203095                    /lib/x86_64-linux-gnu/libnss_files-2.23.so
7fac0f17e000-7fac0f17f000 r--p 0000a000 08:06 4203095                    /lib/x86_64-linux-gnu/libnss_files-2.23.so
7fac0f17f000-7fac0f180000 rw-p 0000b000 08:06 4203095                    /lib/x86_64-linux-gnu/libnss_files-2.23.so
7fac0f180000-7fac0f186000 rw-p 00000000 00:00 0 
7fac0f186000-7fac0f191000 r-xp 00000000 08:06 4203104                    /lib/x86_64-linux-gnu/libnss_nis-2.23.so
7fac0f191000-7fac0f390000 ---p 0000b000 08:06 4203104                    /lib/x86_64-linux-gnu/libnss_nis-2.23.so
7fac0f390000-7fac0f391000 r--p 0000a000 08:06 4203104                    /lib/x86_64-linux-gnu/libnss_nis-2.23.so
7fac0f391000-7fac0f392000 rw-p 0000b000 08:06 4203104                    /lib/x86_64-linux-gnu/libnss_nis-2.23.so
7fac0f392000-7fac0f3a8000 r-xp 00000000 08:06 4196069                    /lib/x86_64-linux-gnu/libnsl-2.23.so
7fac0f3a8000-7fac0f5a7000 ---p 00016000 08:06 4196069                    /lib/x86_64-linux-gnu/libnsl-2.23.so
7fac0f5a7000-7fac0f5a8000 r--p 00015000 08:06 4196069                    /lib/x86_64-linux-gnu/libnsl-2.23.so
7fac0f5a8000-7fac0f5a9000 rw-p 00016000 08:06 4196069                    /lib/x86_64-linux-gnu/libnsl-2.23.so
7fac0f5a9000-7fac0f5ab000 rw-p 00000000 00:00 0 
7fac0f5ab000-7fac0f5b3000 r-xp 00000000 08:06 4203082                    /lib/x86_64-linux-gnu/libnss_compat-2.23.so
7fac0f5b3000-7fac0f7b2000 ---p 00008000 08:06 4203082                    /lib/x86_64-linux-gnu/libnss_compat-2.23.so
7fac0f7b2000-7fac0f7b3000 r--p 00007000 08:06 4203082                    /lib/x86_64-linux-gnu/libnss_compat-2.23.so
7fac0f7b3000-7fac0f7b4000 rw-p 00008000 08:06 4203082                    /lib/x86_64-linux-gnu/libnss_compat-2.23.so
7fac0f7b4000-7fac0f7be000 r-xp 00000000 08:06 1986435                    /usr/lib/jvm/open-jdk/lib/libinstrument.so
7fac0f7be000-7fac0f9bd000 ---p 0000a000 08:06 1986435                    /usr/lib/jvm/open-jdk/lib/libinstrument.so
7fac0f9bd000-7fac0f9be000 rw-p 00009000 08:06 1986435                    /usr/lib/jvm/open-jdk/lib/libinstrument.so
7fac0f9be000-7fac0f9e8000 r-xp 00000000 08:06 1986440                    /usr/lib/jvm/open-jdk/lib/libjava.so
7fac0f9e8000-7fac0fbe8000 ---p 0002a000 08:06 1986440                    /usr/lib/jvm/open-jdk/lib/libjava.so
7fac0fbe8000-7fac0fbea000 rw-p 0002a000 08:06 1986440                    /usr/lib/jvm/open-jdk/lib/libjava.so
7fac0fbea000-7fac0fbf7000 r-xp 00000000 08:06 1986462                    /usr/lib/jvm/open-jdk/lib/libverify.so
7fac0fbf7000-7fac0fdf6000 ---p 0000d000 08:06 1986462                    /usr/lib/jvm/open-jdk/lib/libverify.so
7fac0fdf6000-7fac0fdf8000 rw-p 0000c000 08:06 1986462                    /usr/lib/jvm/open-jdk/lib/libverify.so
7fac0fdf8000-7fac0fdff000 r-xp 00000000 08:06 4203106                    /lib/x86_64-linux-gnu/librt-2.23.so
7fac0fdff000-7fac0fffe000 ---p 00007000 08:06 4203106                    /lib/x86_64-linux-gnu/librt-2.23.so
7fac0fffe000-7fac0ffff000 r--p 00006000 08:06 4203106                    /lib/x86_64-linux-gnu/librt-2.23.so
7fac0ffff000-7fac10000000 rw-p 00007000 08:06 4203106                    /lib/x86_64-linux-gnu/librt-2.23.so
7fac10000000-7fac108f3000 rw-p 00000000 00:00 0 
7fac108f3000-7fac14000000 ---p 00000000 00:00 0 
7fac14003000-7fac14013000 rw-s 00000000 00:06 480                        /dev/nvidia0
7fac14013000-7fac14053000 rw-s 00000000 00:06 479                        /dev/nvidiactl
7fac14053000-7fac140ae000 rw-p 00000000 00:00 0 
7fac140ae000-7fac141b6000 r-xp 00000000 08:06 4196042                    /lib/x86_64-linux-gnu/libm-2.23.so
7fac141b6000-7fac143b5000 ---p 00108000 08:06 4196042                    /lib/x86_64-linux-gnu/libm-2.23.so
7fac143b5000-7fac143b6000 r--p 00107000 08:06 4196042                    /lib/x86_64-linux-gnu/libm-2.23.so
7fac143b6000-7fac143b7000 rw-p 00108000 08:06 4196042                    /lib/x86_64-linux-gnu/libm-2.23.so
7fac143b7000-7fac153c7000 r-xp 00000000 08:06 1986472                    /usr/lib/jvm/open-jdk/lib/server/libjvm.so
7fac153c7000-7fac155c6000 ---p 01010000 08:06 1986472                    /usr/lib/jvm/open-jdk/lib/server/libjvm.so
7fac155c6000-7fac156a3000 r--p 0100f000 08:06 1986472                    /usr/lib/jvm/open-jdk/lib/server/libjvm.so
7fac156a3000-7fac156dc000 rw-p 010ec000 08:06 1986472                    /usr/lib/jvm/open-jdk/lib/server/libjvm.so
7fac156dc000-7fac15739000 rw-p 00000000 00:00 0 
7fac15739000-7fac158f9000 r-xp 00000000 08:06 4196084                    /lib/x86_64-linux-gnu/libc-2.23.so
7fac158f9000-7fac15af9000 ---p 001c0000 08:06 4196084                    /lib/x86_64-linux-gnu/libc-2.23.so
7fac15af9000-7fac15afd000 r--p 001c0000 08:06 4196084                    /lib/x86_64-linux-gnu/libc-2.23.so
7fac15afd000-7fac15aff000 rw-p 001c4000 08:06 4196084                    /lib/x86_64-linux-gnu/libc-2.23.so
7fac15aff000-7fac15b03000 rw-p 00000000 00:00 0 
7fac15b03000-7fac15b06000 r-xp 00000000 08:06 4203071                    /lib/x86_64-linux-gnu/libdl-2.23.so
7fac15b06000-7fac15d05000 ---p 00003000 08:06 4203071                    /lib/x86_64-linux-gnu/libdl-2.23.so
7fac15d05000-7fac15d06000 r--p 00002000 08:06 4203071                    /lib/x86_64-linux-gnu/libdl-2.23.so
7fac15d06000-7fac15d07000 rw-p 00003000 08:06 4203071                    /lib/x86_64-linux-gnu/libdl-2.23.so
7fac15d07000-7fac15d15000 r-xp 00000000 08:06 1986425                    /usr/lib/jvm/open-jdk/lib/jli/libjli.so
7fac15d15000-7fac15f15000 ---p 0000e000 08:06 1986425                    /usr/lib/jvm/open-jdk/lib/jli/libjli.so
7fac15f15000-7fac15f16000 rw-p 0000e000 08:06 1986425                    /usr/lib/jvm/open-jdk/lib/jli/libjli.so
7fac15f16000-7fac15f2e000 r-xp 00000000 08:06 4196083                    /lib/x86_64-linux-gnu/libpthread-2.23.so
7fac15f2e000-7fac1612d000 ---p 00018000 08:06 4196083                    /lib/x86_64-linux-gnu/libpthread-2.23.so
7fac1612d000-7fac1612e000 r--p 00017000 08:06 4196083                    /lib/x86_64-linux-gnu/libpthread-2.23.so
7fac1612e000-7fac1612f000 rw-p 00018000 08:06 4196083                    /lib/x86_64-linux-gnu/libpthread-2.23.so
7fac1612f000-7fac16133000 rw-p 00000000 00:00 0 
7fac16133000-7fac1614c000 r-xp 00000000 08:06 556371                     /usr/local/lib/libz.so.1.2.8
7fac1614c000-7fac1634b000 ---p 00019000 08:06 556371                     /usr/local/lib/libz.so.1.2.8
7fac1634b000-7fac1634c000 r--p 00018000 08:06 556371                     /usr/local/lib/libz.so.1.2.8
7fac1634c000-7fac1634d000 rw-p 00019000 08:06 556371                     /usr/local/lib/libz.so.1.2.8
7fac1634d000-7fac16373000 r-xp 00000000 08:06 4196078                    /lib/x86_64-linux-gnu/ld-2.23.so
7fac16376000-7fac16396000 rw-s 00000000 00:06 479                        /dev/nvidiactl
7fac16396000-7fac163b6000 rw-s 00000000 00:06 479                        /dev/nvidiactl
7fac163b6000-7fac1643b000 rw-p 00000000 00:00 0 
7fac1643b000-7fac1643f000 ---p 00000000 00:00 0 
7fac1643f000-7fac16541000 rw-p 00000000 00:00 0 
7fac16543000-7fac16548000 r-xp 00000000 00:00 0 
7fac16548000-7fac1654a000 rw-s 00000000 08:06 4333036                    /tmp/.glLPmWbK (deleted)
7fac1654a000-7fac1654b000 rw-s 00000000 00:06 479                        /dev/nvidiactl
7fac1654b000-7fac1654f000 rw-s 00000000 00:06 479                        /dev/nvidiactl
7fac1654f000-7fac16550000 rw-s 00000000 00:06 480                        /dev/nvidia0
7fac16550000-7fac16551000 rw-s 00000000 00:06 480                        /dev/nvidia0
7fac16551000-7fac16552000 rw-s 00000000 00:06 480                        /dev/nvidia0
7fac16552000-7fac16553000 rw-s 00000000 00:06 479                        /dev/nvidiactl
7fac16553000-7fac1655a000 r--s 00000000 08:06 409725                     /usr/lib/x86_64-linux-gnu/gconv/gconv-modules.cache
7fac1655a000-7fac1655b000 r-xp 00000000 00:00 0 
7fac1655b000-7fac16561000 rw-p 00000000 00:00 0 
7fac16561000-7fac16568000 ---p 00000000 00:00 0 
7fac16568000-7fac16570000 rw-s 00000000 08:06 4333035                    /tmp/hsperfdata_aurailus/4963
7fac16570000-7fac16571000 ---p 00000000 00:00 0 
7fac16571000-7fac16572000 r--p 00000000 00:00 0 
7fac16572000-7fac16573000 r--p 00025000 08:06 4196078                    /lib/x86_64-linux-gnu/ld-2.23.so
7fac16573000-7fac16574000 rw-p 00026000 08:06 4196078                    /lib/x86_64-linux-gnu/ld-2.23.so
7fac16574000-7fac16575000 rw-p 00000000 00:00 0 
7ffdef0fe000-7ffdef120000 rw-p 00000000 00:00 0                          [stack]
7ffdef17d000-7ffdef180000 r--p 00000000 00:00 0                          [vvar]
7ffdef180000-7ffdef182000 r-xp 00000000 00:00 0                          [vdso]
ffffffffff600000-ffffffffff601000 r-xp 00000000 00:00 0                  [vsyscall]


VM Arguments:
jvm_args: -javaagent:/opt/user-applications/idea/lib/idea_rt.jar=35805:/opt/user-applications/idea/bin -Dfile.encoding=UTF-8 
java_command: Zeus.game.Main
java_class_path (initial): /home/aurailus/IdeaProjects/Zeus/target/classes:/home/aurailus/.m2/repository/org/l33tlabs/twl/pngdecoder/1.0/pngdecoder-1.0.jar:/home/aurailus/.m2/repository/org/joml/joml/1.9.9/joml-1.9.9.jar:/home/aurailus/.m2/repository/org/lwjgl/lwjgl/3.1.6/lwjgl-3.1.6.jar:/home/aurailus/.m2/repository/org/lwjgl/lwjgl-assimp/3.1.6/lwjgl-assimp-3.1.6.jar:/home/aurailus/.m2/repository/org/lwjgl/lwjgl-bgfx/3.1.6/lwjgl-bgfx-3.1.6.jar:/home/aurailus/.m2/repository/org/lwjgl/lwjgl-egl/3.1.6/lwjgl-egl-3.1.6.jar:/home/aurailus/.m2/repository/org/lwjgl/lwjgl-glfw/3.1.6/lwjgl-glfw-3.1.6.jar:/home/aurailus/.m2/repository/org/lwjgl/lwjgl-jawt/3.1.6/lwjgl-jawt-3.1.6.jar:/home/aurailus/.m2/repository/org/lwjgl/lwjgl-jemalloc/3.1.6/lwjgl-jemalloc-3.1.6.jar:/home/aurailus/.m2/repository/org/lwjgl/lwjgl-lmdb/3.1.6/lwjgl-lmdb-3.1.6.jar:/home/aurailus/.m2/repository/org/lwjgl/lwjgl-lz4/3.1.6/lwjgl-lz4-3.1.6.jar:/home/aurailus/.m2/repository/org/lwjgl/lwjgl-nanovg/3.1.6/lwjgl-nanovg-3.1.6.jar:/home/aurailus/.m2/repository/org/lwjgl/lwjgl-nfd/3.1.6/lwjgl-nfd-3.1.6.jar:/home/aurailus/.m2/repository/org/lwjgl/lwjgl-nuklear/3.1.6/lwjgl-nuklear-3.1.6.jar:/home/aurailus/.m2/repository/org/lwjgl/lwjgl-odbc/3.1.6/lwjgl-odbc-3.1.6.jar:/home/aurailus/.m2/repository/org/lwjgl/lwjgl-openal/3.1.6/lwjgl-openal-3.1.6.jar:/home/aurailus/.m2/repository/org/lwjgl/lwjgl-opencl/3.1.6/lwjgl-opencl-3.1.6.jar:/home/aurailus/.m2/repository/org/lwjgl/lwjgl-opengl/3.1.6/lwjgl-opengl-3.1.6.jar:/home/aurailus/.m2/repository/org/lwjgl/lwjgl-opengles/3.1.6/lwjgl-opengles-3.1.6.jar:/home/aurailus/.m2/repository/org/lwjgl/lwjgl-openvr/3.1.6/lwjgl-openvr-3.1.6.jar:/home/aurailus/.m2/repository/org/lwjgl/lwjgl-ovr/3.1.6/lwjgl-ovr-3.1.6.jar:/home/aurailus/.m2/repository/org/lwjgl/lwjgl-par/3.1.6/lwjgl-par-3.1.6.jar:/home/aurailus/.m2/repository/org/lwjgl/lwjgl-remotery/3.1.6/lwjgl-remotery-3.1.6.jar:/home/aurailus/.m2/repository/org/lwjgl/lwjgl-rpmalloc/3.1.6/lwjgl-rpmalloc-3.1.6.jar:/home/aurailus/.m2/
Launcher Type: SUN_STANDARD

Logging:
Log output configuration:
#0: stdout all=warning uptime,level,tags
#1: stderr all=off uptime,level,tags

Environment Variables:
JAVA_HOME=/usr/lib/jvm/java-8-oracle
PATH=/home/aurailus/bin:/home/aurailus/.local/bin:/usr/local/sbin:/usr/local/bin:/usr/sbin:/usr/bin:/sbin:/bin:/usr/games:/usr/local/games:/snap/bin:/usr/lib/jvm/java-8-oracle/bin:/usr/lib/jvm/java-8-oracle/db/bin:/usr/lib/jvm/java-8-oracle/jre/bin
SHELL=/bin/bash
DISPLAY=:0.0

Signal Handlers:
SIGSEGV: [libjvm.so+0xd3d050], sa_mask[0]=11111111011111111101111111111110, sa_flags=SA_RESTART|SA_SIGINFO
SIGBUS: [libjvm.so+0xd3d050], sa_mask[0]=11111111011111111101111111111110, sa_flags=SA_RESTART|SA_SIGINFO
SIGFPE: [libjvm.so+0xd3d050], sa_mask[0]=11111111011111111101111111111110, sa_flags=SA_RESTART|SA_SIGINFO
SIGPIPE: [libjvm.so+0xb51210], sa_mask[0]=11111111011111111101111111111110, sa_flags=SA_RESTART|SA_SIGINFO
SIGXFSZ: [libjvm.so+0xb51210], sa_mask[0]=11111111011111111101111111111110, sa_flags=SA_RESTART|SA_SIGINFO
SIGILL: [libjvm.so+0xd3d050], sa_mask[0]=11111111011111111101111111111110, sa_flags=SA_RESTART|SA_SIGINFO
SIGUSR2: [libjvm.so+0xb515a0], sa_mask[0]=00100000000000000000000000000000, sa_flags=SA_RESTART|SA_SIGINFO
SIGHUP: SIG_IGN, sa_mask[0]=00000000000000000000000000000000, sa_flags=none
SIGINT: [libjvm.so+0xb51530], sa_mask[0]=11111111011111111101111111111110, sa_flags=SA_RESTART|SA_SIGINFO
SIGTERM: [libjvm.so+0xb51530], sa_mask[0]=11111111011111111101111111111110, sa_flags=SA_RESTART|SA_SIGINFO
SIGQUIT: [libjvm.so+0xb51530], sa_mask[0]=11111111011111111101111111111110, sa_flags=SA_RESTART|SA_SIGINFO


---------------  S Y S T E M  ---------------

OS:DISTRIB_ID=Ubuntu
DISTRIB_RELEASE=16.04
DISTRIB_CODENAME=xenial
DISTRIB_DESCRIPTION="Ubuntu 16.04.4 LTS"
uname:Linux 4.13.0-45-generic #50~16.04.1-Ubuntu SMP Wed May 30 11:18:27 UTC 2018 x86_64
libc:glibc 2.23 NPTL 2.23 
rlimit: STACK 8192k, CORE 0k, NPROC 62716, NOFILE 1048576, AS infinity, DATA infinity, FSIZE infinity
load average:0.99 1.19 1.38

/proc/meminfo:
MemTotal:       16338456 kB
MemFree:         1744032 kB
MemAvailable:   10154392 kB
Buffers:         1009848 kB
Cached:          6788764 kB
SwapCached:        54972 kB
Active:          8424384 kB
Inactive:        4351300 kB
Active(anon):    4938408 kB
Inactive(anon):   462076 kB
Active(file):    3485976 kB
Inactive(file):  3889224 kB
Unevictable:          64 kB
Mlocked:              64 kB
SwapTotal:       3949564 kB
SwapFree:        3486716 kB
Dirty:              6912 kB
Writeback:             0 kB
AnonPages:       4955112 kB
Mapped:           982444 kB
Shmem:            423388 kB
Slab:            1505588 kB
SReclaimable:    1372284 kB
SUnreclaim:       133304 kB
KernelStack:       18016 kB
PageTables:        70320 kB
NFS_Unstable:          0 kB
Bounce:                0 kB
WritebackTmp:          0 kB
CommitLimit:    12118792 kB
Committed_AS:   14340264 kB
VmallocTotal:   34359738367 kB
VmallocUsed:           0 kB
VmallocChunk:          0 kB
HardwareCorrupted:     0 kB
AnonHugePages:         0 kB
ShmemHugePages:        0 kB
ShmemPmdMapped:        0 kB
CmaTotal:              0 kB
CmaFree:               0 kB
HugePages_Total:       0
HugePages_Free:        0
HugePages_Rsvd:        0
HugePages_Surp:        0
Hugepagesize:       2048 kB
DirectMap4k:      644472 kB
DirectMap2M:    16046080 kB
DirectMap1G:           0 kB

container (cgroup) information:
container_type: cgroupv1
cpu_cpuset_cpus: 0-7
cpu_memory_nodes: 0
active_processor_count: 8
cpu_quota: -1
cpu_period: 100000
cpu_shares: -1
memory_limit_in_bytes: -1
memory_and_swap_limit_in_bytes: -2
memory_soft_limit_in_bytes: -1
memory_usage_in_bytes: 13063610368
memory_max_usage_in_bytes: 0


CPU:total 8 (initial active 8) (4 cores per cpu, 2 threads per core) family 6 model 60 stepping 3, cmov, cx8, fxsr, mmx, sse, sse2, sse3, ssse3, sse4.1, sse4.2, popcnt, avx, avx2, aes, clmul, erms, lzcnt, ht, tsc, tscinvbit, bmi1, bmi2, fma
CPU Model and flags from /proc/cpuinfo:
model name	: Intel(R) Core(TM) i7-4770 CPU @ 3.40GHz
flags		: fpu vme de pse tsc msr pae mce cx8 apic sep mtrr pge mca cmov pat pse36 clflush dts acpi mmx fxsr sse sse2 ss ht tm pbe syscall nx pdpe1gb rdtscp lm constant_tsc arch_perfmon pebs bts rep_good nopl xtopology nonstop_tsc cpuid aperfmperf pni pclmulqdq dtes64 monitor ds_cpl vmx smx est tm2 ssse3 sdbg fma cx16 xtpr pdcm pcid sse4_1 sse4_2 x2apic movbe popcnt tsc_deadline_timer aes xsave avx f16c rdrand lahf_lm abm cpuid_fault epb invpcid_single pti retpoline spec_ctrl tpr_shadow vnmi flexpriority ept vpid fsgsbase tsc_adjust bmi1 avx2 smep bmi2 erms invpcid xsaveopt dtherm ida arat pln pts

Memory: 4k page, physical 16338456k(1744032k free), swap 3949564k(3486716k free)

vm_info: OpenJDK 64-Bit Server VM (10.0.2+13) for linux-amd64 JRE (10.0.2+13), built on Jun 27 2018 17:52:12 by "mach5one" with gcc 4.9.2

END.
